# Server version 0.08 running on 142.157.21.24:8123
# Game ID: 1121
# Board class: pentago_swap.PentagoBoard
# Timeout: 2000
# First Move Timeout: 30000
# Date: Sun Apr 21 12:31:01 EDT 2019
# Player 1: Player-0, '260726872', running on 142.157.21.24
# Player 2: Player-1, 'Human', running on 142.157.21.24
START Player-0 260726872
START Player-1 Human
1 1 TL TR 0
4 4 BL TL 1
1 1 TL TR 0
4 1 BL TR 1
2 3 BL BR 0
5 3 BR TR 1
5 0 TL TR 0
2 2 TL BL 1
0 4 TR BR 0
2 4 TR BL 1
2 4 TL BL 0
0 4 TR BL 1
5 4 TR BL 0
GAMEOVER WINNER 0
# Game ended: Sun Apr 21 12:33:26 EDT 2019
