# Server version 0.08 running on 192.168.2.12:8123
# Game ID: 900
# Board class: pentago_swap.PentagoBoard
# Timeout: 2000
# First Move Timeout: 30000
# Date: Wed Apr 10 08:45:40 EDT 2019
# Player 1: Player-0, '760726872', running on 192.168.2.12
# Player 2: Player-1, '660726872', running on 192.168.2.12
START Player-0 760726872
START Player-1 660726872
1 1 TL TR 0
1 1 TL TR 1
4 1 TL TR 0
4 4 TL TR 1
0 0 TL TR 0
0 2 TR BL 1
0 4 TL BL 0
5 3 TR BR 1
5 3 BL BR 0
0 1 BL BR 1
2 0 TL TR 0
0 0 TL TR 1
0 2 BL BR 0
0 4 BL BR 1
5 1 TR BR 0
0 3 TR BR 1
2 1 TL BR 0
0 5 TL BR 1
GAMEOVER WINNER 1
# Game ended: Wed Apr 10 08:45:46 EDT 2019
