# Server version 0.08 running on 192.168.2.12:8123
# Game ID: 472
# Board class: pentago_swap.PentagoBoard
# Timeout: 2000
# First Move Timeout: 30000
# Date: Mon Apr 08 15:45:45 EDT 2019
# Player 1: Player-0, '260737363', running on 192.168.2.12
# Player 2: Player-1, '260726872', running on 192.168.2.12
START Player-0 260737363
START Player-1 260726872
0 0 TL TR 0
0 0 TL TR 1
0 1 TL TR 0
0 1 TL TR 1
0 2 TL TR 0
0 2 TL TR 1
1 0 TL TR 0
1 0 TL TR 1
1 1 TL TR 0
2 0 TL TR 1
1 2 TL TR 0
2 3 TL TR 1
1 4 TL TR 0
1 2 TL TR 1
2 1 TL TR 0
3 0 TL BL 1
0 1 TL TR 0
5 1 TL BL 1
0 5 TL TR 0
1 0 TL BR 1
GAMEOVER WINNER 1
# Game ended: Mon Apr 08 15:45:47 EDT 2019
