# Server version 0.08 running on 142.157.191.28:8123
# Game ID: 615
# Board class: pentago_swap.PentagoBoard
# Timeout: 2000
# First Move Timeout: 30000
# Date: Mon Apr 08 22:49:50 EDT 2019
# Player 1: Player-0, '660726872', running on 142.157.191.28
# Player 2: Player-1, '560726872', running on 142.157.191.28
START Player-0 660726872
START Player-1 560726872
1 1 TL TR 0
1 1 TL TR 1
4 1 TL TR 0
4 4 TL TR 1
0 0 TL TR 0
0 0 TL TR 1
3 4 BL BR 0
3 3 TL TR 1
0 2 TR BR 0
2 2 BL BR 1
3 3 TL BL 0
2 2 TR BL 1
3 5 TR BL 0
3 1 TR BL 1
0 1 TR BL 0
1 2 TL BR 1
0 4 TL TR 0
2 4 TR BR 1
0 2 TL BL 0
GAMEOVER WINNER 0
# Game ended: Mon Apr 08 22:49:57 EDT 2019
