# Server version 0.08 running on 142.157.21.24:8123
# Game ID: 688
# Board class: pentago_swap.PentagoBoard
# Timeout: 2000
# First Move Timeout: 30000
# Date: Tue Apr 09 17:33:27 EDT 2019
# Player 1: Player-0, '660726872', running on 142.157.21.24
# Player 2: Player-1, '560726872', running on 142.157.21.24
START Player-0 660726872
START Player-1 560726872
1 1 TL TR 0
1 1 TL TR 1
4 1 TL TR 0
4 4 TL TR 1
0 1 TL BL 0
0 3 TL TR 1
2 1 TL BL 0
3 3 TL BL 1
1 5 TR BR 0
2 2 TR BR 1
GAMEOVER WINNER 1
# Game ended: Tue Apr 09 17:33:31 EDT 2019
