# Server version 0.08 running on 142.157.191.28:8123
# Game ID: 1100
# Board class: pentago_swap.PentagoBoard
# Timeout: 2000
# First Move Timeout: 30000
# Date: Wed Apr 10 19:48:52 EDT 2019
# Player 1: Player-0, '260759490', running on 132.216.233.139
# Player 2: Player-1, '260726872', running on 142.157.191.28
START Player-0 260759490
START Player-1 260726872
1 1 TL TR 0
1 1 TL TR 1
4 1 TL TR 0
4 4 TL TR 1
0 0 TL TR 0
2 4 TR BR 1
3 0 TL TR 0
0 1 TR BR 1
2 1 TL TR 0
1 5 TL TR 1
1 0 TL TR 0
2 2 TR BR 1
2 0 TL TR 0
0 1 TL TR 1
2 4 TL TR 0
1 2 TL TR 1
3 2 TL TR 0
5 0 TR BL 1
GAMEOVER WINNER 1
# Game ended: Wed Apr 10 19:49:03 EDT 2019
