# Server version 0.08 running on 142.157.21.24:8123
# Game ID: 695
# Board class: pentago_swap.PentagoBoard
# Timeout: 2000
# First Move Timeout: 30000
# Date: Tue Apr 09 17:40:35 EDT 2019
# Player 1: Player-0, '460726872', running on 142.157.21.24
# Player 2: Player-1, '660726872', running on 142.157.21.24
START Player-0 460726872
START Player-1 660726872
0 0 TL TR 0
0 1 TR BL 1
0 3 TL TR 0
1 2 TL TR 1
1 3 TL TR 0
1 1 TL TR 1
4 0 TL BR 0
2 3 TL BR 1
5 0 TL TR 0
2 1 TL TR 1
1 0 TL TR 0
3 5 TL TR 1
0 0 TL TR 0
1 5 BL BR 1
0 1 TL TR 0
5 2 TR BR 1
GAMEOVER WINNER 0
# Game ended: Tue Apr 09 17:40:44 EDT 2019
