# Server version 0.08 running on 142.157.21.24:8123
# Game ID: 667
# Board class: pentago_swap.PentagoBoard
# Timeout: 2000
# First Move Timeout: 30000
# Date: Tue Apr 09 16:14:54 EDT 2019
# Player 1: Player-0, '660726872', running on 142.157.21.24
# Player 2: Player-1, '560726872', running on 142.157.21.24
START Player-0 660726872
START Player-1 560726872
1 1 TL TR 0
1 1 TL TR 1
4 1 TL TR 0
4 4 TL TR 1
1 0 TL TR 0
3 3 TL BR 1
2 5 TR BR 0
0 3 TR BR 1
2 2 TR BR 0
3 0 TR BL 1
5 3 TL TR 0
2 0 TL TR 1
0 4 TR BR 0
4 3 TL TR 1
4 0 TL TR 0
0 2 TR BL 1
1 0 TL BL 0
2 3 TL BR 1
5 0 TR BR 0
3 5 TR BR 1
GAMEOVER WINNER 1
# Game ended: Tue Apr 09 16:14:59 EDT 2019
