# Server version 0.08 running on 142.157.21.24:8123
# Game ID: 347
# Board class: pentago_swap.PentagoBoard
# Timeout: 2000
# First Move Timeout: 30000
# Date: Sun Apr 07 18:54:31 EDT 2019
# Player 1: Player-0, 'Human', running on 142.157.21.24
# Player 2: Player-1, '160726872', running on 142.157.21.24
START Player-0 Human
START Player-1 160726872
1 1 TR BL 0
0 0 TL TR 1
4 4 BL TR 0
0 0 TL TR 1
1 4 TL BL 0
0 1 TL TR 1
0 2 BL TR 0
3 2 TL BR 1
3 4 TL BL 0
0 4 TL BL 1
2 2 TR BR 0
0 0 TL TR 1
3 3 TL BR 0
0 2 TR BL 1
GAMEOVER WINNER 1
# Game ended: Sun Apr 07 18:56:32 EDT 2019
