# Server version 0.08 running on 142.157.21.24:8123
# Game ID: 544
# Board class: pentago_swap.PentagoBoard
# Timeout: 2000
# First Move Timeout: 30000
# Date: Mon Apr 08 19:29:51 EDT 2019
# Player 1: Player-0, 'xxxxxxxxx', running on 142.157.21.24
# Player 2: Player-1, '460726872', running on 142.157.21.24
START Player-0 xxxxxxxxx
START Player-1 460726872
1 4 BL BR 0
0 0 TL TR 1
4 4 TL BL 0
1 3 TL BR 1
0 0 BL BR 0
3 3 TL BR 1
1 0 TL TR 0
3 0 TL TR 1
4 0 TL BR 0
2 1 TL TR 1
2 0 TL TR 0
1 2 TL TR 1
4 5 TL BR 0
1 3 TL TR 1
4 1 TR BL 0
1 5 TR BL 1
5 1 TL TR 0
5 4 TL TR 1
4 5 BL BR 0
3 5 BL BR 1
GAMEOVER WINNER 1
# Game ended: Mon Apr 08 19:30:07 EDT 2019
