# Server version 0.08 running on 142.157.191.28:8123
# Game ID: 422
# Board class: pentago_swap.PentagoBoard
# Timeout: 2000
# First Move Timeout: 30000
# Date: Sun Apr 07 22:46:37 EDT 2019
# Player 1: Player-0, '160726872', running on 142.157.191.28
# Player 2: Player-1, '11111111', running on 142.157.191.28
START Player-0 160726872
START Player-1 11111111
0 0 TL TR 0
0 0 BL BR 1
0 1 TL TR 0
0 1 TL BR 1
2 4 TL BL 0
0 0 TL BR 1
2 1 TL BR 0
0 1 TL BR 1
1 4 TL BR 0
0 2 TL TR 1
4 1 TL TR 0
0 5 TR BL 1
0 3 TR BL 0
1 0 TL BL 1
0 1 TL BL 0
5 2 TR BR 1
0 5 TL BR 0
GAMEOVER WINNER 0
# Game ended: Sun Apr 07 22:46:48 EDT 2019
