# Server version 0.08 running on 142.157.191.28:8123
# Game ID: 770
# Board class: pentago_swap.PentagoBoard
# Timeout: 2000
# First Move Timeout: 30000
# Date: Tue Apr 09 20:02:50 EDT 2019
# Player 1: Player-0, '660726872', running on 142.157.191.28
# Player 2: Player-1, '260737363', running on 142.157.27.7
START Player-0 660726872
START Player-1 260737363
1 1 TL TR 0
1 1 TL BR 1
3 0 TL BL 0
4 5 TL BL 1
0 0 TR BL 0
4 3 TL BL 1
1 3 BL BR 0
3 2 TR BR 1
1 3 TL BR 0
5 2 TL BL 1
2 3 TL TR 0
GAMEOVER WINNER 0
# Game ended: Tue Apr 09 20:02:56 EDT 2019
