# Server version 0.08 running on 142.157.21.24:8123
# Game ID: 207
# Board class: pentago_swap.PentagoBoard
# Timeout: 2000
# First Move Timeout: 30000
# Date: Fri Apr 05 16:07:49 EDT 2019
# Player 1: Player-0, '260726872', running on 142.157.21.24
# Player 2: Player-1, 'Human', running on 142.157.21.24
START Player-0 260726872
START Player-1 Human
0 0 TL TR 0
1 3 TR TL 1
0 1 TL TR 0
0 5 TR TL 1
0 3 TL TR 0
0 1 TL TR 1
0 5 TL TR 0
3 1 BL TL 1
0 0 TL TR 0
1 4 TR TL 1
0 2 TL TR 0
2 4 TR TL 1
4 1 TL TR 0
5 0 BL TL 1
1 0 TL TR 0
1 5 TR TL 1
1 3 TL TR 0
2 5 TR TL 1
2 3 TL BR 0
GAMEOVER WINNER 0
# Game ended: Fri Apr 05 16:08:53 EDT 2019
