# Server version 0.08 running on 142.157.21.24:8123
# Game ID: 498
# Board class: pentago_swap.PentagoBoard
# Timeout: 2000
# First Move Timeout: 30000
# Date: Mon Apr 08 18:12:36 EDT 2019
# Player 1: Player-0, '160726872', running on 142.157.21.24
# Player 2: Player-1, 'Human', running on 142.157.21.24
START Player-0 160726872
START Player-1 Human
0 0 TL TR 0
1 4 TR BR 1
0 0 TL BR 0
4 4 BR TR 1
2 2 TR BR 0
4 3 BR BL 1
1 2 BL BR 0
4 5 BR BL 1
3 5 BL BR 0
1 4 TR BL 1
2 0 TL TR 0
4 2 TL TR 1
GAMEOVER WINNER 1
# Game ended: Mon Apr 08 18:13:12 EDT 2019
