# Server version 0.08 running on 142.157.21.24:8123
# Game ID: 497
# Board class: pentago_swap.PentagoBoard
# Timeout: 2000
# First Move Timeout: 30000
# Date: Mon Apr 08 18:12:16 EDT 2019
# Player 1: Player-0, '360726872', running on 142.157.21.24
# Player 2: Player-1, '160726872', running on 142.157.21.24
START Player-0 360726872
START Player-1 160726872
0 0 TL TR 0
3 3 TL TR 1
0 3 TL TR 0
0 2 TL BL 1
0 0 BL BR 0
2 2 BL BR 1
2 3 BL BR 0
1 2 BL BR 1
1 3 TL BR 0
4 3 TR BL 1
2 0 TR BR 0
1 0 TR BR 1
2 3 TL TR 0
1 0 TL TR 1
3 2 TL TR 0
4 4 TL TR 1
1 1 TL TR 0
4 1 TL TR 1
4 2 TL TR 0
1 1 TL TR 1
1 5 TL TR 0
0 1 TL TR 1
2 5 TL TR 0
5 2 TL TR 1
0 1 TL TR 0
2 1 TL TR 1
2 1 TR BR 0
0 2 TL TR 1
0 2 TL BL 0
GAMEOVER WINNER 1
# Game ended: Mon Apr 08 18:12:25 EDT 2019
