# Server version 0.08 running on 192.168.2.12:8123
# Game ID: 852
# Board class: pentago_swap.PentagoBoard
# Timeout: 2000
# First Move Timeout: 30000
# Date: Wed Apr 10 08:09:01 EDT 2019
# Player 1: Player-0, '460726872', running on 192.168.2.12
# Player 2: Player-1, '760726872', running on 192.168.2.12
START Player-0 460726872
START Player-1 760726872
0 0 TL TR 0
1 1 TL TR 1
0 3 TL TR 0
1 4 TL TR 1
0 4 TR BL 0
3 3 TL BR 1
3 4 TR BR 0
0 5 TR BL 1
3 3 TL TR 0
2 0 TL TR 1
2 0 TL TR 0
0 2 TL TR 1
GAMEOVER WINNER 1
# Game ended: Wed Apr 10 08:09:06 EDT 2019
