# Server version 0.08 running on 142.157.21.24:8123
# Game ID: 657
# Board class: pentago_swap.PentagoBoard
# Timeout: 300000
# First Move Timeout: 30000
# Date: Tue Apr 09 15:51:48 EDT 2019
# Player 1: Player-0, '260716696', running on 142.157.166.153
# Player 2: Player-1, '560726872', running on 142.157.21.24
START Player-0 260716696
START Player-1 560726872
4 4 TL TR 0
1 1 TL TR 1
4 1 TL TR 0
1 4 TL TR 1
3 2 TR BR 0
0 3 TR BR 1
5 3 TR BR 0
3 4 TL BL 1
0 5 TL BL 0
GAMEOVER WINNER 0
# Game ended: Tue Apr 09 15:51:57 EDT 2019
