# Server version 0.08 running on 192.168.2.12:8123
# Game ID: 96
# Board class: pentago_swap.PentagoBoard
# Timeout: 2000
# First Move Timeout: 30000
# Date: Sun Mar 31 01:27:06 EDT 2019
# Player 1: Player-0, '260726872', running on localhost
# Player 2: Player-1, 'RandomPlayer', running on localhost
START Player-0 260726872
START Player-1 RandomPlayer
0 0 TL TR 0
0 1 TR BR 1
0 0 TL TR 0
3 2 TL TR 1
0 2 TL TR 0
2 0 BL BR 1
0 0 TL TR 0
4 0 TL BL 1
0 1 TL TR 0
5 4 BL BR 1
0 1 TL TR 0
4 0 TL TR 1
0 5 TL BL 0
1 4 BL BR 1
0 0 BL BR 0
5 3 TR BR 1
1 1 TL BL 0
1 4 TL BR 1
1 2 TL BR 0
4 2 TR BR 1
1 0 TL BL 0
4 1 TL TR 1
2 0 TL TR 0
4 3 TR BR 1
1 5 TL BL 0
5 2 BL BR 1
1 2 BL BR 0
2 2 TR BR 1
2 1 TL BL 0
2 5 TL BL 1
2 4 TR BR 0
0 2 TL TR 1
2 1 TL TR 0
3 1 TL BR 1
GAMEOVER WINNER 1
# Game ended: Sun Mar 31 01:27:08 EDT 2019
