# Server version 0.08 running on 142.157.21.24:8123
# Game ID: 1000
# Board class: pentago_swap.PentagoBoard
# Timeout: 2000
# First Move Timeout: 30000
# Date: Wed Apr 10 15:41:32 EDT 2019
# Player 1: Player-0, '560726872', running on 142.157.21.24
# Player 2: Player-1, '260708568', running on 142.157.37.150
START Player-0 560726872
START Player-1 260708568
1 1 TL TR 0
4 4 TL TR 1
1 4 TL TR 0
4 1 TL TR 1
0 0 TL TR 0
5 5 TL BR 1
3 3 TL TR 0
2 2 BL BR 1
0 2 TR BR 0
5 0 TL TR 1
2 3 TL TR 0
3 2 TL TR 1
1 3 TL TR 0
4 0 TL TR 1
1 0 TR BL 0
0 0 TL BR 1
5 3 TL BR 0
GAMEOVER WINNER 0
# Game ended: Wed Apr 10 15:41:45 EDT 2019
