# Server version 0.08 running on 142.157.21.24:8123
# Game ID: 699
# Board class: pentago_swap.PentagoBoard
# Timeout: 2000
# First Move Timeout: 30000
# Date: Tue Apr 09 17:53:17 EDT 2019
# Player 1: Player-0, '660726872', running on 142.157.21.24
# Player 2: Player-1, '460726872', running on 142.157.21.24
START Player-0 660726872
START Player-1 460726872
1 1 TL TR 0
0 0 TL TR 1
1 4 TL TR 0
0 4 TL TR 1
1 0 TL BL 0
0 4 TR BL 1
5 2 TR BR 0
3 5 BL BR 1
5 4 TL TR 0
0 0 TL TR 1
1 3 TL TR 0
0 1 TL TR 1
0 0 BL BR 0
0 1 TL TR 1
5 0 TR BR 0
0 2 TL TR 1
GAMEOVER WINNER 1
# Game ended: Tue Apr 09 17:53:27 EDT 2019
