# Server version 0.08 running on 142.157.191.28:8123
# Game ID: 568
# Board class: pentago_swap.PentagoBoard
# Timeout: 300000
# First Move Timeout: 30000
# Date: Mon Apr 08 20:05:12 EDT 2019
# Player 1: Player-0, '560726872', running on 142.157.191.28
# Player 2: Player-1, '260736135', running on 142.157.55.211
START Player-0 560726872
START Player-1 260736135
1 1 TL TR 0
0 1 TR BR 1
1 1 TL TR 0
3 2 TL TR 1
3 3 TL BR 0
1 5 BL BR 1
3 0 BL BR 0
3 5 TL BL 1
5 2 TL BL 0
GAMEOVER WINNER 0
# Game ended: Mon Apr 08 20:05:15 EDT 2019
