# Server version 0.08 running on 142.157.21.24:8123
# Game ID: 333
# Board class: pentago_swap.PentagoBoard
# Timeout: 2000
# First Move Timeout: 30000
# Date: Sun Apr 07 16:32:56 EDT 2019
# Player 1: Player-0, 'Human', running on 142.157.21.24
# Player 2: Player-1, '160726872', running on 142.157.21.24
START Player-0 Human
START Player-1 160726872
0 0 TR TL 0
0 0 TL TR 1
2 5 BL BR 0
1 1 TR BR 1
2 2 TR BL 0
0 1 TL BR 1
2 4 BR TL 0
0 2 TL TR 1
2 4 BR TL 0
0 1 TL TR 1
0 5 TR BL 0
2 0 TL TR 1
4 4 TR TL 0
2 3 TL BL 1
1 4 TL BL 0
4 1 TL TR 1
1 2 TR BR 0
5 1 TR BL 1
GAMEOVER WINNER 1
# Game ended: Sun Apr 07 16:33:44 EDT 2019
