# Server version 0.08 running on 142.157.21.24:8123
# Game ID: 1062
# Board class: pentago_swap.PentagoBoard
# Timeout: 2000
# First Move Timeout: 30000
# Date: Wed Apr 10 18:02:20 EDT 2019
# Player 1: Player-0, '260708306', running on 142.157.18.243
# Player 2: Player-1, '560726872', running on 142.157.21.24
START Player-0 260708306
START Player-1 560726872
1 1 TL TR 0
1 1 TL TR 1
4 1 TL TR 0
4 4 TL TR 1
4 3 TR BL 0
0 0 TR BR 1
5 4 TL BL 0
0 0 TL BR 1
5 1 BL BR 0
0 1 TL BR 1
0 1 TL BL 0
0 2 TL BL 1
5 1 TL BR 0
2 3 TL BR 1
2 2 TR BR 0
0 2 TR BR 1
4 5 TL TR 0
0 0 TL TR 1
4 3 BL BR 0
0 5 BL BR 1
GAMEOVER WINNER 1
# Game ended: Wed Apr 10 18:02:32 EDT 2019
