# Server version 0.08 running on 192.168.2.12:8123
# Game ID: 858
# Board class: pentago_swap.PentagoBoard
# Timeout: 2000
# First Move Timeout: 30000
# Date: Wed Apr 10 08:16:22 EDT 2019
# Player 1: Player-0, '760726872', running on 192.168.2.12
# Player 2: Player-1, 'Human', running on 192.168.2.12
START Player-0 760726872
START Player-1 Human
1 1 TL TR 0
4 4 BL TR 1
1 1 TL TR 0
1 1 BL TR 1
0 3 TL TR 0
2 2 TR BL 1
0 3 TR BL 0
5 2 TL BL 1
0 2 TL BL 0
5 0 BL TL 1
0 1 TR BL 0
0 4 TR TL 1
3 4 TL BL 0
0 2 BL TL 1
0 2 TR BR 0
4 5 BR BL 1
0 3 TL TR 0
1 3 TR BR 1
0 2 TL TR 0
2 0 TL BL 1
GAMEOVER WINNER 0
# Game ended: Wed Apr 10 08:17:00 EDT 2019
