# Server version 0.08 running on 142.157.191.28:8123
# Game ID: 815
# Board class: pentago_swap.PentagoBoard
# Timeout: 2000
# First Move Timeout: 30000
# Date: Tue Apr 09 21:35:54 EDT 2019
# Player 1: Player-0, '260759490', running on 132.216.233.133
# Player 2: Player-1, '660726872', running on 142.157.191.28
START Player-0 260759490
START Player-1 660726872
1 1 TL TR 0
1 1 TL TR 1
0 3 TL TR 0
4 1 TL TR 1
4 4 TL TR 0
0 2 TL BL 1
0 2 TL TR 0
0 1 TR BR 1
0 3 TL TR 0
2 5 TL TR 1
1 2 TL TR 0
3 1 TL TR 1
1 0 TL TR 0
1 2 TR BR 1
5 1 TL TR 0
3 3 TL TR 1
3 5 TL TR 0
0 0 TL TR 1
0 2 TL TR 0
0 1 TL TR 1
2 4 TL TR 0
0 4 TL TR 1
1 5 TL TR 0
4 0 TR BR 1
2 2 TR BL 0
GAMEOVER WINNER 0
# Game ended: Tue Apr 09 21:36:01 EDT 2019
