# Server version 0.08 running on 142.157.191.28:8123
# Game ID: 562
# Board class: pentago_swap.PentagoBoard
# Timeout: 300000
# First Move Timeout: 30000
# Date: Mon Apr 08 19:54:07 EDT 2019
# Player 1: Player-0, '560726872', running on 142.157.191.28
# Player 2: Player-1, 'SimonBot', running on 142.157.55.211
START Player-0 560726872
START Player-1 SimonBot
1 1 TL TR 0
0 0 TL TR 1
1 4 TL TR 0
0 1 TL TR 1
0 0 TR BR 0
0 1 TL TR 1
3 0 TL TR 0
0 2 TL TR 1
4 1 BL BR 0
0 0 TL TR 1
2 2 TR BL 0
GAMEOVER WINNER 0
# Game ended: Mon Apr 08 19:54:11 EDT 2019
