# Server version 0.08 running on 192.168.2.12:8123
# Game ID: 268
# Board class: pentago_swap.PentagoBoard
# Timeout: 2000
# First Move Timeout: 30000
# Date: Sun Apr 07 10:14:25 EDT 2019
# Player 1: Player-0, '260726872', running on 192.168.2.12
# Player 2: Player-1, 'Human', running on 192.168.2.12
START Player-0 260726872
START Player-1 Human
0 0 TL TR 0
1 2 BR TL 1
0 0 TL TR 0
0 2 TR BL 1
0 1 TL TR 0
0 2 BR TL 1
0 0 TL TR 0
1 0 BL TL 1
0 1 TL TR 0
0 2 BL TL 1
0 5 TL TR 0
GAMEOVER WINNER 0
# Game ended: Sun Apr 07 10:14:41 EDT 2019
