# Server version 0.08 running on 142.157.191.28:8123
# Game ID: 974
# Board class: pentago_swap.PentagoBoard
# Timeout: 2000
# First Move Timeout: 30000
# Date: Wed Apr 10 13:35:09 EDT 2019
# Player 1: Player-0, '260716696', running on 142.157.103.194
# Player 2: Player-1, '560726872', running on 142.157.191.28
START Player-0 260716696
START Player-1 560726872
4 4 TL TR 0
1 1 TL TR 1
4 1 TL TR 0
1 4 TL TR 1
3 2 TR BR 0
3 0 BL BR 1
5 2 TR BR 0
4 0 TL TR 1
5 5 TL TR 0
1 2 TR BL 1
2 1 BL BR 0
0 0 BL BR 1
2 4 TL BL 0
0 1 TL BL 1
1 0 BL BR 0
1 5 BL BR 1
GAMEOVER WINNER 1
# Game ended: Wed Apr 10 13:35:24 EDT 2019
