# Server version 0.08 running on 142.157.21.24:8123
# Game ID: 478
# Board class: pentago_swap.PentagoBoard
# Timeout: 2000
# First Move Timeout: 30000
# Date: Mon Apr 08 17:40:59 EDT 2019
# Player 1: Player-0, '160726872', running on 142.157.21.24
# Player 2: Player-1, '160726872', running on 142.157.21.24
START Player-0 160726872
START Player-1 160726872
0 0 TL TR 0
0 0 TL TR 1
0 1 TL BR 0
1 1 TR BR 1
0 0 TL TR 0
0 2 TL BL 1
0 0 TL TR 0
1 0 TL TR 1
0 1 TR BL 0
0 2 TR BL 1
0 4 TL TR 0
0 2 TL TR 1
1 1 TR BR 0
1 2 TR BR 1
4 1 BL BR 0
5 3 TR BR 1
1 0 TR BR 0
2 4 TL BR 1
1 0 TL TR 0
5 0 TR BR 1
1 2 TL TR 0
4 0 TL TR 1
2 0 TL TR 0
4 2 TR BR 1
1 5 TL TR 0
GAMEOVER WINNER 0
# Game ended: Mon Apr 08 17:41:07 EDT 2019
