# Server version 0.08 running on 142.157.21.24:8123
# Game ID: 1083
# Board class: pentago_swap.PentagoBoard
# Timeout: 2000
# First Move Timeout: 30000
# Date: Wed Apr 10 18:38:34 EDT 2019
# Player 1: Player-0, 'Human', running on 142.157.21.24
# Player 2: Player-1, '560726872', running on 142.157.21.24
START Player-0 Human
START Player-1 560726872
3 3 TR TL 0
1 1 TL TR 1
4 3 TR TL 0
1 4 TL TR 1
2 1 TR TL 0
0 0 TL TR 1
2 5 TR TL 0
0 1 TL TR 1
0 2 TR BL 0
0 0 BL BR 1
2 2 TR TL 0
5 4 TR BR 1
3 4 BR TR 0
0 1 TL TR 1
3 5 BR BL 0
4 4 TL TR 1
2 1 TR BL 0
0 0 TL TR 1
0 5 TR TL 0
1 0 TL TR 1
1 2 BR TR 0
0 4 TR BL 1
GAMEOVER WINNER 1
# Game ended: Wed Apr 10 18:39:37 EDT 2019
