# Server version 0.08 running on 142.157.21.24:8123
# Game ID: 208
# Board class: pentago_swap.PentagoBoard
# Timeout: 2000
# First Move Timeout: 30000
# Date: Fri Apr 05 16:09:05 EDT 2019
# Player 1: Player-0, 'Human', running on 142.157.21.24
# Player 2: Player-1, '260726872', running on 142.157.21.24
START Player-0 Human
START Player-1 260726872
0 2 TR BR 0
0 0 TL TR 1
1 5 TR TL 0
0 1 TL TR 1
2 5 TR TL 0
0 3 TL TR 1
1 2 TR BL 0
2 2 TL TR 1
5 5 BR TL 0
1 2 TL BR 1
5 1 TR TL 0
0 1 TL TR 1
0 5 TR BR 0
0 0 TR BR 1
1 2 BL TL 0
5 2 TR BR 1
3 2 TR BR 0
GAMEOVER WINNER 0
# Game ended: Fri Apr 05 16:10:04 EDT 2019
