# Server version 0.08 running on 142.157.21.24:8123
# Game ID: 508
# Board class: pentago_swap.PentagoBoard
# Timeout: 2000
# First Move Timeout: 30000
# Date: Mon Apr 08 18:34:55 EDT 2019
# Player 1: Player-0, '460726872', running on 142.157.21.24
# Player 2: Player-1, 'Human', running on 142.157.21.24
START Player-0 460726872
START Player-1 Human
0 0 TL TR 0
1 5 BL BR 1
0 0 TL BL 0
1 1 BR BL 1
0 1 TL TR 0
2 2 TR BL 1
1 0 TL TR 0
2 3 BL BR 1
0 5 BL BR 0
3 0 BL TL 1
0 4 BL BR 0
0 2 TR BL 1
0 4 TL BL 0
GAMEOVER WINNER 0
# Game ended: Mon Apr 08 18:35:19 EDT 2019
