# Server version 0.08 running on 192.168.2.12:8123
# Game ID: 917
# Board class: pentago_swap.PentagoBoard
# Timeout: 2000
# First Move Timeout: 30000
# Date: Wed Apr 10 09:02:37 EDT 2019
# Player 1: Player-0, '760726872', running on 192.168.2.12
# Player 2: Player-1, '460726872', running on 192.168.2.12
START Player-0 760726872
START Player-1 460726872
1 1 TL TR 0
0 0 TL TR 1
1 4 TL TR 0
0 4 TL TR 1
3 0 TR BR 0
0 0 TL BR 1
3 5 TL BL 0
3 2 TL BR 1
1 3 BL BR 0
4 3 BL BR 1
0 3 BL BR 0
5 4 TL TR 1
4 0 TL TR 0
2 3 TL BR 1
1 4 TL BR 0
1 0 TL BR 1
5 3 TL BR 0
2 1 TL BR 1
5 1 TR BR 0
0 1 TR BR 1
5 0 TL TR 0
0 1 TL TR 1
4 5 TR BR 0
GAMEOVER WINNER 1
# Game ended: Wed Apr 10 09:02:45 EDT 2019
