# Server version 0.08 running on 192.168.2.12:8123
# Game ID: 434
# Board class: pentago_swap.PentagoBoard
# Timeout: 2000
# First Move Timeout: 30000
# Date: Sun Apr 07 23:30:13 EDT 2019
# Player 1: Player-0, '260726872', running on 192.168.2.12
# Player 2: Player-1, '160726872', running on 192.168.2.12
START Player-0 260726872
START Player-1 160726872
0 0 TL TR 0
3 3 TL TR 1
0 1 TL TR 0
2 0 TL BL 1
0 0 TL TR 0
4 5 TL TR 1
0 1 TL TR 0
3 2 TR BR 1
0 2 TL BL 0
GAMEOVER WINNER 0
# Game ended: Sun Apr 07 23:30:14 EDT 2019
