# Server version 0.08 running on 142.157.21.24:8123
# Game ID: 690
# Board class: pentago_swap.PentagoBoard
# Timeout: 2000
# First Move Timeout: 30000
# Date: Tue Apr 09 17:34:26 EDT 2019
# Player 1: Player-0, '660726872', running on 142.157.21.24
# Player 2: Player-1, '560726872', running on 142.157.21.24
START Player-0 660726872
START Player-1 560726872
1 1 TL TR 0
1 1 TL TR 1
4 1 TL TR 0
4 4 TL TR 1
1 3 TR BR 0
0 3 TL TR 1
2 1 TL BL 0
0 3 TR BL 1
1 0 BL BR 0
0 0 TL TR 1
4 5 TL BR 0
3 2 TL TR 1
0 1 TL TR 0
1 5 BL BR 1
0 1 BL BR 0
5 2 TR BR 1
0 2 TL TR 0
2 4 BL BR 1
1 2 TL TR 0
3 3 TL TR 1
2 2 TL TR 0
3 2 TL TR 1
0 1 TL BL 0
3 2 BL BR 1
1 3 TL TR 0
GAMEOVER WINNER 0
# Game ended: Tue Apr 09 17:34:32 EDT 2019
