# Server version 0.08 running on 142.157.191.28:8123
# Game ID: 1098
# Board class: pentago_swap.PentagoBoard
# Timeout: 2000
# First Move Timeout: 30000
# Date: Wed Apr 10 19:44:03 EDT 2019
# Player 1: Player-0, '260726872', running on 142.157.191.28
# Player 2: Player-1, '260759490', running on 132.216.233.139
START Player-0 260726872
START Player-1 260759490
1 1 TL TR 0
1 1 TL TR 1
4 1 TL TR 0
4 4 TL TR 1
2 3 BL BR 0
0 3 TL TR 1
1 5 TL TR 0
1 0 TL TR 1
4 5 TR BL 0
4 3 TL TR 1
3 4 TL BL 0
0 1 TL TR 1
2 4 TL BL 0
5 4 TL TR 1
2 2 TL BL 0
5 5 TL TR 1
2 4 TL BL 0
1 5 TL BR 1
0 0 TL BR 0
4 0 TR BR 1
0 0 TR BR 0
GAMEOVER WINNER 0
# Game ended: Wed Apr 10 19:44:13 EDT 2019
