# Server version 0.08 running on 142.157.21.24:8123
# Game ID: 1011
# Board class: pentago_swap.PentagoBoard
# Timeout: 2000
# First Move Timeout: 30000
# Date: Wed Apr 10 16:32:03 EDT 2019
# Player 1: Player-0, '260716696', running on 142.157.24.227
# Player 2: Player-1, '560726872', running on 142.157.21.24
START Player-0 260716696
START Player-1 560726872
4 4 TL TR 0
1 1 TL TR 1
4 1 TL TR 0
1 4 TL TR 1
3 2 TR BR 0
3 0 BL BR 1
5 2 TR BR 0
3 0 TR BL 1
5 5 TL TR 0
0 3 TL BR 1
2 0 BL BR 0
0 4 TL BL 1
2 4 TL BL 0
0 5 TR BL 1
1 0 BL BR 0
0 0 TL BL 1
1 2 TL TR 0
2 5 TR BR 1
0 1 BL BR 0
3 4 TR BL 1
GAMEOVER WINNER 1
# Game ended: Wed Apr 10 16:32:21 EDT 2019
