# Server version 0.08 running on 192.168.2.12:8123
# Game ID: 832
# Board class: pentago_swap.PentagoBoard
# Timeout: 2000
# First Move Timeout: 30000
# Date: Wed Apr 10 06:04:18 EDT 2019
# Player 1: Player-0, 'Human', running on 192.168.2.12
# Player 2: Player-1, '560726872', running on 192.168.2.12
START Player-0 Human
START Player-1 560726872
3 3 TR TL 0
1 1 TL TR 1
4 3 TR TL 0
1 4 TL TR 1
2 0 TR BL 0
0 3 TL TR 1
1 3 TL BL 0
3 5 TL BL 1
0 3 TL BL 0
GAMEOVER WINNER 0
# Game ended: Wed Apr 10 06:04:29 EDT 2019
