# Server version 0.08 running on 142.157.191.28:8123
# Game ID: 1094
# Board class: pentago_swap.PentagoBoard
# Timeout: 2000
# First Move Timeout: 30000
# Date: Wed Apr 10 19:08:59 EDT 2019
# Player 1: Player-0, '260739391', running on wpa074200.wireless.mcgill.ca
# Player 2: Player-1, '560726872', running on 142.157.191.28
START Player-0 260739391
START Player-1 560726872
5 2 TR BR 0
1 1 TL TR 1
4 1 TR BR 0
1 1 TL TR 1
1 1 TR BR 0
0 0 TL BR 1
4 3 TR BL 0
0 1 TL BR 1
1 3 TL TR 0
1 2 TL BL 1
0 1 BL BR 0
1 5 TL TR 1
2 2 TL TR 0
5 1 TR BR 1
2 1 TL BR 0
4 2 TL BR 1
5 3 TL BR 0
2 4 TL BR 1
GAMEOVER WINNER 1
# Game ended: Wed Apr 10 19:09:09 EDT 2019
