# Server version 0.08 running on 142.157.21.24:8123
# Game ID: 481
# Board class: pentago_swap.PentagoBoard
# Timeout: 2000
# First Move Timeout: 30000
# Date: Mon Apr 08 17:43:44 EDT 2019
# Player 1: Player-0, 'xxxxxxxxx', running on 142.157.21.24
# Player 2: Player-1, '160726872', running on 142.157.21.24
START Player-0 xxxxxxxxx
START Player-1 160726872
1 4 TR BR 0
0 0 TL TR 1
1 4 BL BR 0
0 0 TL TR 1
3 0 TL TR 0
0 1 TL TR 1
0 5 TR BR 0
0 2 TL BL 1
3 1 TR BR 0
2 2 TR BR 1
2 1 TR BL 0
0 1 TL BL 1
2 4 TL BR 0
3 2 TL BR 1
1 1 TR BL 0
5 3 TR BR 1
2 4 TL BR 0
GAMEOVER WINNER 0
# Game ended: Mon Apr 08 17:43:57 EDT 2019
