# Server version 0.08 running on 142.157.21.24:8123
# Game ID: 1025
# Board class: pentago_swap.PentagoBoard
# Timeout: 2000
# First Move Timeout: 30000
# Date: Wed Apr 10 17:08:25 EDT 2019
# Player 1: Player-0, '260759490', running on 132.216.233.139
# Player 2: Player-1, '560726872', running on 142.157.21.24
START Player-0 260759490
START Player-1 560726872
1 1 TL TR 0
1 1 TL TR 1
0 3 TL TR 0
4 1 TL TR 1
4 4 TL TR 0
0 3 TL BR 1
0 4 TL TR 0
4 2 TL BR 1
4 0 TL TR 0
0 0 TL BR 1
2 1 TL TR 0
3 4 TL TR 1
5 4 TL TR 0
3 2 TL TR 1
5 0 TL TR 0
3 1 TL TR 1
1 3 TL BR 0
0 2 TL BR 1
GAMEOVER WINNER 1
# Game ended: Wed Apr 10 17:08:30 EDT 2019
