# Server version 0.08 running on 142.157.21.24:8123
# Game ID: 656
# Board class: pentago_swap.PentagoBoard
# Timeout: 300000
# First Move Timeout: 30000
# Date: Tue Apr 09 15:50:19 EDT 2019
# Player 1: Player-0, '560726872', running on 142.157.21.24
# Player 2: Player-1, '260716696', running on 142.157.166.153
START Player-0 560726872
START Player-1 260716696
1 1 TL TR 0
4 4 TL TR 1
1 4 TL TR 0
4 1 TL TR 1
0 0 TL TR 0
0 0 TR BR 1
5 5 TR BL 0
2 2 TL BR 1
0 2 TL BL 0
3 5 TL BL 1
0 3 TR BL 0
3 2 TL BR 1
0 5 TL BR 0
4 5 TL BR 1
4 2 TL BR 0
1 5 TL BR 1
2 5 TL BR 0
2 3 TL BR 1
5 0 TL BR 0
0 1 TL TR 1
1 0 TR BL 0
0 4 TR BL 1
3 4 TR BL 0
2 1 TR BL 1
2 3 BL BR 0
0 1 TL TR 1
GAMEOVER WINNER 1
# Game ended: Tue Apr 09 15:50:47 EDT 2019
