# Server version 0.08 running on 192.168.2.12:8123
# Game ID: 300
# Board class: pentago_swap.PentagoBoard
# Timeout: 2000
# First Move Timeout: 30000
# Date: Sun Apr 07 12:11:50 EDT 2019
# Player 1: Player-0, 'RandomPlayer', running on localhost
# Player 2: Player-1, '160726872', running on localhost
START Player-0 RandomPlayer
START Player-1 160726872
5 2 TR BR 0
0 0 TL TR 1
0 4 TL TR 0
0 3 TL BL 1
4 1 BL BR 0
0 2 BL BR 1
2 0 TL BL 0
0 4 TL BL 1
5 3 BL BR 0
0 1 BL BR 1
2 1 TL TR 0
0 2 TL TR 1
GAMEOVER WINNER 1
# Game ended: Sun Apr 07 12:11:51 EDT 2019
