# Server version 0.08 running on lydias-mbp.wireless.concordia.ca:8123
# Game ID: 1116
# Board class: pentago_swap.PentagoBoard
# Timeout: 2000
# First Move Timeout: 30000
# Date: Sat Apr 13 16:05:23 EDT 2019
# Player 1: Player-0, '260726872', running on lydias-mbp.wireless.concordia.ca
# Player 2: Player-1, 'Human', running on lydias-mbp.wireless.concordia.ca
START Player-0 260726872
START Player-1 Human
1 1 TL TR 0
3 3 TR BL 1
1 1 TL TR 0
4 3 BR TL 1
1 5 TL TR 0
2 3 BR BL 1
4 3 TL BL 0
4 5 BR TL 1
4 0 TL BR 0
GAMEOVER WINNER 0
# Game ended: Sat Apr 13 16:06:09 EDT 2019
