# Server version 0.08 running on 142.157.191.28:8123
# Game ID: 641
# Board class: pentago_swap.PentagoBoard
# Timeout: 2000
# First Move Timeout: 30000
# Date: Mon Apr 08 23:32:48 EDT 2019
# Player 1: Player-0, 'Human', running on 142.157.191.28
# Player 2: Player-1, '660726872', running on 142.157.191.28
START Player-0 Human
START Player-1 660726872
2 1 TR BR 0
1 1 TL TR 1
2 1 BR BL 0
1 1 TL TR 1
3 1 BR BL 0
4 1 TL TR 1
3 2 TR BR 0
0 3 TR BR 1
1 2 TR BR 0
2 2 TR BR 1
4 4 TL BR 0
2 5 TL TR 1
3 3 TR BL 0
0 0 TL BR 1
GAMEOVER WINNER 1
# Game ended: Mon Apr 08 23:33:07 EDT 2019
