# Server version 0.08 running on 142.157.191.69:8123
# Game ID: 1115
# Board class: pentago_swap.PentagoBoard
# Timeout: 2000
# First Move Timeout: 30000
# Date: Thu Apr 11 18:35:44 EDT 2019
# Player 1: Player-0, 'Human', running on 142.157.191.69
# Player 2: Player-1, '260726872', running on 142.157.191.69
START Player-0 Human
START Player-1 260726872
1 4 BL BR 0
1 1 TL TR 1
2 0 TL TR 0
4 1 TL TR 1
4 4 BR BL 0
0 2 TL BL 1
0 2 TL BL 0
1 3 BL BR 1
5 3 BR BL 0
0 4 TL BL 1
1 5 BL TR 0
3 4 TR BR 1
5 1 BR TR 0
4 3 TR BR 1
2 4 TR BL 0
0 0 TL BR 1
4 2 BL TL 0
5 2 TL BL 1
GAMEOVER WINNER 1
# Game ended: Thu Apr 11 18:36:38 EDT 2019
