# Server version 0.08 running on 142.157.21.24:8123
# Game ID: 331
# Board class: pentago_swap.PentagoBoard
# Timeout: 2000
# First Move Timeout: 30000
# Date: Sun Apr 07 16:03:45 EDT 2019
# Player 1: Player-0, 'Human', running on 142.157.21.24
# Player 2: Player-1, '160726872', running on 142.157.21.24
START Player-0 Human
START Player-1 160726872
1 1 TR BR 0
0 0 TL TR 1
4 1 TL BR 0
0 0 TR BR 1
1 4 TL TR 0
1 4 TL TR 1
2 2 TR TL 0
0 0 TR BR 1
2 1 TR BR 0
2 2 TR BR 1
3 1 TR BR 0
3 5 TL TR 1
0 4 TR TL 0
GAMEOVER WINNER 0
# Game ended: Sun Apr 07 16:04:16 EDT 2019
