# Server version 0.08 running on 192.168.2.12:8123
# Game ID: 212
# Board class: pentago_swap.PentagoBoard
# Timeout: 2000
# First Move Timeout: 30000
# Date: Sat Apr 06 07:14:14 EDT 2019
# Player 1: Player-0, '260726872', running on 192.168.2.12
# Player 2: Player-1, 'Human', running on 192.168.2.12
START Player-0 260726872
START Player-1 Human
0 0 TL TR 0
3 0 BR BL 1
0 0 TL TR 0
0 2 BR TL 1
0 1 TL TR 0
1 4 BL BR 1
0 1 TL TR 0
0 2 BR TL 1
0 0 TL TR 0
2 2 BL TL 1
0 1 TL TR 0
3 2 TR BL 1
0 1 TL TR 0
1 2 TR BR 1
3 5 BL BR 0
GAMEOVER WINNER 0
# Game ended: Sat Apr 06 07:14:55 EDT 2019
