# Server version 0.08 running on 142.157.21.24:8123
# Game ID: 483
# Board class: pentago_swap.PentagoBoard
# Timeout: 2000
# First Move Timeout: 30000
# Date: Mon Apr 08 17:47:10 EDT 2019
# Player 1: Player-0, '160726872', running on 142.157.21.24
# Player 2: Player-1, 'xxxxxxxxx', running on 142.157.21.24
START Player-0 160726872
START Player-1 xxxxxxxxx
0 0 TL TR 0
1 1 BL BR 1
1 4 TR BR 0
4 1 TL TR 1
1 2 TL BL 0
3 4 BL BR 1
0 1 BL BR 0
4 3 TL BL 1
0 2 TL BL 0
3 1 TL BR 1
0 2 TL TR 0
4 0 TL BR 1
2 2 TR BR 0
2 5 BL BR 1
1 2 BL BR 0
0 5 TL BR 1
0 3 TL BR 0
0 0 TL TR 1
0 1 TL TR 0
0 2 TL TR 1
5 2 TL TR 0
GAMEOVER WINNER 0
# Game ended: Mon Apr 08 17:47:25 EDT 2019
