# Server version 0.08 running on 142.157.191.28:8123
# Game ID: 380
# Board class: pentago_swap.PentagoBoard
# Timeout: 300000
# First Move Timeout: 30000
# Date: Sun Apr 07 20:38:16 EDT 2019
# Player 1: Player-0, 'RandomPlayer', running on 142.157.191.28
# Player 2: Player-1, '260772647', running on teaching.cs.mcgill.ca
START Player-0 RandomPlayer
START Player-1 260772647
5 2 TR BR 0
4 5 TR BL 1
0 3 TL TR 0
1 1 TR BR 1
4 1 BL BR 0
1 4 BL BR 1
2 3 TL BL 0
1 3 TR BR 1
5 1 BL BR 0
4 3 BL BR 1
1 3 TL TR 0
5 0 TL BR 1
0 0 BL BR 0
3 5 TL BL 1
GAMEOVER WINNER 1
# Game ended: Sun Apr 07 20:38:17 EDT 2019
