# Server version 0.08 running on lydias-mbp.wireless.concordia.ca:8123
# Game ID: 1119
# Board class: pentago_swap.PentagoBoard
# Timeout: 2000
# First Move Timeout: 30000
# Date: Sat Apr 13 16:08:33 EDT 2019
# Player 1: Player-0, 'Human', running on lydias-mbp.wireless.concordia.ca
# Player 2: Player-1, '260726872', running on lydias-mbp.wireless.concordia.ca
START Player-0 Human
START Player-1 260726872
1 4 TR BL 0
1 1 TL TR 1
2 3 BR TR 0
1 1 TL TR 1
3 4 TR BR 0
0 0 TL TR 1
2 2 BL TL 0
2 0 TL TR 1
5 3 TR BR 0
1 5 TR BR 1
5 1 BL TR 0
1 5 BL BR 1
2 2 TL BL 0
1 0 TL TR 1
GAMEOVER WINNER 1
# Game ended: Sat Apr 13 16:09:26 EDT 2019
