# Server version 0.08 running on 192.168.2.12:8123
# Game ID: 272
# Board class: pentago_swap.PentagoBoard
# Timeout: 2000
# First Move Timeout: 30000
# Date: Sun Apr 07 10:18:50 EDT 2019
# Player 1: Player-0, 'Human', running on 192.168.2.12
# Player 2: Player-1, '260726872', running on 192.168.2.12
START Player-0 Human
START Player-1 260726872
0 0 TR BR 0
0 1 TL TR 1
1 2 TR TL 0
0 2 TL TR 1
3 4 BL BR 0
0 0 TL TR 1
0 4 BR TR 0
0 3 TL TR 1
0 1 BL TL 0
0 0 TL TR 1
1 2 TR TL 0
0 2 TL TR 1
2 3 TR BL 0
0 5 TL BR 1
2 4 BL TR 0
0 2 TL TR 1
2 3 TL TR 0
1 0 TL TR 1
5 4 BL BR 0
1 0 TL BL 1
2 4 BR TR 0
1 0 TR BR 1
2 0 TL TR 0
4 4 TR BR 1
2 3 BL TR 0
4 4 BL BR 1
5 2 TR TL 0
GAMEOVER WINNER 0
# Game ended: Sun Apr 07 10:20:02 EDT 2019
