# Server version 0.08 running on 192.168.2.12:8123
# Game ID: 918
# Board class: pentago_swap.PentagoBoard
# Timeout: 2000
# First Move Timeout: 30000
# Date: Wed Apr 10 09:02:52 EDT 2019
# Player 1: Player-0, '460726872', running on 192.168.2.12
# Player 2: Player-1, '760726872', running on 192.168.2.12
START Player-0 460726872
START Player-1 760726872
0 0 TL TR 0
1 1 TL TR 1
0 3 TL TR 0
1 4 TL TR 1
0 4 TR BL 0
0 1 TL TR 1
3 2 TR BL 0
2 4 BL BR 1
5 4 TL TR 0
0 3 TR BR 1
1 0 TR BL 0
4 0 TL BR 1
0 4 TR BL 0
3 2 TL BL 1
3 1 TL TR 0
3 2 TL TR 1
4 0 TR BR 0
2 2 TL BL 1
4 0 TL TR 0
4 2 TR BR 1
0 5 TR BR 0
2 5 TL TR 1
5 0 BL BR 0
1 2 TL TR 1
GAMEOVER WINNER 1
# Game ended: Wed Apr 10 09:03:00 EDT 2019
