# Server version 0.08 running on 142.157.191.28:8123
# Game ID: 816
# Board class: pentago_swap.PentagoBoard
# Timeout: 2000
# First Move Timeout: 30000
# Date: Tue Apr 09 21:36:36 EDT 2019
# Player 1: Player-0, '660726872', running on 142.157.191.28
# Player 2: Player-1, '260759490', running on 132.216.233.133
START Player-0 660726872
START Player-1 260759490
1 1 TL TR 0
1 1 TL TR 1
4 1 TL TR 0
4 4 TL TR 1
1 3 TR BR 0
0 3 TL TR 1
3 2 TL BL 0
2 0 TL TR 1
0 2 TL TR 0
2 3 TL TR 1
1 5 TR BR 0
1 2 TL TR 1
1 3 TL BR 0
1 0 TL TR 1
2 1 TR BL 0
5 4 TL TR 1
3 1 TL TR 0
1 5 TL BR 1
0 0 TL TR 0
1 0 TL TR 1
1 2 TL BR 0
2 5 TL TR 1
0 1 TL TR 0
3 4 TR BR 1
0 1 TR BR 0
GAMEOVER WINNER 0
# Game ended: Tue Apr 09 21:36:43 EDT 2019
