# Server version 0.08 running on 142.157.21.24:8123
# Game ID: 474
# Board class: pentago_swap.PentagoBoard
# Timeout: 2000
# First Move Timeout: 30000
# Date: Mon Apr 08 17:20:11 EDT 2019
# Player 1: Player-0, '160726872', running on 142.157.21.24
# Player 2: Player-1, 'xxxxxxxxx', running on 142.157.21.24
START Player-0 160726872
START Player-1 xxxxxxxxx
0 0 TL TR 0
4 4 TR BR 1
0 0 TL TR 0
1 4 TL BR 1
0 1 TL TR 0
0 2 TL BL 1
1 3 TL BL 0
1 0 BL BR 1
0 1 TL TR 0
0 2 TL BR 1
0 1 TL TR 0
1 2 BL BR 1
4 3 TR BL 0
4 5 BL BR 1
2 3 BL BR 0
5 3 TL BR 1
0 0 TL BR 0
GAMEOVER WINNER 0
# Game ended: Mon Apr 08 17:20:27 EDT 2019
