# Server version 0.08 running on 142.157.191.28:8123
# Game ID: 1093
# Board class: pentago_swap.PentagoBoard
# Timeout: 2000
# First Move Timeout: 30000
# Date: Wed Apr 10 19:08:18 EDT 2019
# Player 1: Player-0, '560726872', running on 142.157.191.28
# Player 2: Player-1, '260739391', running on wpa074200.wireless.mcgill.ca
START Player-0 560726872
START Player-1 260739391
1 1 TL TR 0
5 3 TL BR 1
1 1 TL TR 0
4 4 TL TR 1
0 4 BL BR 0
2 4 TL BL 1
2 0 TL BL 0
2 1 TR BL 1
5 5 TL BR 0
5 5 TL BL 1
2 0 TL BR 0
3 3 TL BR 1
1 2 TL BR 0
2 5 TR BL 1
5 1 TR BL 0
1 2 TR BR 1
0 2 TL BL 0
0 5 TL BL 1
0 0 TL BL 0
2 0 TL BL 1
5 1 TL BL 0
4 5 TR BL 1
3 5 TR BL 0
1 2 TL BL 1
4 0 TL BL 0
3 1 TL TR 1
1 0 TL TR 0
4 0 TR BR 1
1 3 TR BR 0
GAMEOVER WINNER 0
# Game ended: Wed Apr 10 19:08:35 EDT 2019
