# Server version 0.08 running on 142.157.191.28:8123
# Game ID: 572
# Board class: pentago_swap.PentagoBoard
# Timeout: 300000
# First Move Timeout: 30000
# Date: Mon Apr 08 20:15:47 EDT 2019
# Player 1: Player-0, '260736135', running on 142.157.55.211
# Player 2: Player-1, '560726872', running on 142.157.191.28
START Player-0 260736135
START Player-1 560726872
5 2 TR BR 0
1 1 TL TR 1
0 3 TL TR 0
1 4 TL TR 1
4 0 BL BR 0
0 0 TR BR 1
2 1 TL BL 0
0 0 TL BL 1
5 3 BL BR 0
5 5 TL BR 1
1 4 TL TR 0
1 4 TL TR 1
GAMEOVER WINNER 1
# Game ended: Mon Apr 08 20:15:51 EDT 2019
