# Server version 0.08 running on 142.157.191.28:8123
# Game ID: 1109
# Board class: pentago_swap.PentagoBoard
# Timeout: 2000
# First Move Timeout: 30000
# Date: Wed Apr 10 20:01:08 EDT 2019
# Player 1: Player-0, 'xxxxxxxxx', running on 142.157.191.28
# Player 2: Player-1, '260726872', running on 142.157.191.28
START Player-0 xxxxxxxxx
START Player-1 260726872
4 4 BL BR 0
1 1 TL TR 1
4 4 TL TR 0
1 4 TL TR 1
1 0 BL BR 0
0 2 TL BL 1
2 5 TR BL 0
5 0 TR BL 1
0 5 TL TR 0
5 0 TL TR 1
GAMEOVER WINNER 1
# Game ended: Wed Apr 10 20:01:16 EDT 2019
