# Server version 0.08 running on 192.168.2.12:8123
# Game ID: 322
# Board class: pentago_swap.PentagoBoard
# Timeout: 2000
# First Move Timeout: 30000
# Date: Sun Apr 07 13:23:56 EDT 2019
# Player 1: Player-0, '260726872', running on localhost
# Player 2: Player-1, '160726872', running on localhost
START Player-0 260726872
START Player-1 160726872
0 0 TL TR 0
0 0 TL TR 1
0 1 TL TR 0
0 1 TL TR 1
0 2 TL TR 0
1 0 TL TR 1
0 5 TL TR 0
4 5 BL BR 1
1 1 TL TR 0
4 3 BL BR 1
1 0 TL TR 0
3 1 TL BR 1
0 0 TL BL 0
2 3 TL TR 1
3 1 TR BL 0
GAMEOVER WINNER 0
# Game ended: Sun Apr 07 13:23:59 EDT 2019
