# Server version 0.08 running on 142.157.191.28:8123
# Game ID: 579
# Board class: pentago_swap.PentagoBoard
# Timeout: 300000
# First Move Timeout: 30000
# Date: Mon Apr 08 20:50:05 EDT 2019
# Player 1: Player-0, '560726872', running on 142.157.191.28
# Player 2: Player-1, '260716696', running on 142.157.24.227
START Player-0 560726872
START Player-1 260716696
1 1 TL TR 0
4 4 TL TR 1
1 4 TL TR 0
4 1 TL TR 1
0 0 TL TR 0
0 4 TL BL 1
0 0 TL BL 0
0 1 TL BL 1
3 0 TL TR 0
4 0 TL TR 1
0 1 TL TR 0
1 0 TL TR 1
2 2 TL TR 0
3 4 TL TR 1
0 5 TL BL 0
4 3 TL BL 1
2 5 TL TR 0
1 3 TL TR 1
5 3 TR BR 0
1 2 BL BR 1
GAMEOVER WINNER 1
# Game ended: Mon Apr 08 20:50:27 EDT 2019
