# Server version 0.08 running on 142.157.191.28:8123
# Game ID: 818
# Board class: pentago_swap.PentagoBoard
# Timeout: 2000
# First Move Timeout: 30000
# Date: Tue Apr 09 21:46:24 EDT 2019
# Player 1: Player-0, '560726872', running on 142.157.191.28
# Player 2: Player-1, '660726872', running on 142.157.191.28
START Player-0 560726872
START Player-1 660726872
1 1 TL TR 0
1 1 TL TR 1
4 1 TL TR 0
4 4 TL TR 1
0 0 TL TR 0
0 0 TL TR 1
3 0 BL BR 0
2 2 TL TR 1
3 0 TL TR 0
2 0 TR BR 1
3 1 TR BL 0
0 1 TL TR 1
3 1 TL BR 0
1 2 BL BR 1
0 1 BL BR 0
5 3 TR BR 1
0 2 TL TR 0
2 2 TL BR 1
0 2 TL BL 0
1 3 TL TR 1
0 5 TR BL 0
GAMEOVER WINNER 0
# Game ended: Tue Apr 09 21:46:31 EDT 2019
