# Server version 0.08 running on 142.157.191.28:8123
# Game ID: 982
# Board class: pentago_swap.PentagoBoard
# Timeout: 2000
# First Move Timeout: 30000
# Date: Wed Apr 10 13:57:27 EDT 2019
# Player 1: Player-0, '560726872', running on 142.157.191.28
# Player 2: Player-1, '260728557', running on 142.157.103.194
START Player-0 560726872
START Player-1 260728557
1 1 TL TR 0
4 4 TL TR 1
1 4 TL TR 0
4 1 TL TR 1
0 0 TL TR 0
2 4 TR BR 1
2 2 TR BL 0
0 5 TL TR 1
0 0 TL TR 0
3 2 TR BL 1
0 0 TR BL 0
GAMEOVER WINNER 0
# Game ended: Wed Apr 10 13:57:35 EDT 2019
