# Server version 0.08 running on 192.168.2.12:8123
# Game ID: 847
# Board class: pentago_swap.PentagoBoard
# Timeout: 2000
# First Move Timeout: 30000
# Date: Wed Apr 10 08:05:56 EDT 2019
# Player 1: Player-0, 'Human', running on 192.168.2.12
# Player 2: Player-1, '760726872', running on 192.168.2.12
START Player-0 Human
START Player-1 760726872
1 4 TL BL 0
1 1 TL TR 1
4 4 BL TR 0
1 4 TL TR 1
2 1 BL TR 0
0 3 TL TR 1
2 2 BR BL 0
0 3 TR BL 1
5 2 TL BR 0
3 2 TL BR 1
5 0 BL TR 0
2 1 TL TR 1
0 1 TL BL 0
0 5 TL BR 1
2 3 TR BR 0
0 0 TR BR 1
0 4 TR TL 0
2 3 TL BR 1
1 3 TR TL 0
0 1 TL TR 1
1 2 TR TL 0
1 2 TL BL 1
5 1 BL TL 0
1 3 TL TR 1
4 3 BR TL 0
0 5 TL BR 1
0 2 TR BR 0
0 0 TR BR 1
2 2 TR BR 0
2 1 TL BL 1
1 2 TR BR 0
GAMEOVER WINNER 0
# Game ended: Wed Apr 10 08:07:14 EDT 2019
