# Server version 0.08 running on 142.157.21.24:8123
# Game ID: 660
# Board class: pentago_swap.PentagoBoard
# Timeout: 300000
# First Move Timeout: 30000
# Date: Tue Apr 09 15:59:28 EDT 2019
# Player 1: Player-0, '660726872', running on 142.157.21.24
# Player 2: Player-1, '260759490', running on vpn71248.vpn.mcgill.ca
START Player-0 660726872
START Player-1 260759490
1 1 TL TR 0
1 1 TL TR 1
4 1 TL TR 0
4 4 TL TR 1
3 5 BL BR 0
0 0 TL TR 1
0 2 TR BL 0
3 5 TL TR 1
2 2 TL TR 0
1 5 TL TR 1
2 1 TL TR 0
1 0 TL TR 1
0 0 BL BR 0
1 0 BL BR 1
GAMEOVER WINNER 1
# Game ended: Tue Apr 09 15:59:32 EDT 2019
