# Server version 0.08 running on 142.157.191.69:8123
# Game ID: 1113
# Board class: pentago_swap.PentagoBoard
# Timeout: 2000
# First Move Timeout: 30000
# Date: Thu Apr 11 18:35:22 EDT 2019
# Player 1: Player-0, '260726872', running on 142.157.191.69
# Player 2: Player-1, '260726872', running on 142.157.191.69
START Player-0 260726872
START Player-1 260726872
1 1 TL TR 0
1 1 TL TR 1
4 1 TL TR 0
4 4 TL TR 1
2 3 BL BR 0
0 0 TL TR 1
3 2 TL BR 0
0 0 TL TR 1
1 2 TL TR 0
GAMEOVER USER CANCEL UNDECIDED
# Game ended: Thu Apr 11 18:35:26 EDT 2019
