# Server version 0.08 running on 142.157.191.28:8123
# Game ID: 379
# Board class: pentago_swap.PentagoBoard
# Timeout: 300000
# First Move Timeout: 30000
# Date: Sun Apr 07 20:37:09 EDT 2019
# Player 1: Player-0, '11111111', running on 142.157.191.28
# Player 2: Player-1, '260772647', running on teaching.cs.mcgill.ca
START Player-0 11111111
START Player-1 260772647
0 0 TL BR 0
3 4 TL BR 1
0 3 TR BR 0
1 0 BL BR 1
0 2 TL BL 0
2 2 BL BR 1
0 4 TR BR 0
0 1 TL BL 1
0 0 TR BL 0
0 1 TR BR 1
GAMEOVER USER CANCEL UNDECIDED
# Game ended: Sun Apr 07 20:37:17 EDT 2019
