# Server version 0.08 running on 142.157.21.24:8123
# Game ID: 1031
# Board class: pentago_swap.PentagoBoard
# Timeout: 2000
# First Move Timeout: 30000
# Date: Wed Apr 10 17:18:32 EDT 2019
# Player 1: Player-0, '260707007', running on 142.157.134.164
# Player 2: Player-1, '560726872', running on 142.157.21.24
START Player-0 260707007
START Player-1 560726872
1 1 TL TR 0
1 1 TL TR 1
4 1 TL TR 0
4 4 TL TR 1
3 3 TR BL 0
0 0 TL TR 1
2 1 TL BL 0
0 5 TL TR 1
0 5 TR BR 0
0 4 TL BL 1
3 1 BL BR 0
3 1 TL BR 1
3 4 TL BR 0
2 4 BL BR 1
GAMEOVER DRAW
# Game ended: Wed Apr 10 17:18:42 EDT 2019
