# Server version 0.08 running on 142.157.21.24:8123
# Game ID: 661
# Board class: pentago_swap.PentagoBoard
# Timeout: 300000
# First Move Timeout: 30000
# Date: Tue Apr 09 15:59:46 EDT 2019
# Player 1: Player-0, '260759490', running on vpn71248.vpn.mcgill.ca
# Player 2: Player-1, '660726872', running on 142.157.21.24
START Player-0 260759490
START Player-1 660726872
1 1 TL TR 0
1 1 TL TR 1
0 3 TL TR 0
4 1 TL TR 1
4 4 TL TR 0
2 0 BL BR 1
3 5 TL TR 0
0 4 TL BR 1
2 4 TL TR 0
0 2 TL BL 1
2 3 TL TR 0
0 1 TR BR 1
2 1 TL TR 0
0 1 TL TR 1
5 5 TL TR 0
0 2 TL TR 1
2 5 TL TR 0
0 0 TL BR 1
GAMEOVER WINNER 1
# Game ended: Tue Apr 09 15:59:50 EDT 2019
