# Server version 0.08 running on 142.157.191.28:8123
# Game ID: 371
# Board class: pentago_swap.PentagoBoard
# Timeout: 2000
# First Move Timeout: 30000
# Date: Sun Apr 07 20:09:24 EDT 2019
# Player 1: Player-0, 'Human', running on 142.157.191.28
# Player 2: Player-1, '160726872', running on 142.157.191.28
START Player-0 Human
START Player-1 160726872
1 1 TL TR 0
0 0 TL TR 1
0 1 TL TR 0
0 2 TL TR 1
0 4 TR BR 0
0 0 TL BR 1
5 4 BR BL 0
1 2 BL BR 1
2 2 TL TR 0
0 2 TL TR 1
1 1 TL BL 0
5 1 TL BL 1
1 4 BR TR 0
2 0 BL BR 1
3 1 TL BR 0
GAMEOVER WINNER 0
# Game ended: Sun Apr 07 20:10:35 EDT 2019
