# Server version 0.08 running on 192.168.2.12:8123
# Game ID: 867
# Board class: pentago_swap.PentagoBoard
# Timeout: 2000
# First Move Timeout: 30000
# Date: Wed Apr 10 08:23:01 EDT 2019
# Player 1: Player-0, '760726872', running on 192.168.2.12
# Player 2: Player-1, '360726872', running on 192.168.2.12
START Player-0 760726872
START Player-1 360726872
1 1 TL TR 0
0 0 TL TR 1
1 4 TL TR 0
0 1 TR BR 1
3 3 TL BR 0
4 3 TL BR 1
5 5 TR BL 0
2 2 TR BL 1
2 5 TL TR 0
1 1 TL TR 1
5 2 TL BL 0
1 1 TL BL 1
0 3 TL BR 0
5 0 TL BR 1
0 4 TL TR 0
2 0 TL TR 1
3 2 TL TR 0
2 3 TL BL 1
4 0 TL BL 0
2 1 TL TR 1
2 1 TL TR 0
3 1 TL TR 1
5 1 TL TR 0
4 3 TL TR 1
5 3 TL TR 0
5 4 TL TR 1
4 2 TL TR 0
1 2 TR BR 1
0 2 TR BR 0
3 4 TL BL 1
1 5 TL BL 0
GAMEOVER WINNER 0
# Game ended: Wed Apr 10 08:23:11 EDT 2019
