# Server version 0.08 running on 192.168.2.12:8123
# Game ID: 924
# Board class: pentago_swap.PentagoBoard
# Timeout: 2000
# First Move Timeout: 30000
# Date: Wed Apr 10 09:05:34 EDT 2019
# Player 1: Player-0, '760726872', running on 192.168.2.12
# Player 2: Player-1, '160726872', running on 192.168.2.12
START Player-0 760726872
START Player-1 160726872
1 1 TL TR 0
0 0 TL TR 1
1 4 TL TR 0
0 1 TL TR 1
0 0 TR BR 0
0 2 TL BL 1
0 0 TL BL 0
0 1 TL BL 1
3 5 TL BL 0
1 2 TL BL 1
2 2 BL BR 0
1 1 TL BR 1
0 3 TL BR 0
0 1 BL BR 1
5 0 TR BL 0
2 1 TR BL 1
4 0 TL TR 0
1 0 TL BR 1
1 0 TL TR 0
4 5 TR BR 1
0 2 TL BR 0
2 3 TL TR 1
0 1 TL BR 0
3 5 TR BR 1
1 0 TL BL 0
GAMEOVER WINNER 0
# Game ended: Wed Apr 10 09:05:41 EDT 2019
