# Server version 0.08 running on 142.157.21.24:8123
# Game ID: 765
# Board class: pentago_swap.PentagoBoard
# Timeout: 2000
# First Move Timeout: 30000
# Date: Tue Apr 09 19:05:01 EDT 2019
# Player 1: Player-0, 'Human', running on 142.157.21.24
# Player 2: Player-1, '660726872', running on 142.157.21.24
START Player-0 Human
START Player-1 660726872
1 4 BR TL 0
1 1 TL TR 1
4 4 BL TR 0
1 4 TL TR 1
3 4 TR BR 0
0 0 BL BR 1
2 2 BL TR 0
5 5 TL BR 1
0 0 BL TL 0
0 2 TL BL 1
1 2 TR BL 0
3 0 TR BL 1
4 3 TR BR 0
0 1 TR BR 1
2 1 TR BR 0
4 2 TR BR 1
0 4 TR TL 0
2 1 TL TR 1
5 4 BR TR 0
5 1 TR BR 1
1 5 TR BL 0
0 2 TR BL 1
5 2 BL TL 0
0 5 TL BL 1
3 0 BL BR 0
1 3 BL BR 1
2 3 TR BL 0
3 4 TR BL 1
2 0 TL TR 0
2 2 TL TR 1
5 3 BR BL 0
3 2 TR BL 1
GAMEOVER WINNER 1
# Game ended: Tue Apr 09 19:06:50 EDT 2019
