# Server version 0.08 running on 142.157.21.24:8123
# Game ID: 545
# Board class: pentago_swap.PentagoBoard
# Timeout: 2000
# First Move Timeout: 30000
# Date: Mon Apr 08 19:31:22 EDT 2019
# Player 1: Player-0, 'xxxxxxxxx', running on 142.157.21.24
# Player 2: Player-1, '460726872', running on 142.157.21.24
START Player-0 xxxxxxxxx
START Player-1 460726872
4 4 TL BL 0
0 3 TL TR 1
1 4 BL BR 0
0 1 TL BL 1
2 2 TR BL 0
0 5 TL BR 1
3 4 TR BL 0
0 0 TL BL 1
5 2 BL BR 0
0 4 TL TR 1
3 2 BL BR 0
1 2 TL TR 1
0 5 TR BL 0
1 2 TL BL 1
2 2 TR BR 0
0 0 TL BR 1
GAMEOVER WINNER 1
# Game ended: Mon Apr 08 19:31:31 EDT 2019
