# Server version 0.08 running on 192.168.2.12:8123
# Game ID: 439
# Board class: pentago_swap.PentagoBoard
# Timeout: 2000
# First Move Timeout: 30000
# Date: Sun Apr 07 23:41:20 EDT 2019
# Player 1: Player-0, '160726872', running on 192.168.2.12
# Player 2: Player-1, '260726872', running on 192.168.2.12
START Player-0 160726872
START Player-1 260726872
0 0 TL TR 0
0 0 TL TR 1
0 1 TL BR 0
0 0 TL TR 1
1 1 BL BR 0
0 1 TL TR 1
2 4 TR BR 0
0 1 TL TR 1
0 5 TL TR 0
0 3 TL TR 1
0 1 TL TR 0
1 3 TL TR 1
1 1 TL TR 0
1 0 TL TR 1
5 1 TR BR 0
0 5 TR BL 1
GAMEOVER WINNER 1
# Game ended: Sun Apr 07 23:41:26 EDT 2019
