# Server version 0.08 running on 142.157.191.28:8123
# Game ID: 404
# Board class: pentago_swap.PentagoBoard
# Timeout: 2000
# First Move Timeout: 30000
# Date: Sun Apr 07 21:59:21 EDT 2019
# Player 1: Player-0, '160726872', running on 142.157.191.28
# Player 2: Player-1, '260726872', running on 142.157.191.28
START Player-0 160726872
START Player-1 260726872
0 0 TL TR 0
0 0 TL TR 1
0 1 TL TR 0
0 1 TL TR 1
2 4 TL BR 0
0 0 TL TR 1
0 2 TL BL 0
0 0 TL TR 1
0 1 TL TR 0
0 1 TL TR 1
0 5 TL TR 0
0 5 TL TR 1
1 1 TL TR 0
1 0 TL TR 1
2 1 TL TR 0
4 4 TL BR 1
1 5 TL BR 0
4 2 TL BR 1
5 3 TL BR 0
4 1 TL BL 1
5 1 TR BL 0
1 5 TR BL 1
2 0 TL TR 0
4 3 TR BR 1
1 5 TR BR 0
GAMEOVER WINNER 0
# Game ended: Sun Apr 07 21:59:27 EDT 2019
