# Server version 0.08 running on 142.157.191.28:8123
# Game ID: 381
# Board class: pentago_swap.PentagoBoard
# Timeout: 300000
# First Move Timeout: 30000
# Date: Sun Apr 07 20:40:00 EDT 2019
# Player 1: Player-0, '260772647', running on teaching.cs.mcgill.ca
# Player 2: Player-1, 'RandomPlayer', running on 142.157.191.28
START Player-0 260772647
START Player-1 RandomPlayer
1 1 TR BL 0
0 1 TR BR 1
0 4 TL TR 0
3 3 TL TR 1
3 4 TL BL 0
1 4 BL BR 1
3 2 TL BL 0
3 5 TL BL 1
3 3 TL BL 0
5 4 BL BR 1
5 2 TL BL 0
4 1 TL TR 1
5 2 BL BR 0
1 3 BL BR 1
4 4 TL TR 0
5 3 TR BR 1
2 5 TR BR 0
2 0 TL BR 1
GAMEOVER WINNER 0
# Game ended: Sun Apr 07 20:40:00 EDT 2019
