# Server version 0.08 running on 142.157.21.24:8123
# Game ID: 655
# Board class: pentago_swap.PentagoBoard
# Timeout: 300000
# First Move Timeout: 30000
# Date: Tue Apr 09 15:49:44 EDT 2019
# Player 1: Player-0, '560726872', running on 142.157.21.24
# Player 2: Player-1, '260716696', running on 142.157.166.153
START Player-0 560726872
START Player-1 260716696
1 1 TL TR 0
4 4 TL TR 1
1 4 TL TR 0
4 1 TL TR 1
0 0 TL TR 0
0 1 TR BR 1
2 2 TR BL 0
0 0 TL TR 1
5 5 TL TR 0
GAMEOVER WINNER 0
# Game ended: Tue Apr 09 15:49:52 EDT 2019
