# Server version 0.08 running on 142.157.191.28:8123
# Game ID: 420
# Board class: pentago_swap.PentagoBoard
# Timeout: 300000
# First Move Timeout: 30000
# Date: Sun Apr 07 22:27:29 EDT 2019
# Player 1: Player-0, '160726872', running on 142.157.191.28
# Player 2: Player-1, 'Human', running on 142.157.191.28
START Player-0 160726872
START Player-1 Human
0 0 TL TR 0
1 4 TR TL 1
0 1 TL TR 0
0 5 TR TL 1
1 2 TL TR 0
2 3 BL TL 1
1 2 TR BR 0
4 1 BR TR 1
3 2 TR BR 0
3 1 BR TR 1
0 1 TR BR 0
2 3 TR BR 1
0 2 TL TR 0
0 3 TL BR 1
2 5 TL BL 0
1 2 BR BL 1
4 5 TL BL 0
3 5 BR BL 1
2 2 TR BL 0
GAMEOVER WINNER 0
# Game ended: Sun Apr 07 22:31:29 EDT 2019
