# Server version 0.08 running on 192.168.2.12:8123
# Game ID: 457
# Board class: pentago_swap.PentagoBoard
# Timeout: 2000
# First Move Timeout: 30000
# Date: Mon Apr 08 07:42:41 EDT 2019
# Player 1: Player-0, 'Human', running on 192.168.2.12
# Player 2: Player-1, '160726872', running on 192.168.2.12
START Player-0 Human
START Player-1 160726872
1 1 BR BL 0
0 0 TL TR 1
4 1 TL BR 0
0 4 TL BL 1
2 2 TR BR 0
0 1 TL TR 1
5 5 BR TL 0
0 5 TL TR 1
0 5 TR TL 0
0 3 TL TR 1
GAMEOVER WINNER 1
# Game ended: Mon Apr 08 07:43:08 EDT 2019
