# Server version 0.08 running on 142.157.21.24:8123
# Game ID: 999
# Board class: pentago_swap.PentagoBoard
# Timeout: 2000
# First Move Timeout: 30000
# Date: Wed Apr 10 15:41:06 EDT 2019
# Player 1: Player-0, '260708568', running on 142.157.37.150
# Player 2: Player-1, '560726872', running on 142.157.21.24
START Player-0 260708568
START Player-1 560726872
4 4 TL TR 0
1 1 TL TR 1
4 1 TL TR 0
1 4 TL TR 1
5 1 TL TR 0
0 0 TL TR 1
5 2 TL BL 0
0 0 TL TR 1
1 5 TR BR 0
3 0 BL BR 1
2 2 BL BR 0
0 1 TR BL 1
0 2 BL BR 0
0 4 TL TR 1
4 3 TL TR 0
0 5 TL TR 1
GAMEOVER WINNER 1
# Game ended: Wed Apr 10 15:41:18 EDT 2019
