# Server version 0.08 running on 192.168.2.12:8123
# Game ID: 940
# Board class: pentago_swap.PentagoBoard
# Timeout: 2000
# First Move Timeout: 30000
# Date: Wed Apr 10 09:19:03 EDT 2019
# Player 1: Player-0, '560726872', running on 192.168.2.12
# Player 2: Player-1, '760726872', running on 192.168.2.12
START Player-0 560726872
START Player-1 760726872
1 1 TL TR 0
1 1 TL TR 1
4 1 TL TR 0
4 4 TL TR 1
0 0 TL TR 0
0 0 TL BL 1
2 2 TR BR 0
3 4 TL BL 1
0 1 TL BL 0
5 4 BL BR 1
0 0 BL BR 0
GAMEOVER WINNER 0
# Game ended: Wed Apr 10 09:19:06 EDT 2019
