# Server version 0.08 running on 142.157.21.24:8123
# Game ID: 561
# Board class: pentago_swap.PentagoBoard
# Timeout: 2000
# First Move Timeout: 30000
# Date: Mon Apr 08 19:44:02 EDT 2019
# Player 1: Player-0, '460726872', running on 142.157.21.24
# Player 2: Player-1, 'yukiyuki', running on 142.157.21.24
START Player-0 460726872
START Player-1 yukiyuki
0 0 TL TR 0
1 1 TL TR 1
0 3 TL TR 0
1 4 TL TR 1
0 4 TR BL 0
3 3 TL BR 1
3 4 TR BR 0
0 5 TR BL 1
3 3 TL TR 0
2 0 TL TR 1
2 0 TL TR 0
0 2 TL TR 1
GAMEOVER WINNER 1
# Game ended: Mon Apr 08 19:44:07 EDT 2019
