# Server version 0.08 running on 192.168.2.12:8123
# Game ID: 654
# Board class: pentago_swap.PentagoBoard
# Timeout: 300000
# First Move Timeout: 30000
# Date: Tue Apr 09 11:24:42 EDT 2019
# Player 1: Player-0, '560726872', running on 192.168.2.12
# Player 2: Player-1, '660726872', running on 192.168.2.12
START Player-0 560726872
START Player-1 660726872
1 1 TL TR 0
1 1 TL TR 1
4 1 TL TR 0
4 4 TL TR 1
0 0 TL TR 0
2 0 BL BR 1
3 3 TL TR 0
2 2 BL BR 1
GAMEOVER USER CANCEL UNDECIDED
# Game ended: Tue Apr 09 11:24:45 EDT 2019
