# Server version 0.08 running on 142.157.21.24:8123
# Game ID: 530
# Board class: pentago_swap.PentagoBoard
# Timeout: 2000
# First Move Timeout: 30000
# Date: Mon Apr 08 18:59:47 EDT 2019
# Player 1: Player-0, '460726872', running on 142.157.21.24
# Player 2: Player-1, '160726872', running on 142.157.21.24
START Player-0 460726872
START Player-1 160726872
0 0 TL TR 0
0 0 TL TR 1
3 0 TL TR 0
0 1 TL TR 1
3 3 TL TR 0
0 2 TL TR 1
3 1 TR BR 0
0 1 TL BL 1
3 2 TR BR 0
3 4 TL BR 1
0 2 TR BR 0
5 4 TL TR 1
1 0 TR BR 0
4 4 TL BL 1
1 4 TL TR 0
2 4 TL BL 1
1 4 TL TR 0
0 5 TL TR 1
2 3 TR BL 0
2 3 TL TR 1
2 3 TL TR 0
4 0 TL TR 1
1 4 TL TR 0
4 3 TR BR 1
1 2 TL TR 0
GAMEOVER WINNER 0
# Game ended: Mon Apr 08 18:59:55 EDT 2019
