# Server version 0.08 running on 192.168.2.12:8123
# Game ID: 313
# Board class: pentago_swap.PentagoBoard
# Timeout: 2000
# First Move Timeout: 30000
# Date: Sun Apr 07 13:11:54 EDT 2019
# Player 1: Player-0, '160726872', running on localhost
# Player 2: Player-1, '260726872', running on localhost
START Player-0 160726872
START Player-1 260726872
0 0 TL TR 0
0 0 TL TR 1
1 1 TL TR 0
0 1 TL TR 1
2 2 TR BR 0
0 1 TL TR 1
1 1 TR BR 0
2 2 TL TR 1
0 3 TL TR 0
0 1 TL TR 1
1 3 TL TR 0
0 2 TL TR 1
4 3 TL BL 0
1 1 BL BR 1
0 0 BL BR 0
5 2 TR BR 1
0 1 TL TR 0
GAMEOVER WINNER 0
# Game ended: Sun Apr 07 13:11:58 EDT 2019
