# Server version 0.08 running on 142.157.21.24:8123
# Game ID: 482
# Board class: pentago_swap.PentagoBoard
# Timeout: 2000
# First Move Timeout: 30000
# Date: Mon Apr 08 17:46:44 EDT 2019
# Player 1: Player-0, 'xxxxxxxxx', running on 142.157.21.24
# Player 2: Player-1, '160726872', running on 142.157.21.24
START Player-0 xxxxxxxxx
START Player-1 160726872
4 4 TL BR 0
0 0 TL TR 1
4 1 TR BL 0
0 0 TL TR 1
2 0 TL BR 0
0 0 TL BR 1
3 4 TR BL 0
0 4 TL BL 1
0 5 TR BR 0
0 1 TL TR 1
0 5 BL BR 0
1 0 TR BL 1
2 3 BL BR 0
3 2 TL TR 1
4 4 BL BR 0
4 0 BL BR 1
5 3 TR BR 0
3 0 TR BR 1
3 1 TR BL 0
5 0 TR BL 1
GAMEOVER WINNER 1
# Game ended: Mon Apr 08 17:47:02 EDT 2019
