# Server version 0.08 running on 192.168.2.12:8123
# Game ID: 275
# Board class: pentago_swap.PentagoBoard
# Timeout: 2000
# First Move Timeout: 30000
# Date: Sun Apr 07 10:22:20 EDT 2019
# Player 1: Player-0, '260726872', running on 192.168.2.12
# Player 2: Player-1, 'Human', running on 192.168.2.12
START Player-0 260726872
START Player-1 Human
0 3 TL TR 0
0 3 BR TR 1
2 5 TL BL 0
2 2 TR TL 1
4 0 TL TR 0
2 3 TL TR 1
3 5 TR BR 0
2 3 TL TR 1
3 3 TR BR 0
2 3 TL TR 1
1 4 TR BR 0
1 2 TR TL 1
0 2 TR BR 0
2 4 BL TR 1
3 4 TL TR 0
5 2 BR BL 1
4 1 TL TR 0
5 1 TR TL 1
GAMEOVER WINNER 1
# Game ended: Sun Apr 07 10:22:56 EDT 2019
