# Server version 0.08 running on 142.157.191.28:8123
# Game ID: 598
# Board class: pentago_swap.PentagoBoard
# Timeout: 2000
# First Move Timeout: 30000
# Date: Mon Apr 08 22:02:14 EDT 2019
# Player 1: Player-0, 'Human', running on 142.157.191.28
# Player 2: Player-1, '660726872', running on 142.157.191.28
START Player-0 Human
START Player-1 660726872
1 1 TL TR 0
1 1 TL TR 1
4 1 BL TL 0
4 4 TL TR 1
1 5 TR BR 0
1 3 TL BL 1
4 3 BR TR 0
1 2 TL BL 1
4 5 BL BR 0
0 0 BL BR 1
5 5 BL BR 0
0 5 BL BR 1
3 5 BL BR 0
2 5 BL BR 1
1 2 BL BR 0
2 2 BL BR 1
3 3 BR TR 0
0 1 TR BR 1
2 1 TL TR 0
4 0 BL BR 1
3 4 TR BR 0
0 1 TR BR 1
GAMEOVER USER CANCEL UNDECIDED
# Game ended: Mon Apr 08 22:05:16 EDT 2019
