# Server version 0.08 running on 142.157.21.24:8123
# Game ID: 193
# Board class: pentago_swap.PentagoBoard
# Timeout: 300000
# First Move Timeout: 30000
# Date: Fri Apr 05 15:31:23 EDT 2019
# Player 1: Player-0, '260726872', running on 142.157.21.24
# Player 2: Player-1, 'Human', running on 142.157.21.24
START Player-0 260726872
START Player-1 Human
0 0 TL TR 0
1 4 TR BR 1
0 0 TL TR 0
1 4 TR TL 1
0 1 TL TR 0
0 5 TR TL 1
0 3 TL TR 0
0 1 TL BL 1
0 0 TL TR 0
4 1 BL TR 1
0 5 TL TR 0
2 1 TL BL 1
0 1 BL BR 0
2 4 TL BL 1
GAMEOVER WINNER 1
# Game ended: Fri Apr 05 15:31:44 EDT 2019
