# Server version 0.08 running on 142.157.21.24:8123
# Game ID: 546
# Board class: pentago_swap.PentagoBoard
# Timeout: 2000
# First Move Timeout: 30000
# Date: Mon Apr 08 19:31:37 EDT 2019
# Player 1: Player-0, '460726872', running on 142.157.21.24
# Player 2: Player-1, 'xxxxxxxxx', running on 142.157.21.24
START Player-0 460726872
START Player-1 xxxxxxxxx
0 3 TR BR 0
4 1 TL BL 1
0 0 TR BR 0
4 1 TL BR 1
3 4 TL BR 0
0 2 TL BL 1
0 1 TL BR 0
3 5 TL BR 1
1 0 BL BR 0
5 3 TL TR 1
0 2 TL TR 0
0 4 TR BR 1
3 2 TR BR 0
2 0 TL TR 1
3 1 TL TR 0
3 0 TL BL 1
5 4 TL BL 0
1 2 TL TR 1
4 0 TL TR 0
5 5 BL BR 1
4 0 BL BR 0
4 5 TL BL 1
2 5 BL BR 0
5 5 TL BR 1
GAMEOVER WINNER 1
# Game ended: Mon Apr 08 19:31:57 EDT 2019
