# Server version 0.08 running on 142.157.191.28:8123
# Game ID: 975
# Board class: pentago_swap.PentagoBoard
# Timeout: 2000
# First Move Timeout: 30000
# Date: Wed Apr 10 13:37:08 EDT 2019
# Player 1: Player-0, '560726872', running on 142.157.191.28
# Player 2: Player-1, '260716696', running on 142.157.103.194
START Player-0 560726872
START Player-1 260716696
1 1 TL TR 0
4 4 TL TR 1
1 4 TL TR 0
4 1 TL TR 1
0 0 TL TR 0
2 4 TR BR 1
2 2 TR BL 0
0 5 TL TR 1
0 0 TL TR 0
0 0 TL TR 1
2 2 BL BR 0
5 2 TL TR 1
1 5 TL TR 0
4 0 TL BL 1
3 3 TL BR 0
1 0 BL BR 1
1 5 TR BR 0
0 1 TL TR 1
3 5 TL TR 0
GAMEOVER WINNER 0
# Game ended: Wed Apr 10 13:37:29 EDT 2019
