# Server version 0.08 running on 142.157.21.24:8123
# Game ID: 692
# Board class: pentago_swap.PentagoBoard
# Timeout: 2000
# First Move Timeout: 30000
# Date: Tue Apr 09 17:36:17 EDT 2019
# Player 1: Player-0, 'Human', running on 142.157.21.24
# Player 2: Player-1, '660726872', running on 142.157.21.24
START Player-0 Human
START Player-1 660726872
1 1 TR BR 0
1 4 TL TR 1
4 1 TL BR 0
1 1 TL TR 1
2 4 BR BL 0
0 5 TR BL 1
2 3 TL BL 0
3 4 TL BL 1
3 3 TL TR 0
1 2 TR BL 1
1 3 TR TL 0
1 2 BL BR 1
1 3 BR BL 0
0 5 TL BL 1
4 3 TR TL 0
1 5 TL BR 1
5 0 BL TR 0
3 1 TR BR 1
2 5 TL BR 0
2 2 TR BL 1
GAMEOVER WINNER 1
# Game ended: Tue Apr 09 17:36:59 EDT 2019
