# Server version 0.08 running on 192.168.2.12:8123
# Game ID: 927
# Board class: pentago_swap.PentagoBoard
# Timeout: 2000
# First Move Timeout: 30000
# Date: Wed Apr 10 09:07:29 EDT 2019
# Player 1: Player-0, '760726872', running on 192.168.2.12
# Player 2: Player-1, 'Human', running on 192.168.2.12
START Player-0 760726872
START Player-1 Human
1 1 TL TR 0
4 4 BL TL 1
1 1 TL TR 0
4 1 BL BR 1
0 0 TL TR 0
2 5 TR TL 1
0 3 TR BL 0
5 2 TL BR 1
0 3 TL BR 0
4 0 BL TL 1
3 1 TL TR 0
3 2 TR BR 1
3 4 BL BR 0
3 2 BR BL 1
0 1 TL TR 0
0 5 TR BL 1
2 4 TL BL 0
GAMEOVER WINNER 0
# Game ended: Wed Apr 10 09:08:00 EDT 2019
