# Server version 0.08 running on lydias-mbp.wireless.concordia.ca:8123
# Game ID: 1117
# Board class: pentago_swap.PentagoBoard
# Timeout: 2000
# First Move Timeout: 30000
# Date: Sat Apr 13 16:06:16 EDT 2019
# Player 1: Player-0, '260726872', running on lydias-mbp.wireless.concordia.ca
# Player 2: Player-1, 'Human', running on lydias-mbp.wireless.concordia.ca
START Player-0 260726872
START Player-1 Human
1 1 TL TR 0
4 1 BR BL 1
1 1 TL TR 0
4 1 TL BL 1
0 0 TL BR 0
3 2 BR BL 1
0 2 TL TR 0
3 3 BL TR 1
2 1 TR BR 0
3 1 TL BL 1
1 5 TL BL 0
0 4 TR BR 1
2 2 TR BR 0
0 2 BL BR 1
0 1 BL BR 0
5 3 TR BL 1
5 1 TL BL 0
GAMEOVER WINNER 0
# Game ended: Sat Apr 13 16:07:15 EDT 2019
