# Server version 0.08 running on 142.157.21.24:8123
# Game ID: 550
# Board class: pentago_swap.PentagoBoard
# Timeout: 2000
# First Move Timeout: 30000
# Date: Mon Apr 08 19:33:30 EDT 2019
# Player 1: Player-0, 'xxxxxxxxx', running on 142.157.21.24
# Player 2: Player-1, '460726872', running on 142.157.21.24
START Player-0 xxxxxxxxx
START Player-1 460726872
1 4 TL TR 0
0 0 TL TR 1
4 4 BL BR 0
1 3 BL BR 1
2 3 BL BR 0
0 0 TL TR 1
0 1 TL BL 0
1 3 BL BR 1
5 2 BL BR 0
2 3 TL TR 1
GAMEOVER WINNER 1
# Game ended: Mon Apr 08 19:33:36 EDT 2019
