# Server version 0.08 running on 142.157.191.28:8123
# Game ID: 378
# Board class: pentago_swap.PentagoBoard
# Timeout: 300000
# First Move Timeout: 30000
# Date: Sun Apr 07 20:36:31 EDT 2019
# Player 1: Player-0, '160726872', running on 142.157.191.28
# Player 2: Player-1, '260772647', running on teaching.cs.mcgill.ca
START Player-0 160726872
START Player-1 260772647
0 0 TL TR 0
0 1 BL BR 1
0 4 TR BR 0
3 5 TL BR 1
1 1 TL BR 0
5 4 TR BR 1
3 2 TR BR 0
5 5 TL BR 1
3 1 TL BR 0
3 0 TL TR 1
0 1 TL TR 0
4 5 TR BR 1
4 4 TR BR 0
2 4 TL BL 1
0 3 TL TR 0
2 2 TR BL 1
0 2 TL BL 0
GAMEOVER WINNER 0
# Game ended: Sun Apr 07 20:36:36 EDT 2019
