# Server version 0.08 running on 142.157.191.28:8123
# Game ID: 1097
# Board class: pentago_swap.PentagoBoard
# Timeout: 2000
# First Move Timeout: 30000
# Date: Wed Apr 10 19:28:25 EDT 2019
# Player 1: Player-0, 'xxxxxxxxx', running on 142.157.191.28
# Player 2: Player-1, '260726872', running on 142.157.191.28
START Player-0 xxxxxxxxx
START Player-1 260726872
4 1 TL TR 0
1 1 TL TR 1
4 4 TL BR 0
4 4 TL TR 1
1 5 TR BL 0
1 0 TL TR 1
1 2 TL BR 0
4 3 TL BL 1
1 0 TR BR 0
0 3 TL BL 1
0 4 BL BR 0
2 3 BL BR 1
5 5 TR BL 0
1 0 TR BL 1
3 3 TR BL 0
2 0 TR BL 1
2 4 TR BR 0
0 0 TL TR 1
GAMEOVER WINNER 1
# Game ended: Wed Apr 10 19:28:38 EDT 2019
