# Server version 0.08 running on 142.157.21.24:8123
# Game ID: 691
# Board class: pentago_swap.PentagoBoard
# Timeout: 2000
# First Move Timeout: 30000
# Date: Tue Apr 09 17:35:21 EDT 2019
# Player 1: Player-0, '660726872', running on 142.157.21.24
# Player 2: Player-1, 'Human', running on 142.157.21.24
START Player-0 660726872
START Player-1 Human
1 1 TL TR 0
4 4 TR TL 1
1 4 TL TR 0
4 1 TR TL 1
0 2 TL BL 0
2 3 BL TL 1
2 1 TL BL 0
3 1 BR BL 1
2 4 TR BR 0
3 4 BR TL 1
0 2 TL BL 0
2 3 BR BL 1
1 5 TR BL 0
4 3 TL TR 1
4 5 TL BR 0
2 2 TR BL 1
0 0 TL BL 0
3 3 BL TL 1
0 3 BL BR 0
1 3 TR BR 1
1 5 TL BR 0
2 2 TL BL 1
0 3 TR BR 0
GAMEOVER WINNER 0
# Game ended: Tue Apr 09 17:36:05 EDT 2019
