# Server version 0.08 running on 142.157.191.28:8123
# Game ID: 384
# Board class: pentago_swap.PentagoBoard
# Timeout: 2000
# First Move Timeout: 30000
# Date: Sun Apr 07 21:40:31 EDT 2019
# Player 1: Player-0, '260726872', running on 142.157.191.28
# Player 2: Player-1, '260726872', running on 142.157.191.28
START Player-0 260726872
START Player-1 260726872
0 0 TL TR 0
0 0 TL TR 1
0 1 TL TR 0
0 1 TL TR 1
0 2 TL TR 0
0 2 TL TR 1
1 0 TL TR 0
1 0 TL TR 1
1 1 TL TR 0
1 1 TL TR 1
1 2 TL TR 0
1 2 TL TR 1
2 0 TL TR 0
2 0 TL TR 1
GAMEOVER USER CANCEL UNDECIDED
# Game ended: Sun Apr 07 21:40:36 EDT 2019
