# Server version 0.08 running on 192.168.2.12:8123
# Game ID: 859
# Board class: pentago_swap.PentagoBoard
# Timeout: 2000
# First Move Timeout: 30000
# Date: Wed Apr 10 08:17:21 EDT 2019
# Player 1: Player-0, '760726872', running on 192.168.2.12
# Player 2: Player-1, 'Human', running on 192.168.2.12
START Player-0 760726872
START Player-1 Human
1 1 TL TR 0
4 4 TR TL 1
1 4 TL TR 0
4 1 BL TR 1
0 0 TL TR 0
2 5 BR TR 1
3 0 TL BL 0
2 2 TL BR 1
3 5 BL BR 0
5 0 BL TR 1
0 4 TL TR 0
0 4 TR BR 1
0 4 TR BL 0
3 0 BL TR 1
0 5 TL TR 0
GAMEOVER WINNER 0
# Game ended: Wed Apr 10 08:17:43 EDT 2019
