# Server version 0.08 running on 142.157.191.28:8123
# Game ID: 594
# Board class: pentago_swap.PentagoBoard
# Timeout: 2000
# First Move Timeout: 30000
# Date: Mon Apr 08 21:49:40 EDT 2019
# Player 1: Player-0, 'Human', running on 142.157.191.28
# Player 2: Player-1, '660726872', running on 142.157.191.28
START Player-0 Human
START Player-1 660726872
1 0 TL TR 0
1 1 TL TR 1
2 0 BR TR 0
1 1 TL TR 1
3 3 BR BL 0
0 3 TL TR 1
2 2 TL TR 0
2 4 TR BR 1
3 4 BR TR 0
0 0 TR BR 1
2 2 TL TR 0
0 0 TR BL 1
2 4 TR TL 0
2 5 TL TR 1
1 1 TR TL 0
0 4 TL TR 1
2 3 TR TL 0
0 5 TR BL 1
0 4 TR TL 0
0 5 TL TR 1
2 4 TR BR 0
0 1 TR BL 1
GAMEOVER WINNER 1
# Game ended: Mon Apr 08 21:50:59 EDT 2019
