# Server version 0.08 running on 192.168.2.12:8123
# Game ID: 113
# Board class: pentago_swap.PentagoBoard
# Timeout: 300000
# First Move Timeout: 30000
# Date: Wed Apr 03 21:04:35 EDT 2019
# Player 1: Player-0, '260759490', running on 132.216.233.33
# Player 2: Player-1, '260726872', running on 192.168.2.12
START Player-0 260759490
START Player-1 260726872
0 0 TL TR 0
0 0 TL TR 1
5 5 TL BR 0
0 0 TL TR 1
0 1 TL TR 0
0 1 TL TR 1
1 1 TL TR 0
0 2 TL TR 1
0 2 TL TR 0
1 0 TL TR 1
4 0 TL TR 0
1 1 TL TR 1
3 1 TL TR 0
1 3 TL TR 1
2 3 TL BL 0
0 0 TL TR 1
5 0 TR BL 0
1 2 TL TR 1
4 1 TL TR 0
5 0 TR BR 1
0 4 TL TR 0
2 4 TL TR 1
0 5 TL TR 0
4 2 TR BR 1
1 0 TL TR 0
GAMEOVER WINNER 0
# Game ended: Wed Apr 03 21:04:50 EDT 2019
