# Server version 0.08 running on 142.157.191.28:8123
# Game ID: 383
# Board class: pentago_swap.PentagoBoard
# Timeout: 300000
# First Move Timeout: 30000
# Date: Sun Apr 07 20:42:07 EDT 2019
# Player 1: Player-0, '260772647', running on teaching.cs.mcgill.ca
# Player 2: Player-1, '160726872', running on 142.157.191.28
START Player-0 260772647
START Player-1 160726872
3 4 TR BR 0
1 4 TL TR 1
4 1 TL TR 0
1 3 TL BR 1
1 5 TL TR 0
0 0 TL TR 1
2 3 TL TR 0
2 3 TL BR 1
5 5 TL BR 0
1 3 TL BR 1
0 3 TL BL 0
1 0 TL BL 1
3 5 TL BR 0
4 2 TL BR 1
1 2 BL BR 0
2 2 BL BR 1
0 2 TL TR 0
0 3 TL TR 1
1 1 TR BL 0
1 0 TR BL 1
2 0 TL BR 0
3 2 TL BR 1
5 4 BL BR 0
5 3 BL BR 1
3 0 TL BL 0
0 1 TL BL 1
2 1 TR BR 0
3 4 TR BR 1
GAMEOVER WINNER 1
# Game ended: Sun Apr 07 20:42:14 EDT 2019
