# Server version 0.08 running on 142.157.21.24:8123
# Game ID: 559
# Board class: pentago_swap.PentagoBoard
# Timeout: 2000
# First Move Timeout: 30000
# Date: Mon Apr 08 19:43:25 EDT 2019
# Player 1: Player-0, '160726872', running on 142.157.21.24
# Player 2: Player-1, 'yukiyuki', running on 142.157.21.24
START Player-0 160726872
START Player-1 yukiyuki
0 0 TL TR 0
1 1 TL TR 1
2 3 TL BR 0
1 1 TL TR 1
0 0 TL TR 0
0 0 TR BR 1
4 3 TR BR 0
4 3 TR BR 1
4 0 TL TR 0
5 0 TL BL 1
1 3 TL BL 0
2 3 TL BL 1
4 5 TL BL 0
0 2 TL BL 1
0 4 TL BL 0
1 1 TL BL 1
1 2 TL BR 0
0 1 TL BR 1
5 2 TR BR 0
0 1 TR BR 1
5 1 TL TR 0
0 2 TL TR 1
GAMEOVER WINNER 1
# Game ended: Mon Apr 08 19:43:33 EDT 2019
