# Server version 0.08 running on 142.157.191.28:8123
# Game ID: 642
# Board class: pentago_swap.PentagoBoard
# Timeout: 2000
# First Move Timeout: 30000
# Date: Mon Apr 08 23:33:13 EDT 2019
# Player 1: Player-0, 'Human', running on 142.157.191.28
# Player 2: Player-1, '660726872', running on 142.157.191.28
START Player-0 Human
START Player-1 660726872
1 1 TR BR 0
1 4 TL TR 1
4 4 BL TL 0
1 1 TL TR 1
2 2 BR TL 0
1 5 BL BR 1
2 2 BL BR 0
3 3 TL TR 1
0 3 TR BR 0
4 2 BL BR 1
4 3 TL BR 0
4 3 TL BL 1
GAMEOVER WINNER 1
# Game ended: Mon Apr 08 23:33:41 EDT 2019
