# Server version 0.08 running on 192.168.2.12:8123
# Game ID: 181
# Board class: pentago_swap.PentagoBoard
# Timeout: 2000
# First Move Timeout: 30000
# Date: Fri Apr 05 04:36:08 EDT 2019
# Player 1: Player-0, '260726872', running on localhost
# Player 2: Player-1, 'RandomPlayer', running on localhost
START Player-0 260726872
START Player-1 RandomPlayer
0 0 TL TR 0
0 1 TR BR 1
0 0 TL TR 0
3 2 TL TR 1
0 2 TL TR 0
2 0 BL BR 1
0 0 TL TR 0
4 0 TL BL 1
0 1 TL TR 0
5 4 BL BR 1
0 1 TL TR 0
4 0 TL TR 1
0 2 BL BR 0
GAMEOVER WINNER 0
# Game ended: Fri Apr 05 04:36:10 EDT 2019
