# Server version 0.08 running on 142.157.21.24:8123
# Game ID: 672
# Board class: pentago_swap.PentagoBoard
# Timeout: 300000
# First Move Timeout: 30000
# Date: Tue Apr 09 16:28:05 EDT 2019
# Player 1: Player-0, '260737363', running on 142.157.27.7
# Player 2: Player-1, '560726872', running on 142.157.21.24
START Player-0 260737363
START Player-1 560726872
1 1 TL TR 0
1 1 TL TR 1
1 2 TL BL 0
1 1 TL TR 1
4 0 TL TR 0
0 0 TR BL 1
2 3 BL BR 0
5 5 TL BR 1
0 3 TL TR 0
0 1 TL TR 1
0 5 TL BL 0
0 0 TL BL 1
5 0 TL BR 0
2 2 TL BR 1
GAMEOVER WINNER 1
# Game ended: Tue Apr 09 16:28:07 EDT 2019
