# Server version 0.08 running on 142.157.21.24:8123
# Game ID: 502
# Board class: pentago_swap.PentagoBoard
# Timeout: 2000
# First Move Timeout: 30000
# Date: Mon Apr 08 18:16:27 EDT 2019
# Player 1: Player-0, '160726872', running on 142.157.21.24
# Player 2: Player-1, 'Human', running on 142.157.21.24
START Player-0 160726872
START Player-1 Human
0 0 TL TR 0
1 4 TR TL 1
2 3 TL BR 0
4 3 BR TL 1
0 1 TL BR 0
3 5 BR TR 1
1 5 TR BR 0
1 4 TR TL 1
0 0 TL TR 0
1 3 TR TL 1
0 1 TL BR 0
3 5 BR BL 1
3 4 BL BR 0
3 2 BL BR 1
4 5 TR BL 0
GAMEOVER WINNER 0
# Game ended: Mon Apr 08 18:17:12 EDT 2019
