# Server version 0.08 running on 192.168.2.12:8123
# Game ID: 857
# Board class: pentago_swap.PentagoBoard
# Timeout: 2000
# First Move Timeout: 30000
# Date: Wed Apr 10 08:14:06 EDT 2019
# Player 1: Player-0, 'Human', running on 192.168.2.12
# Player 2: Player-1, '760726872', running on 192.168.2.12
START Player-0 Human
START Player-1 760726872
1 4 TL BR 0
1 1 TL TR 1
4 4 BL TR 0
1 4 TL TR 1
0 0 BL BR 0
3 3 TL TR 1
5 5 BR TL 0
3 0 TR BL 1
0 2 TL BL 0
3 3 TL TR 1
2 0 TR BR 0
1 3 TL TR 1
2 0 BL TL 0
3 2 TL TR 1
0 2 BL TL 0
0 1 BL BR 1
0 4 TR TL 0
1 0 TR BL 1
3 4 BR BL 0
1 2 TL BL 1
1 5 TR TL 0
0 1 TL TR 1
2 4 BR TR 0
1 0 TL TR 1
4 3 BR BL 0
1 2 TL BR 1
3 2 TL BL 0
5 0 TL BL 1
2 1 TL BR 0
1 5 TL BR 1
2 4 TL BR 0
2 1 TR BR 1
GAMEOVER WINNER 1
# Game ended: Wed Apr 10 08:16:08 EDT 2019
