# Server version 0.08 running on 142.157.21.24:8123
# Game ID: 1061
# Board class: pentago_swap.PentagoBoard
# Timeout: 2000
# First Move Timeout: 30000
# Date: Wed Apr 10 18:02:00 EDT 2019
# Player 1: Player-0, '560726872', running on 142.157.21.24
# Player 2: Player-1, '260708306', running on 142.157.18.243
START Player-0 560726872
START Player-1 260708306
1 1 TL TR 0
1 1 TL TR 1
4 1 TL TR 0
4 4 TL TR 1
0 0 TL TR 0
2 1 TR BL 1
0 2 TL BL 0
3 1 TL BR 1
2 1 TL TR 0
0 4 TR BL 1
2 2 TR BL 0
2 3 TR BR 1
0 0 TR BR 0
GAMEOVER WINNER 0
# Game ended: Wed Apr 10 18:02:08 EDT 2019
