# Server version 0.08 running on 142.157.21.24:8123
# Game ID: 983
# Board class: pentago_swap.PentagoBoard
# Timeout: 2000
# First Move Timeout: 30000
# Date: Wed Apr 10 14:12:53 EDT 2019
# Player 1: Player-0, '260740719', running on 142.157.24.227
# Player 2: Player-1, '560726872', running on 142.157.21.24
START Player-0 260740719
START Player-1 560726872
1 1 TL TR 0
1 1 TL TR 1
4 1 TL TR 0
4 4 TL TR 1
3 0 BL BR 0
0 0 TL TR 1
2 0 TL TR 0
3 0 TL BL 1
4 3 TL BL 0
0 4 TL BL 1
2 4 TL BL 0
3 1 TL BL 1
0 2 TL BL 0
0 1 TR BL 1
0 2 TR BL 0
0 3 TL TR 1
0 2 TL TR 0
4 0 TL TR 1
1 3 TL TR 0
1 2 TR BL 1
4 0 TR BL 0
GAMEOVER ILLEGAL MOVE: Player 1, Move: (1, 2), Swap: (TR, BL) WINNER 0
# Game ended: Wed Apr 10 14:12:58 EDT 2019
