# Server version 0.08 running on 192.168.2.12:8123
# Game ID: 888
# Board class: pentago_swap.PentagoBoard
# Timeout: 2000
# First Move Timeout: 30000
# Date: Wed Apr 10 08:38:14 EDT 2019
# Player 1: Player-0, '360726872', running on 192.168.2.12
# Player 2: Player-1, '760726872', running on 192.168.2.12
START Player-0 360726872
START Player-1 760726872
0 0 TL TR 0
1 1 TL TR 1
0 3 TL TR 0
1 4 TL TR 1
0 1 TR BL 0
0 2 TL TR 1
1 3 TL TR 0
2 0 TL TR 1
3 2 TR BR 0
3 1 BL BR 1
0 0 BL BR 0
5 1 TL BR 1
2 1 TL BR 0
1 1 TL TR 1
4 5 TR BR 0
0 0 TL TR 1
2 2 TL BR 0
0 1 TL TR 1
4 2 TR BR 0
0 1 TR BL 1
GAMEOVER WINNER 1
# Game ended: Wed Apr 10 08:38:20 EDT 2019
