# Server version 0.08 running on 142.157.21.24:8123
# Game ID: 1074
# Board class: pentago_swap.PentagoBoard
# Timeout: 2000
# First Move Timeout: 30000
# Date: Wed Apr 10 18:21:41 EDT 2019
# Player 1: Player-0, '260740719', running on 142.157.24.227
# Player 2: Player-1, '560726872', running on 142.157.21.24
START Player-0 260740719
START Player-1 560726872
1 1 TL TR 0
1 1 TL TR 1
4 1 TL TR 0
4 4 TL TR 1
3 0 BL BR 0
2 2 TR BR 1
0 2 TL BL 0
0 1 TL BL 1
3 4 TL BL 0
1 0 TL BL 1
4 3 TL BL 0
2 2 TL BL 1
0 4 TR BR 0
5 1 TL TR 1
2 1 TR BR 0
4 2 TR BL 1
1 2 TR BL 0
3 2 TL BR 1
1 2 TL BR 0
2 0 TL TR 1
0 5 TR BL 0
2 3 TR BL 1
GAMEOVER WINNER 1
# Game ended: Wed Apr 10 18:21:49 EDT 2019
