# Server version 0.08 running on 142.157.191.28:8123
# Game ID: 375
# Board class: pentago_swap.PentagoBoard
# Timeout: 2000
# First Move Timeout: 30000
# Date: Sun Apr 07 20:19:53 EDT 2019
# Player 1: Player-0, '160726872', running on 142.157.191.28
# Player 2: Player-1, 'Human', running on 142.157.191.28
START Player-0 160726872
START Player-1 Human
0 0 TL TR 0
1 4 TR TL 1
2 3 TL BR 0
4 3 BR BL 1
1 3 BL BR 0
0 3 TR TL 1
3 2 TL TR 0
3 4 BR TR 1
4 4 TR BR 0
1 5 TR TL 1
4 1 TL TR 0
0 5 TR BL 1
2 3 TR BL 0
GAMEOVER WINNER 0
# Game ended: Sun Apr 07 20:20:30 EDT 2019
