# Server version 0.08 running on 142.157.191.28:8123
# Game ID: 1111
# Board class: pentago_swap.PentagoBoard
# Timeout: 2000
# First Move Timeout: 30000
# Date: Wed Apr 10 20:01:56 EDT 2019
# Player 1: Player-0, '260726872', running on 142.157.191.28
# Player 2: Player-1, 'xxxxxxxxx', running on 142.157.191.28
START Player-0 260726872
START Player-1 xxxxxxxxx
1 1 TL TR 0
4 1 TL BL 1
4 1 TL TR 0
4 4 TL BL 1
2 3 BL BR 0
4 3 TL BR 1
3 2 TL BR 0
5 2 TL BL 1
5 2 TL BL 0
4 0 TL BR 1
0 0 TL BR 0
1 5 TR BR 1
0 0 TR BR 0
GAMEOVER WINNER 0
# Game ended: Wed Apr 10 20:02:05 EDT 2019
