# Server version 0.08 running on 142.157.21.24:8123
# Game ID: 1086
# Board class: pentago_swap.PentagoBoard
# Timeout: 2000
# First Move Timeout: 30000
# Date: Wed Apr 10 18:40:55 EDT 2019
# Player 1: Player-0, '560726872', running on 142.157.21.24
# Player 2: Player-1, '260736135', running on 142.157.7.146
START Player-0 560726872
START Player-1 260736135
1 1 TL TR 0
0 1 TL TR 1
1 4 TL TR 0
2 1 TL TR 1
0 0 TR BR 0
3 5 TL BL 1
1 0 TL BL 0
3 3 TL TR 1
1 0 TR BR 0
2 3 BL BR 1
1 1 BL BR 0
1 3 TR BR 1
1 2 TL TR 0
5 5 TL TR 1
0 0 TL TR 0
2 5 TL TR 1
0 1 TL BR 0
5 4 TL BR 1
1 3 BL BR 0
GAMEOVER WINNER 0
# Game ended: Wed Apr 10 18:41:03 EDT 2019
