# Server version 0.08 running on 142.157.191.28:8123
# Game ID: 1108
# Board class: pentago_swap.PentagoBoard
# Timeout: 2000
# First Move Timeout: 30000
# Date: Wed Apr 10 20:00:48 EDT 2019
# Player 1: Player-0, '260726872', running on 142.157.191.28
# Player 2: Player-1, 'xxxxxxxxx', running on 142.157.191.28
START Player-0 260726872
START Player-1 xxxxxxxxx
1 1 TL TR 0
1 1 TL TR 1
4 1 TL TR 0
4 4 TR BR 1
0 2 TL BL 0
2 0 TL BL 1
0 5 TL TR 0
0 0 TR BR 1
1 5 BL BR 0
1 3 TL BL 1
4 5 TR BL 0
4 3 BL BR 1
0 1 TL TR 0
3 0 TL TR 1
2 2 TR BR 0
4 3 TR BL 1
GAMEOVER WINNER 1
# Game ended: Wed Apr 10 20:01:00 EDT 2019
