# Server version 0.08 running on 142.157.21.24:8123
# Game ID: 197
# Board class: pentago_swap.PentagoBoard
# Timeout: 300000
# First Move Timeout: 30000
# Date: Fri Apr 05 15:36:45 EDT 2019
# Player 1: Player-0, '260726872', running on 142.157.21.24
# Player 2: Player-1, '260772647G3', running on teaching.cs.mcgill.ca
START Player-0 260726872
START Player-1 260772647G3
0 0 TL TR 0
3 4 TL BR 1
0 0 TL TR 0
1 3 BL BR 1
0 1 TL TR 0
5 4 TL BR 1
0 0 TL TR 0
4 4 TL BL 1
0 0 TL TR 0
1 1 TR BR 1
0 1 TL BL 0
2 4 TR BR 1
0 2 TR BR 0
0 5 TR BL 1
GAMEOVER WINNER 0
# Game ended: Fri Apr 05 15:36:58 EDT 2019
