# Server version 0.08 running on 192.168.2.12:8123
# Game ID: 856
# Board class: pentago_swap.PentagoBoard
# Timeout: 2000
# First Move Timeout: 30000
# Date: Wed Apr 10 08:11:49 EDT 2019
# Player 1: Player-0, 'Human', running on 192.168.2.12
# Player 2: Player-1, '760726872', running on 192.168.2.12
START Player-0 Human
START Player-1 760726872
4 4 BL TR 0
1 1 TL TR 1
1 1 BL TL 0
1 1 TL TR 1
2 2 TR BL 0
0 3 TL TR 1
2 2 BL TR 0
3 3 TL TR 1
1 2 BL TR 0
0 4 TL BL 1
2 4 BL BR 0
3 4 BL BR 1
5 1 BR BL 0
0 2 TL BL 1
3 1 TR BR 0
2 0 BL BR 1
1 0 BL TL 0
0 0 BL BR 1
4 2 TR TL 0
4 0 TR BR 1
5 3 TR BR 0
2 2 TL TR 1
2 3 BR BL 0
GAMEOVER WINNER 0
# Game ended: Wed Apr 10 08:13:03 EDT 2019
