# Server version 0.08 running on 142.157.191.28:8123
# Game ID: 647
# Board class: pentago_swap.PentagoBoard
# Timeout: 300000
# First Move Timeout: 30000
# Date: Mon Apr 08 23:39:56 EDT 2019
# Player 1: Player-0, '660726872', running on 142.157.191.28
# Player 2: Player-1, '260708306', running on 132.216.232.79
START Player-0 660726872
START Player-1 260708306
1 1 TL TR 0
1 1 TL TR 1
4 1 TL TR 0
4 4 TL TR 1
3 5 BL BR 0
1 3 BL BR 1
0 2 TR BL 0
4 2 TR BR 1
1 3 TL BR 0
1 5 BL BR 1
2 3 BL BR 0
2 4 TR BR 1
0 2 TL BL 0
2 3 TL TR 1
3 3 TL TR 0
5 0 TR BL 1
3 4 TR BL 0
3 1 TL BR 1
0 4 TL TR 0
GAMEOVER WINNER 0
# Game ended: Mon Apr 08 23:40:11 EDT 2019
