# Server version 0.08 running on 142.157.191.28:8123
# Game ID: 643
# Board class: pentago_swap.PentagoBoard
# Timeout: 2000
# First Move Timeout: 30000
# Date: Mon Apr 08 23:33:47 EDT 2019
# Player 1: Player-0, 'Human', running on 142.157.191.28
# Player 2: Player-1, '660726872', running on 142.157.191.28
START Player-0 Human
START Player-1 660726872
1 1 TR BR 0
1 4 TL TR 1
4 1 TL BR 0
1 1 TL TR 1
1 5 TR BR 0
1 5 BL BR 1
4 3 TR BR 0
4 0 BL BR 1
4 0 TR TL 0
0 1 TR BL 1
4 2 TR BL 0
0 3 TL BL 1
3 3 TR BR 0
0 2 TL BL 1
2 3 BR BL 0
5 0 BL BR 1
5 2 TL BL 0
0 1 TL BL 1
1 2 TL TR 0
4 3 TL TR 1
3 0 BR BL 0
0 4 BL BR 1
5 1 TL BL 0
2 4 TL BR 1
GAMEOVER WINNER 1
# Game ended: Mon Apr 08 23:35:00 EDT 2019
