# Server version 0.08 running on 142.157.191.28:8123
# Game ID: 406
# Board class: pentago_swap.PentagoBoard
# Timeout: 2000
# First Move Timeout: 30000
# Date: Sun Apr 07 21:59:53 EDT 2019
# Player 1: Player-0, 'Human', running on 142.157.191.28
# Player 2: Player-1, '160726872', running on 142.157.191.28
START Player-0 Human
START Player-1 160726872
1 1 TR TL 0
0 0 TL TR 1
1 4 TL BR 0
0 1 TL TR 1
1 2 BR TR 0
0 1 TL TR 1
1 2 BL TL 0
1 3 TL BR 1
4 0 BR BL 0
0 2 BL BR 1
0 5 TR BR 0
0 0 TL BL 1
GAMEOVER WINNER 1
# Game ended: Sun Apr 07 22:00:22 EDT 2019
