# Server version 0.08 running on 142.157.21.24:8123
# Game ID: 209
# Board class: pentago_swap.PentagoBoard
# Timeout: 2000
# First Move Timeout: 30000
# Date: Fri Apr 05 16:10:24 EDT 2019
# Player 1: Player-0, 'Human', running on 142.157.21.24
# Player 2: Player-1, '260726872', running on 142.157.21.24
START Player-0 Human
START Player-1 260726872
2 1 TL TR 0
0 0 TL TR 1
1 1 TL TR 0
0 1 TL TR 1
0 1 TL TR 0
0 2 TL TR 1
3 1 BR TR 0
4 1 TL TR 1
1 1 BR BL 0
0 1 TL BL 1
5 1 BL TL 0
0 0 TL BR 1
GAMEOVER WINNER 1
# Game ended: Fri Apr 05 16:10:57 EDT 2019
