# Server version 0.08 running on 142.157.191.28:8123
# Game ID: 976
# Board class: pentago_swap.PentagoBoard
# Timeout: 2000
# First Move Timeout: 30000
# Date: Wed Apr 10 13:41:35 EDT 2019
# Player 1: Player-0, 'Human', running on 142.157.191.28
# Player 2: Player-1, '560726872', running on 142.157.191.28
START Player-0 Human
START Player-1 560726872
4 4 TL TR 0
1 1 TL TR 1
4 1 TL TR 0
1 4 TL TR 1
3 2 BR TR 0
3 0 BL BR 1
2 3 BR BL 0
3 4 TL BL 1
2 0 TL BL 0
GAMEOVER WINNER 0
# Game ended: Wed Apr 10 13:42:27 EDT 2019
