# Server version 0.08 running on 142.157.191.28:8123
# Game ID: 578
# Board class: pentago_swap.PentagoBoard
# Timeout: 300000
# First Move Timeout: 30000
# Date: Mon Apr 08 20:49:20 EDT 2019
# Player 1: Player-0, '260716696', running on 142.157.24.227
# Player 2: Player-1, '560726872', running on 142.157.191.28
START Player-0 260716696
START Player-1 560726872
4 4 TL TR 0
1 1 TL TR 1
4 1 TL TR 0
1 4 TL TR 1
3 2 TR BR 0
0 3 TR BR 1
1 5 TR BL 0
3 0 TL BR 1
1 5 BL BR 0
5 2 TL BL 1
0 0 TL TR 0
5 5 TL TR 1
GAMEOVER WINNER 1
# Game ended: Mon Apr 08 20:49:29 EDT 2019
