# Server version 0.08 running on 142.157.21.24:8123
# Game ID: 538
# Board class: pentago_swap.PentagoBoard
# Timeout: 2000
# First Move Timeout: 30000
# Date: Mon Apr 08 19:27:29 EDT 2019
# Player 1: Player-0, 'xxxxxxxxx', running on 142.157.21.24
# Player 2: Player-1, '460726872', running on 142.157.21.24
START Player-0 xxxxxxxxx
START Player-1 460726872
4 4 TL BR 0
0 0 TL TR 1
4 4 TL TR 0
0 1 TL BL 1
1 4 TL BL 0
1 0 TL TR 1
0 5 TR BR 0
5 3 TL TR 1
5 2 BL BR 0
4 3 TL TR 1
1 3 TL TR 0
0 3 TL TR 1
1 5 TL TR 0
5 4 TR BR 1
4 3 TL BL 0
GAMEOVER WINNER 0
# Game ended: Mon Apr 08 19:27:39 EDT 2019
