# Server version 0.08 running on 142.157.21.24:8123
# Game ID: 334
# Board class: pentago_swap.PentagoBoard
# Timeout: 2000
# First Move Timeout: 30000
# Date: Sun Apr 07 16:40:09 EDT 2019
# Player 1: Player-0, 'Human', running on 142.157.21.24
# Player 2: Player-1, '160726872', running on 142.157.21.24
START Player-0 Human
START Player-1 160726872
1 4 TL BR 0
0 0 TL TR 1
1 4 TR BL 0
0 1 TL TR 1
4 4 TR TL 0
5 2 TL TR 1
1 1 TL TR 0
0 3 TL TR 1
1 2 TR BL 0
2 2 TR BR 1
1 3 BL BR 0
3 3 TL TR 1
1 2 TL TR 0
GAMEOVER WINNER 0
# Game ended: Sun Apr 07 16:40:31 EDT 2019
