# Server version 0.08 running on 192.168.2.12:8123
# Game ID: 269
# Board class: pentago_swap.PentagoBoard
# Timeout: 2000
# First Move Timeout: 30000
# Date: Sun Apr 07 10:14:48 EDT 2019
# Player 1: Player-0, '260726872', running on 192.168.2.12
# Player 2: Player-1, 'Human', running on 192.168.2.12
START Player-0 260726872
START Player-1 Human
0 0 TL TR 0
0 2 BL BR 1
0 0 TL TR 0
0 2 TR TL 1
0 1 TL TR 0
0 1 BR TL 1
0 0 TL TR 0
2 2 TR BL 1
0 3 TL TR 0
0 2 BR BL 1
0 1 TL TR 0
1 2 TR TL 1
1 2 TR BL 0
2 0 BL TL 1
1 0 TL BL 0
1 3 BL TL 1
1 1 TL BL 0
5 1 TL BR 1
0 1 TL BR 0
2 2 TR BL 1
2 1 TR BL 0
3 5 TR BR 1
1 1 TR BR 0
GAMEOVER WINNER 0
# Game ended: Sun Apr 07 10:15:44 EDT 2019
