# Server version 0.08 running on 142.157.21.24:8123
# Game ID: 1033
# Board class: pentago_swap.PentagoBoard
# Timeout: 2000
# First Move Timeout: 30000
# Date: Wed Apr 10 17:19:35 EDT 2019
# Player 1: Player-0, '260707007', running on 142.157.134.164
# Player 2: Player-1, '560726872', running on 142.157.21.24
START Player-0 260707007
START Player-1 560726872
1 1 TL TR 0
1 1 TL TR 1
4 1 TL TR 0
4 4 TL TR 1
4 5 TL BL 0
2 0 TL TR 1
0 1 TL TR 0
3 0 TL TR 1
5 0 TR BR 0
2 2 TR BR 1
0 4 TL TR 0
3 3 TL TR 1
4 3 TR BR 0
0 0 TR BR 1
GAMEOVER WINNER 1
# Game ended: Wed Apr 10 17:19:45 EDT 2019
