# Server version 0.08 running on 142.157.191.28:8123
# Game ID: 366
# Board class: pentago_swap.PentagoBoard
# Timeout: 2000
# First Move Timeout: 30000
# Date: Sun Apr 07 20:02:32 EDT 2019
# Player 1: Player-0, 'Human', running on 142.157.191.28
# Player 2: Player-1, '160726872', running on 142.157.191.28
START Player-0 Human
START Player-1 160726872
2 2 TR TL 0
0 0 TL TR 1
1 2 TR BL 0
0 0 TL TR 1
3 2 TL BR 0
0 5 TL BL 1
0 4 TL BL 0
3 3 TL BL 1
2 3 BR BL 0
4 0 TL BR 1
5 0 TR BR 0
1 3 TL TR 1
2 0 TL BL 0
2 1 BL BR 1
5 4 TR TL 0
5 1 TR BR 1
2 2 TR BR 0
0 4 TL TR 1
1 1 TR TL 0
0 5 TR BL 1
3 4 TL TR 0
0 3 TL BL 1
4 4 TL BR 0
0 4 TL BR 1
GAMEOVER WINNER 1
# Game ended: Sun Apr 07 20:03:58 EDT 2019
