# Server version 0.08 running on 142.157.21.24:8123
# Game ID: 549
# Board class: pentago_swap.PentagoBoard
# Timeout: 2000
# First Move Timeout: 30000
# Date: Mon Apr 08 19:33:18 EDT 2019
# Player 1: Player-0, '460726872', running on 142.157.21.24
# Player 2: Player-1, 'xxxxxxxxx', running on 142.157.21.24
START Player-0 460726872
START Player-1 xxxxxxxxx
0 0 TL TR 0
1 1 TR BR 1
0 0 TL TR 0
4 1 TR BR 1
3 4 TL BR 0
0 4 TL BL 1
3 2 TR BL 0
3 4 TR BL 1
0 1 TL TR 0
5 4 BL BR 1
0 3 TL BR 0
GAMEOVER WINNER 0
# Game ended: Mon Apr 08 19:33:24 EDT 2019
