# Server version 0.08 running on 142.157.21.24:8123
# Game ID: 1120
# Board class: pentago_swap.PentagoBoard
# Timeout: 2000
# First Move Timeout: 30000
# Date: Sun Apr 21 12:30:17 EDT 2019
# Player 1: Player-0, '260726872', running on 142.157.21.24
# Player 2: Player-1, 'Human', running on 142.157.21.24
START Player-0 260726872
START Player-1 Human
1 1 TL TR 0
4 1 TL BR 1
1 1 TL TR 0
4 4 BL TR 1
2 3 BL BR 0
5 0 BL TR 1
0 1 TL BR 0
5 4 TR BR 1
0 1 TR BL 0
2 1 TL TR 1
0 0 TL BR 0
4 3 BR TR 1
3 2 TR BR 0
3 0 BL BR 1
0 5 BL BR 0
2 3 TR BR 1
0 4 TL TR 0
3 3 TL TR 1
0 5 TL TR 0
0 3 TR BR 1
1 2 TL TR 0
GAMEOVER WINNER 0
# Game ended: Sun Apr 21 12:30:51 EDT 2019
