# Server version 0.08 running on 142.157.191.28:8123
# Game ID: 387
# Board class: pentago_swap.PentagoBoard
# Timeout: 2000
# First Move Timeout: 30000
# Date: Sun Apr 07 21:43:20 EDT 2019
# Player 1: Player-0, '160726872', running on 142.157.191.28
# Player 2: Player-1, '260726872', running on 142.157.191.28
START Player-0 160726872
START Player-1 260726872
0 0 TL TR 0
0 0 TL TR 1
0 1 TL BR 0
0 0 TL TR 1
0 2 TL BL 0
0 0 TL TR 1
3 1 TL TR 0
3 5 TL TR 1
0 4 TL TR 0
0 2 TL TR 1
4 1 TL TR 0
0 4 TL TR 1
1 4 TL TR 0
2 1 TL TR 1
4 4 TL TR 0
5 3 TR BR 1
1 0 TL TR 0
2 3 TL BR 1
0 2 TL TR 0
4 5 TR BR 1
1 2 TL TR 0
4 4 TL TR 1
1 3 TL TR 0
5 0 TR BR 1
1 3 TL TR 0
5 1 BL BR 1
1 2 TL BL 0
GAMEOVER WINNER 0
# Game ended: Sun Apr 07 21:43:24 EDT 2019
