# Server version 0.08 running on 192.168.2.12:8123
# Game ID: 862
# Board class: pentago_swap.PentagoBoard
# Timeout: 2000
# First Move Timeout: 30000
# Date: Wed Apr 10 08:19:40 EDT 2019
# Player 1: Player-0, '360726872', running on 192.168.2.12
# Player 2: Player-1, '760726872', running on 192.168.2.12
START Player-0 360726872
START Player-1 760726872
0 0 TL TR 0
1 1 TL TR 1
0 3 TL TR 0
1 4 TL TR 1
0 1 TR BL 0
3 2 TL TR 1
0 5 TL TR 0
5 0 TL TR 1
2 3 TL TR 0
0 3 TL TR 1
3 4 TL TR 0
3 5 TL TR 1
0 1 TL TR 0
1 4 BL BR 1
0 5 TL TR 0
GAMEOVER WINNER 0
# Game ended: Wed Apr 10 08:19:46 EDT 2019
