# Server version 0.08 running on 142.157.191.28:8123
# Game ID: 415
# Board class: pentago_swap.PentagoBoard
# Timeout: 300000
# First Move Timeout: 30000
# Date: Sun Apr 07 22:23:04 EDT 2019
# Player 1: Player-0, '260772647', running on teaching.cs.mcgill.ca
# Player 2: Player-1, '160726872', running on 142.157.191.28
START Player-0 260772647
START Player-1 160726872
0 1 TL BR 0
5 4 TL TR 1
2 1 TR BR 0
0 0 TL BR 1
2 1 TL TR 0
0 4 TR BL 1
3 4 TL TR 0
0 1 TL TR 1
3 0 TL BL 0
1 3 TR BL 1
4 3 TL BR 0
1 3 TL TR 1
5 1 BL BR 0
4 0 TR BR 1
0 0 TL BR 0
2 2 TR BL 1
GAMEOVER WINNER 1
# Game ended: Sun Apr 07 22:23:09 EDT 2019
