# Server version 0.08 running on 142.157.21.24:8123
# Game ID: 522
# Board class: pentago_swap.PentagoBoard
# Timeout: 2000
# First Move Timeout: 30000
# Date: Mon Apr 08 18:54:59 EDT 2019
# Player 1: Player-0, '460726872', running on 142.157.21.24
# Player 2: Player-1, '160726872', running on 142.157.21.24
START Player-0 460726872
START Player-1 160726872
0 0 TL TR 0
0 0 TL TR 1
3 0 TL TR 0
0 1 TL TR 1
3 3 TL TR 0
1 1 TL TR 1
4 3 TR BR 0
0 4 TR BL 1
5 0 TL BL 0
4 0 TL BL 1
4 3 TL BR 0
2 0 TL BR 1
0 1 BL BR 0
3 5 BL BR 1
4 1 TL BR 0
0 2 TL BR 1
GAMEOVER WINNER 1
# Game ended: Mon Apr 08 18:55:06 EDT 2019
