# Server version 0.08 running on 142.157.21.24:8123
# Game ID: 1030
# Board class: pentago_swap.PentagoBoard
# Timeout: 2000
# First Move Timeout: 30000
# Date: Wed Apr 10 17:18:07 EDT 2019
# Player 1: Player-0, '560726872', running on 142.157.21.24
# Player 2: Player-1, '260707007', running on 142.157.134.164
START Player-0 560726872
START Player-1 260707007
1 1 TL TR 0
1 1 TL TR 1
4 1 TL TR 0
4 4 TL TR 1
2 3 BL BR 0
1 0 TL BL 1
0 0 TL BR 0
3 4 BL BR 1
0 2 TL TR 0
5 1 TR BR 1
2 1 TL TR 0
0 4 TL TR 1
2 3 BL BR 0
5 5 TR BR 1
0 0 TR BR 0
4 3 TR BR 1
0 2 TR BR 0
0 4 TR BR 1
2 2 TR BR 0
1 2 TR BR 1
3 5 TR BR 0
GAMEOVER WINNER 0
# Game ended: Wed Apr 10 17:18:18 EDT 2019
