# Server version 0.08 running on 142.157.191.28:8123
# Game ID: 981
# Board class: pentago_swap.PentagoBoard
# Timeout: 2000
# First Move Timeout: 30000
# Date: Wed Apr 10 13:55:28 EDT 2019
# Player 1: Player-0, '760726872', running on 142.157.191.28
# Player 2: Player-1, '560726872', running on 142.157.191.28
START Player-0 760726872
START Player-1 560726872
1 1 TL TR 0
1 1 TL TR 1
4 1 TL TR 0
4 4 TL TR 1
0 0 TL TR 0
3 0 TL TR 1
0 1 TR BL 0
3 0 TL TR 1
2 1 TR BL 0
GAMEOVER ILLEGAL MOVE: Player 1, Move: (3, 0), Swap: (TL, TR) WINNER 0
# Game ended: Wed Apr 10 13:55:31 EDT 2019
