# Server version 0.08 running on 142.157.21.24:8123
# Game ID: 542
# Board class: pentago_swap.PentagoBoard
# Timeout: 2000
# First Move Timeout: 30000
# Date: Mon Apr 08 19:29:24 EDT 2019
# Player 1: Player-0, '460726872', running on 142.157.21.24
# Player 2: Player-1, 'xxxxxxxxx', running on 142.157.21.24
START Player-0 460726872
START Player-1 xxxxxxxxx
0 0 TL TR 0
4 4 BL BR 1
3 0 TL TR 0
4 4 TR BR 1
4 0 TL BL 0
2 1 BL BR 1
2 0 TL TR 0
4 0 TL BL 1
4 0 TL TR 0
5 4 BL BR 1
0 1 TL TR 0
3 1 TL TR 1
3 3 TL TR 0
GAMEOVER WINNER 0
# Game ended: Mon Apr 08 19:29:30 EDT 2019
