# Server version 0.08 running on 142.157.21.24:8123
# Game ID: 479
# Board class: pentago_swap.PentagoBoard
# Timeout: 2000
# First Move Timeout: 30000
# Date: Mon Apr 08 17:41:16 EDT 2019
# Player 1: Player-0, '160726872', running on 142.157.21.24
# Player 2: Player-1, 'xxxxxxxxx', running on 142.157.21.24
START Player-0 160726872
START Player-1 xxxxxxxxx
0 0 TL TR 0
4 1 TR BR 1
0 2 TL BL 0
1 4 TR BL 1
0 0 TL TR 0
4 0 TL TR 1
0 2 TL BL 0
3 1 TL BR 1
1 5 TL BR 0
4 2 TL BR 1
1 4 TL TR 0
4 5 TL TR 1
GAMEOVER WINNER 1
# Game ended: Mon Apr 08 17:41:25 EDT 2019
