# Server version 0.08 running on 142.157.191.28:8123
# Game ID: 369
# Board class: pentago_swap.PentagoBoard
# Timeout: 2000
# First Move Timeout: 30000
# Date: Sun Apr 07 20:06:37 EDT 2019
# Player 1: Player-0, 'Human', running on 142.157.191.28
# Player 2: Player-1, '160726872', running on 142.157.191.28
START Player-0 Human
START Player-1 160726872
1 2 TL TR 0
1 4 TL TR 1
2 1 TL TR 0
1 2 TR BR 1
5 5 BR TR 0
1 0 TL TR 1
2 0 BR TR 0
4 4 TL TR 1
4 2 BL TL 0
1 3 TL BR 1
GAMEOVER WINNER 1
# Game ended: Sun Apr 07 20:07:15 EDT 2019
