# Server version 0.08 running on 142.157.191.28:8123
# Game ID: 646
# Board class: pentago_swap.PentagoBoard
# Timeout: 2000
# First Move Timeout: 30000
# Date: Mon Apr 08 23:36:16 EDT 2019
# Player 1: Player-0, 'Human', running on 142.157.191.28
# Player 2: Player-1, '660726872', running on 142.157.191.28
START Player-0 Human
START Player-1 660726872
3 3 TR TL 0
1 1 TL TR 1
4 3 TR TL 0
1 4 TL TR 1
2 0 BL TR 0
1 4 TL TR 1
1 3 TR TL 0
3 2 TL BR 1
2 0 BR TL 0
0 4 TL TR 1
GAMEOVER WINNER 0
# Game ended: Mon Apr 08 23:36:33 EDT 2019
