# Server version 0.08 running on 192.168.2.12:8123
# Game ID: 116
# Board class: pentago_swap.PentagoBoard
# Timeout: 300000
# First Move Timeout: 30000
# Date: Wed Apr 03 21:06:56 EDT 2019
# Player 1: Player-0, '260726872', running on 192.168.2.12
# Player 2: Player-1, '260726872', running on 192.168.2.12
START Player-0 260726872
START Player-1 260726872
0 0 TL TR 0
0 0 TL TR 1
0 1 TL TR 0
0 1 TL TR 1
0 2 TL TR 0
0 2 TL TR 1
1 0 TL TR 0
1 0 TL TR 1
1 1 TL TR 0
1 1 TL TR 1
1 2 TL TR 0
1 2 TL TR 1
2 0 TL TR 0
2 0 TL TR 1
4 0 TR BL 0
5 3 TR BR 1
1 4 TR BL 0
3 1 TL BR 1
2 0 TL TR 0
GAMEOVER WINNER 0
# Game ended: Wed Apr 03 21:07:00 EDT 2019
