# Server version 0.08 running on 142.157.191.28:8123
# Game ID: 772
# Board class: pentago_swap.PentagoBoard
# Timeout: 2000
# First Move Timeout: 30000
# Date: Tue Apr 09 20:04:42 EDT 2019
# Player 1: Player-0, '560726872', running on 142.157.191.28
# Player 2: Player-1, '260737363', running on 142.157.27.7
START Player-0 560726872
START Player-1 260737363
1 1 TL TR 0
1 1 TL BR 1
1 1 TL TR 0
3 4 TL BR 1
0 3 BL BR 0
2 1 TL BR 1
3 0 TL TR 0
5 3 TR BR 1
2 2 BL BR 0
GAMEOVER WINNER 0
# Game ended: Tue Apr 09 20:04:44 EDT 2019
