# Server version 0.08 running on 192.168.2.12:8123
# Game ID: 435
# Board class: pentago_swap.PentagoBoard
# Timeout: 2000
# First Move Timeout: 30000
# Date: Sun Apr 07 23:30:43 EDT 2019
# Player 1: Player-0, 'Human', running on 192.168.2.12
# Player 2: Player-1, '160726872', running on 192.168.2.12
START Player-0 Human
START Player-1 160726872
4 4 TR TL 0
0 0 TL TR 1
4 1 TL TR 0
0 1 TL BL 1
1 4 BL TR 0
0 1 TL TR 1
3 2 BR TR 0
0 2 TL TR 1
0 2 BL TL 0
0 0 BL BR 1
2 0 BL TL 0
0 0 TL TR 1
GAMEOVER WINNER 1
# Game ended: Sun Apr 07 23:31:11 EDT 2019
