# Server version 0.08 running on 142.157.21.24:8123
# Game ID: 195
# Board class: pentago_swap.PentagoBoard
# Timeout: 300000
# First Move Timeout: 30000
# Date: Fri Apr 05 15:35:12 EDT 2019
# Player 1: Player-0, 'RandomPlayer', running on 142.157.21.24
# Player 2: Player-1, '260772647', running on teaching.cs.mcgill.ca
START Player-0 RandomPlayer
START Player-1 260772647
5 2 TR BR 0
5 1 TL TR 1
0 3 TL TR 0
4 1 BL BR 1
3 4 BL BR 0
0 1 TL BR 1
1 4 TL BL 0
4 4 TL TR 1
5 3 BL BR 0
5 1 TL TR 1
GAMEOVER WINNER 1
# Game ended: Fri Apr 05 15:35:12 EDT 2019
