# Server version 0.08 running on 142.157.191.28:8123
# Game ID: 575
# Board class: pentago_swap.PentagoBoard
# Timeout: 300000
# First Move Timeout: 30000
# Date: Mon Apr 08 20:40:54 EDT 2019
# Player 1: Player-0, '560726872', running on 142.157.191.28
# Player 2: Player-1, '260708568', running on 142.157.36.45
START Player-0 560726872
START Player-1 260708568
1 1 TL TR 0
4 4 TL TR 1
1 4 TL TR 0
4 1 TL TR 1
0 0 TL TR 0
5 5 TL BR 1
3 3 TL TR 0
2 2 BL BR 1
2 0 TR BR 0
4 0 TR BL 1
0 2 TR BL 0
5 0 TR BL 1
0 1 BL BR 0
0 4 BL BR 1
3 1 TL TR 0
5 0 TR BL 1
0 2 TL TR 0
0 0 TL BR 1
0 0 TR BL 0
GAMEOVER WINNER 0
# Game ended: Mon Apr 08 20:41:12 EDT 2019
