# Server version 0.08 running on 142.157.21.24:8123
# Game ID: 476
# Board class: pentago_swap.PentagoBoard
# Timeout: 2000
# First Move Timeout: 30000
# Date: Mon Apr 08 17:29:02 EDT 2019
# Player 1: Player-0, '160726872', running on 142.157.21.24
# Player 2: Player-1, 'xxxxxxxxx', running on 142.157.21.24
START Player-0 160726872
START Player-1 xxxxxxxxx
0 0 TL TR 0
1 4 TR BL 1
0 0 TL TR 0
1 1 BL BR 1
0 4 TL TR 0
3 0 TL BR 1
0 1 TL BL 0
3 2 BL BR 1
3 2 TL TR 0
GAMEOVER WINNER 0
# Game ended: Mon Apr 08 17:29:08 EDT 2019
