# Server version 0.08 running on 142.157.191.28:8123
# Game ID: 570
# Board class: pentago_swap.PentagoBoard
# Timeout: 300000
# First Move Timeout: 30000
# Date: Mon Apr 08 20:13:12 EDT 2019
# Player 1: Player-0, '260736135', running on 142.157.55.211
# Player 2: Player-1, '560726872', running on 142.157.191.28
START Player-0 260736135
START Player-1 560726872
0 0 TL TR 0
1 1 TL TR 1
0 1 TL TR 0
1 4 TL TR 1
0 2 TL TR 0
0 0 TL BR 1
0 0 TL TR 0
0 4 TL BR 1
0 1 TL TR 0
0 5 TL TR 1
0 5 TL TR 0
1 3 TL TR 1
1 2 TL TR 0
4 3 TR BR 1
1 5 TL TR 0
2 3 TL TR 1
1 2 TL BR 0
2 5 TL TR 1
2 0 TL TR 0
2 0 TL TR 1
2 1 TL TR 0
2 1 TL TR 1
2 5 TL TR 0
5 5 TL TR 1
GAMEOVER ILLEGAL MOVE: Player 0, Move: (3, 3), Swap: (TL, TR) WINNER 1
# Game ended: Mon Apr 08 20:13:24 EDT 2019
