# Server version 0.08 running on 142.157.21.24:8123
# Game ID: 192
# Board class: pentago_swap.PentagoBoard
# Timeout: 300000
# First Move Timeout: 30000
# Date: Fri Apr 05 15:30:49 EDT 2019
# Player 1: Player-0, 'RandomPlayer', running on 142.157.21.24
# Player 2: Player-1, '260772647', running on teaching.cs.mcgill.ca
START Player-0 RandomPlayer
START Player-1 260772647
5 2 TR BR 0
2 4 TR BR 1
0 3 TL TR 0
3 0 BL BR 1
3 5 BL BR 0
4 2 TL BL 1
2 1 TL BL 0
5 0 TL BL 1
5 2 BL BR 0
1 0 TR BL 1
2 3 TL TR 0
4 0 BL BR 1
0 0 BL BR 0
5 0 TL TR 1
5 1 TR BR 0
1 4 TL TR 1
1 4 TL BR 0
0 2 BL BR 1
5 0 TR BR 0
GAMEOVER WINNER 1
# Game ended: Fri Apr 05 15:30:50 EDT 2019
