# Server version 0.08 running on 142.157.191.28:8123
# Game ID: 376
# Board class: pentago_swap.PentagoBoard
# Timeout: 2000
# First Move Timeout: 30000
# Date: Sun Apr 07 20:20:39 EDT 2019
# Player 1: Player-0, '160726872', running on 142.157.191.28
# Player 2: Player-1, 'Human', running on 142.157.191.28
START Player-0 160726872
START Player-1 Human
0 0 TL TR 0
1 4 TR TL 1
2 3 TL BR 0
4 3 BR TR 1
0 4 TR BR 0
3 5 BR TR 1
1 5 TR BR 0
5 3 BR BL 1
3 5 BL BR 0
4 1 BR TR 1
3 0 TR BR 0
3 1 BL TL 1
0 3 TL BL 0
1 3 TR TL 1
0 1 TL BL 0
3 2 BR TR 1
4 1 TL BR 0
5 3 BL TL 1
4 3 TL TR 0
2 1 TL BL 1
5 4 BL BR 0
2 4 BL TR 1
0 1 TR BL 0
0 2 BR TR 1
1 2 TR BR 0
GAMEOVER WINNER 0
# Game ended: Sun Apr 07 20:24:50 EDT 2019
