# Server version 0.08 running on 142.157.21.24:8123
# Game ID: 484
# Board class: pentago_swap.PentagoBoard
# Timeout: 2000
# First Move Timeout: 30000
# Date: Mon Apr 08 17:51:30 EDT 2019
# Player 1: Player-0, 'Human', running on 142.157.21.24
# Player 2: Player-1, '160726872', running on 142.157.21.24
START Player-0 Human
START Player-1 160726872
4 1 TR TL 0
0 0 TL TR 1
4 4 TR TL 0
0 1 TL TR 1
3 2 TR BR 0
0 4 TR BL 1
3 2 TR BL 0
2 3 TL TR 1
2 1 TR BR 0
0 0 TL BR 1
5 0 TR BL 0
3 2 TL TR 1
GAMEOVER WINNER 1
# Game ended: Mon Apr 08 17:52:18 EDT 2019
