# Server version 0.08 running on 142.157.21.24:8123
# Game ID: 696
# Board class: pentago_swap.PentagoBoard
# Timeout: 2000
# First Move Timeout: 30000
# Date: Tue Apr 09 17:41:40 EDT 2019
# Player 1: Player-0, '460726872', running on 142.157.21.24
# Player 2: Player-1, '460726872', running on 142.157.21.24
START Player-0 460726872
START Player-1 460726872
0 0 TL TR 0
0 0 TR BR 1
0 3 TL BR 0
1 2 TL BR 1
1 3 TL BR 0
3 0 TL BR 1
2 3 TL BR 0
0 5 TR BR 1
2 3 TL BL 0
1 3 TL BL 1
4 0 TR BL 0
2 3 TR BL 1
1 1 TL BR 0
0 1 TL BR 1
4 4 TL BR 0
5 3 TR BR 1
0 4 TR BR 0
2 1 TL BR 1
0 2 TL BR 0
4 2 TR BR 1
1 2 TL TR 0
3 5 TL TR 1
1 3 TL BR 0
3 1 TR BR 1
GAMEOVER WINNER 0
# Game ended: Tue Apr 09 17:41:51 EDT 2019
