# Server version 0.08 running on 142.157.21.24:8123
# Game ID: 1032
# Board class: pentago_swap.PentagoBoard
# Timeout: 2000
# First Move Timeout: 30000
# Date: Wed Apr 10 17:18:52 EDT 2019
# Player 1: Player-0, '260707007', running on 142.157.134.164
# Player 2: Player-1, '560726872', running on 142.157.21.24
START Player-0 260707007
START Player-1 560726872
1 1 TL TR 0
1 1 TL TR 1
4 1 TL TR 0
4 4 TL TR 1
3 4 TL TR 0
0 5 TR BL 1
0 4 BL BR 0
0 3 TL TR 1
2 1 TL BL 0
5 4 TR BR 1
0 4 TR BR 0
2 2 TR BR 1
0 2 TR BL 0
3 3 TR BL 1
4 3 TL BR 0
0 1 TL BR 1
5 3 TL TR 0
0 0 TL TR 1
3 5 BL BR 0
0 0 BL BR 1
GAMEOVER WINNER 1
# Game ended: Wed Apr 10 17:19:05 EDT 2019
