# Server version 0.08 running on 142.157.191.28:8123
# Game ID: 593
# Board class: pentago_swap.PentagoBoard
# Timeout: 2000
# First Move Timeout: 30000
# Date: Mon Apr 08 21:48:33 EDT 2019
# Player 1: Player-0, 'Human', running on 142.157.191.28
# Player 2: Player-1, '660726872', running on 142.157.191.28
START Player-0 Human
START Player-1 660726872
1 0 TR TL 0
1 1 TL TR 1
2 0 BR TR 0
1 1 TL TR 1
4 3 BR BL 0
0 3 TL TR 1
2 2 TL TR 0
3 1 TR BR 1
5 1 BL TL 0
0 0 TR BL 1
2 2 TR BL 0
3 4 TL BR 1
2 1 TL TR 0
0 5 TR BL 1
GAMEOVER WINNER 1
# Game ended: Mon Apr 08 21:49:27 EDT 2019
