# Server version 0.08 running on 192.168.2.12:8123
# Game ID: 848
# Board class: pentago_swap.PentagoBoard
# Timeout: 2000
# First Move Timeout: 30000
# Date: Wed Apr 10 08:07:22 EDT 2019
# Player 1: Player-0, '760726872', running on 192.168.2.12
# Player 2: Player-1, 'Human', running on 192.168.2.12
START Player-0 760726872
START Player-1 Human
1 1 TL TR 0
3 3 TR TL 1
1 4 TL TR 0
4 3 TR TL 1
0 0 TR BL 0
2 0 TR BL 1
0 3 TR BR 0
1 0 TR BL 1
2 2 TR BL 0
GAMEOVER WINNER 0
# Game ended: Wed Apr 10 08:07:34 EDT 2019
