# Server version 0.08 running on 192.168.2.12:8123
# Game ID: 830
# Board class: pentago_swap.PentagoBoard
# Timeout: 2000
# First Move Timeout: 30000
# Date: Wed Apr 10 06:03:27 EDT 2019
# Player 1: Player-0, 'Human', running on 192.168.2.12
# Player 2: Player-1, '560726872', running on 192.168.2.12
START Player-0 Human
START Player-1 560726872
1 1 TR BL 0
1 4 TL TR 1
4 4 BL TL 0
1 1 TL TR 1
4 2 BL BR 0
0 0 TL TR 1
3 4 BR TR 0
4 3 TR BR 1
2 3 TR BR 0
0 0 TR BL 1
2 2 TR BR 0
2 0 TL TR 1
3 2 BL BR 0
1 3 TL BR 1
GAMEOVER WINNER 1
# Game ended: Wed Apr 10 06:03:47 EDT 2019
