# Server version 0.08 running on 142.157.191.28:8123
# Game ID: 625
# Board class: pentago_swap.PentagoBoard
# Timeout: 2000
# First Move Timeout: 30000
# Date: Mon Apr 08 23:10:28 EDT 2019
# Player 1: Player-0, '560726872', running on 142.157.191.28
# Player 2: Player-1, '660726872', running on 142.157.191.28
START Player-0 560726872
START Player-1 660726872
1 1 TL TR 0
1 1 TL TR 1
4 1 TL TR 0
4 4 TL TR 1
0 0 TL TR 0
3 0 TL TR 1
0 1 TR BL 0
3 0 TL BL 1
2 4 TL TR 0
5 4 BL BR 1
0 1 TL TR 0
GAMEOVER WINNER 0
# Game ended: Mon Apr 08 23:10:31 EDT 2019
