# Server version 0.08 running on 142.157.191.28:8123
# Game ID: 372
# Board class: pentago_swap.PentagoBoard
# Timeout: 2000
# First Move Timeout: 30000
# Date: Sun Apr 07 20:16:17 EDT 2019
# Player 1: Player-0, '11111111', running on 142.157.191.28
# Player 2: Player-1, '160726872', running on 142.157.191.28
START Player-0 11111111
START Player-1 160726872
0 0 TL BR 0
0 0 TL TR 1
0 2 TL TR 0
0 1 TL BR 1
0 1 TL BL 0
3 2 TL TR 1
0 0 TL BL 0
3 5 BL BR 1
0 3 TL TR 0
0 2 TL TR 1
0 4 TL TR 0
3 4 TL BL 1
1 0 TR BR 0
1 1 TL BR 1
1 0 TR BR 0
2 4 TL BL 1
1 0 TL TR 0
4 4 TL TR 1
GAMEOVER WINNER 1
# Game ended: Sun Apr 07 20:16:33 EDT 2019
