# Server version 0.08 running on 142.157.191.28:8123
# Game ID: 618
# Board class: pentago_swap.PentagoBoard
# Timeout: 2000
# First Move Timeout: 30000
# Date: Mon Apr 08 23:05:48 EDT 2019
# Player 1: Player-0, '660726872', running on 142.157.191.28
# Player 2: Player-1, '560726872', running on 142.157.191.28
START Player-0 660726872
START Player-1 560726872
1 1 TL TR 0
1 1 TL TR 1
4 1 TL TR 0
4 4 TL TR 1
0 0 TL TR 0
0 1 TL TR 1
1 0 BL BR 0
0 3 TL TR 1
4 5 TL BR 0
5 4 BL BR 1
1 0 BL BR 0
GAMEOVER WINNER 0
# Game ended: Mon Apr 08 23:05:53 EDT 2019
