# Server version 0.08 running on 142.157.21.24:8123
# Game ID: 205
# Board class: pentago_swap.PentagoBoard
# Timeout: 2000
# First Move Timeout: 30000
# Date: Fri Apr 05 16:02:29 EDT 2019
# Player 1: Player-0, '260726872', running on 142.157.21.24
# Player 2: Player-1, 'Human', running on 142.157.21.24
START Player-0 260726872
START Player-1 Human
0 0 TL TR 0
2 2 BR BL 1
0 0 TL TR 0
0 1 BL BR 1
0 2 TL TR 0
0 2 BR BL 1
0 1 TL TR 0
1 2 BR BL 1
1 0 TL TR 0
1 2 TR BR 1
0 3 TR BL 0
3 1 TR BL 1
0 5 TR BL 0
2 3 BL TR 1
1 5 TR BL 0
4 4 BR BL 1
0 3 TL TR 0
4 3 TR TL 1
0 4 TL TR 0
0 2 TR TL 1
1 5 TL TR 0
2 1 TR BR 1
1 0 TR BR 0
1 1 TL TR 1
5 1 TL TR 0
4 4 TR TL 1
5 4 TL TR 0
2 2 TR BR 1
5 0 TL BL 0
GAMEOVER WINNER 0
# Game ended: Fri Apr 05 16:03:33 EDT 2019
