# Server version 0.08 running on 142.157.191.28:8123
# Game ID: 374
# Board class: pentago_swap.PentagoBoard
# Timeout: 2000
# First Move Timeout: 30000
# Date: Sun Apr 07 20:18:54 EDT 2019
# Player 1: Player-0, '160726872', running on 142.157.191.28
# Player 2: Player-1, 'Human', running on 142.157.191.28
START Player-0 160726872
START Player-1 Human
0 0 TL TR 0
1 4 TR TL 1
2 3 TL BR 0
4 3 BR TR 1
0 4 TR BR 0
1 4 TR TL 1
0 0 TL BR 0
4 3 BR TR 1
1 2 TL BL 0
1 5 TR BR 1
3 2 TR BR 0
0 4 TR BR 1
0 4 TL BL 0
0 3 TR TL 1
0 2 BL BR 0
GAMEOVER WINNER 0
# Game ended: Sun Apr 07 20:19:41 EDT 2019
