# Server version 0.08 running on 142.157.21.24:8123
# Game ID: 751
# Board class: pentago_swap.PentagoBoard
# Timeout: 2000
# First Move Timeout: 30000
# Date: Tue Apr 09 18:50:40 EDT 2019
# Player 1: Player-0, '660726872', running on 142.157.21.24
# Player 2: Player-1, '460726872', running on 142.157.21.24
START Player-0 660726872
START Player-1 460726872
1 1 TL TR 0
0 0 TL TR 1
1 4 TL TR 0
0 4 TL TR 1
2 0 TR BR 0
0 0 TR BR 1
0 2 TL TR 0
0 1 TR BR 1
4 1 TL BR 0
3 2 TL BR 1
0 4 TL BR 0
3 1 TL BR 1
0 2 BL BR 0
3 3 BL BR 1
GAMEOVER WINNER 1
# Game ended: Tue Apr 09 18:50:48 EDT 2019
