# Server version 0.08 running on 142.157.21.24:8123
# Game ID: 1010
# Board class: pentago_swap.PentagoBoard
# Timeout: 2000
# First Move Timeout: 30000
# Date: Wed Apr 10 16:31:23 EDT 2019
# Player 1: Player-0, '260716696', running on 142.157.24.227
# Player 2: Player-1, '560726872', running on 142.157.21.24
START Player-0 260716696
START Player-1 560726872
4 4 TL TR 0
1 1 TL TR 1
4 1 TL TR 0
1 4 TL TR 1
3 2 TR BR 0
3 0 BL BR 1
5 2 TR BR 0
3 0 TR BL 1
5 3 TR BR 0
GAMEOVER ILLEGAL MOVE: Player 1, Move: (3, 0), Swap: (TR, BL) WINNER 0
# Game ended: Wed Apr 10 16:31:30 EDT 2019
