# Server version 0.08 running on 192.168.2.12:8123
# Game ID: 855
# Board class: pentago_swap.PentagoBoard
# Timeout: 2000
# First Move Timeout: 30000
# Date: Wed Apr 10 08:10:02 EDT 2019
# Player 1: Player-0, 'xxxxxxxxx', running on 192.168.2.12
# Player 2: Player-1, '760726872', running on 192.168.2.12
START Player-0 xxxxxxxxx
START Player-1 760726872
4 4 TL TR 0
1 1 TL TR 1
4 1 BL BR 0
1 1 TL TR 1
1 2 BL BR 0
0 0 TL BR 1
3 4 TR BL 0
5 2 TL BL 1
5 5 TR BL 0
0 0 TR BL 1
GAMEOVER WINNER 1
# Game ended: Wed Apr 10 08:10:08 EDT 2019
