# Server version 0.08 running on 142.157.21.24:8123
# Game ID: 501
# Board class: pentago_swap.PentagoBoard
# Timeout: 2000
# First Move Timeout: 30000
# Date: Mon Apr 08 18:14:58 EDT 2019
# Player 1: Player-0, '160726872', running on 142.157.21.24
# Player 2: Player-1, 'Human', running on 142.157.21.24
START Player-0 160726872
START Player-1 Human
0 0 TL TR 0
1 4 TR BR 1
0 2 TL BL 0
4 1 BL TR 1
0 4 TR BL 0
3 4 BR TR 1
1 2 TR BR 0
4 2 BL TL 1
0 0 TL BL 0
4 3 BR TR 1
0 1 TR BL 0
0 2 TL BL 1
3 4 TL BL 0
0 0 TL BL 1
2 0 TR BR 0
0 5 TR TL 1
1 2 BL BR 0
GAMEOVER WINNER 0
# Game ended: Mon Apr 08 18:16:13 EDT 2019
