# Server version 0.08 running on 142.157.21.24:8123
# Game ID: 361
# Board class: pentago_swap.PentagoBoard
# Timeout: 2000
# First Move Timeout: 30000
# Date: Sun Apr 07 19:35:22 EDT 2019
# Player 1: Player-0, '260726872', running on 142.157.21.24
# Player 2: Player-1, '160726872', running on 142.157.21.24
START Player-0 260726872
START Player-1 160726872
0 0 TL TR 0
0 0 TL TR 1
0 1 TL TR 0
2 3 TL BR 1
0 0 TL TR 0
0 2 TL BL 1
0 0 TL TR 0
1 0 TL TR 1
0 1 TL TR 0
0 5 TR BL 1
0 1 TL TR 0
0 5 TL TR 1
1 1 TL TR 0
2 3 TL BL 1
1 1 TR BR 0
5 2 TR BR 1
1 0 TR BR 0
1 5 TL BR 1
0 4 TL BR 0
4 1 TR BR 1
1 2 TL TR 0
4 0 TL TR 1
1 5 TL TR 0
GAMEOVER WINNER 0
# Game ended: Sun Apr 07 19:35:28 EDT 2019
