# Server version 0.08 running on 142.157.21.24:8123
# Game ID: 488
# Board class: pentago_swap.PentagoBoard
# Timeout: 2000
# First Move Timeout: 30000
# Date: Mon Apr 08 18:01:26 EDT 2019
# Player 1: Player-0, '360726872', running on 142.157.21.24
# Player 2: Player-1, '160726872', running on 142.157.21.24
START Player-0 360726872
START Player-1 160726872
0 0 TL TR 0
0 0 TL TR 1
0 1 TL BR 0
5 3 TR BR 1
5 4 TR BR 0
0 4 TL TR 1
0 2 TL TR 0
3 1 TR BR 1
2 2 TR BR 0
3 2 TR BR 1
3 0 TL TR 0
0 4 TL TR 1
0 0 TR BR 0
4 1 TR BR 1
2 0 TR BR 0
4 4 TR BR 1
1 3 TL BR 0
0 5 TL BR 1
GAMEOVER WINNER 1
# Game ended: Mon Apr 08 18:01:33 EDT 2019
