# Server version 0.08 running on 192.168.2.12:8123
# Game ID: 909
# Board class: pentago_swap.PentagoBoard
# Timeout: 2000
# First Move Timeout: 30000
# Date: Wed Apr 10 08:58:43 EDT 2019
# Player 1: Player-0, '660726872', running on 192.168.2.12
# Player 2: Player-1, '760726872', running on 192.168.2.12
START Player-0 660726872
START Player-1 760726872
1 1 TL TR 0
1 1 TL TR 1
4 1 TL TR 0
4 4 TL TR 1
1 3 TR BR 0
0 3 TL TR 1
3 2 TL BL 0
0 3 TL TR 1
0 1 TR BL 0
3 3 TL TR 1
2 2 TL TR 0
0 5 TR BR 1
2 1 TR BR 0
3 1 BL BR 1
1 0 TL TR 0
5 3 TR BR 1
0 1 TR BR 0
2 1 TL BR 1
0 0 TL BR 0
4 5 TR BR 1
1 0 TL TR 0
3 5 TL TR 1
1 2 TL TR 0
4 5 TR BR 1
1 0 TL BR 0
5 2 BL BR 1
2 0 TL TR 0
3 4 TR BR 1
2 2 BL BR 0
2 3 TL BL 1
0 5 TL BL 0
1 5 TL TR 1
2 3 TL TR 0
5 4 TL BR 1
2 2 TL BR 0
GAMEOVER WINNER 0
# Game ended: Wed Apr 10 08:58:55 EDT 2019
