# Server version 0.08 running on localhost:8123
# Game ID: 1122
# Board class: pentago_swap.PentagoBoard
# Timeout: 2000
# First Move Timeout: 30000
# Date: Sun Apr 21 15:42:52 EDT 2019
# Player 1: Player-0, '260726872', running on localhost
# Player 2: Player-1, 'Human', running on localhost
START Player-0 260726872
START Player-1 Human
1 1 TL TR 0
4 4 TL TR 1
1 4 TL TR 0
4 1 BL TR 1
2 3 BL BR 0
5 3 BR TR 1
5 0 TL TR 0
2 1 BR TR 1
1 2 TL BR 0
4 3 BR BL 1
1 2 TL BR 0
4 3 BR TL 1
2 2 BL BR 0
3 3 BR TL 1
3 3 TR BL 0
2 2 BR TR 1
0 4 TR BR 0
0 1 TL BR 1
0 2 TL BR 0
5 2 BL TR 1
0 2 TL BL 0
1 2 TL BR 1
GAMEOVER WINNER 0
# Game ended: Sun Apr 21 15:44:58 EDT 2019
