# Server version 0.08 running on 142.157.21.24:8123
# Game ID: 486
# Board class: pentago_swap.PentagoBoard
# Timeout: 2000
# First Move Timeout: 30000
# Date: Mon Apr 08 18:00:15 EDT 2019
# Player 1: Player-0, '160726872', running on 142.157.21.24
# Player 2: Player-1, '360726872', running on 142.157.21.24
START Player-0 160726872
START Player-1 360726872
0 0 TL TR 0
0 0 TL TR 1
0 1 TL BR 0
0 0 TR BR 1
1 4 TL TR 0
0 2 TL TR 1
0 1 TL TR 0
1 3 TL BL 1
1 4 TL TR 0
2 1 TL TR 1
3 5 BL BR 0
2 3 TL TR 1
4 0 TL BL 0
5 4 BL BR 1
0 1 TL TR 0
1 0 TL BR 1
2 3 TL BR 0
0 0 TL BL 1
5 1 TR BR 0
0 5 TL TR 1
GAMEOVER WINNER 1
# Game ended: Mon Apr 08 18:00:26 EDT 2019
