# Server version 0.08 running on 192.168.2.12:8123
# Game ID: 854
# Board class: pentago_swap.PentagoBoard
# Timeout: 2000
# First Move Timeout: 30000
# Date: Wed Apr 10 08:09:52 EDT 2019
# Player 1: Player-0, '760726872', running on 192.168.2.12
# Player 2: Player-1, 'xxxxxxxxx', running on 192.168.2.12
START Player-0 760726872
START Player-1 xxxxxxxxx
1 1 TL TR 0
4 4 BL BR 1
1 1 TL TR 0
4 4 TR BR 1
0 0 TL TR 0
5 1 TL TR 1
5 5 TL BR 0
5 5 TR BL 1
0 0 TR BL 0
GAMEOVER WINNER 0
# Game ended: Wed Apr 10 08:09:57 EDT 2019
