# Server version 0.08 running on 142.157.21.24:8123
# Game ID: 506
# Board class: pentago_swap.PentagoBoard
# Timeout: 2000
# First Move Timeout: 30000
# Date: Mon Apr 08 18:24:34 EDT 2019
# Player 1: Player-0, 'Human', running on 142.157.21.24
# Player 2: Player-1, '160726872', running on 142.157.21.24
START Player-0 Human
START Player-1 160726872
1 4 TR BR 0
0 0 TL TR 1
1 4 TR TL 0
0 1 TL TR 1
1 5 TR TL 0
0 2 TL TR 1
1 3 TR TL 0
4 3 TR BL 1
1 4 TR TL 0
5 4 BL BR 1
1 2 BL BR 0
GAMEOVER WINNER 0
# Game ended: Mon Apr 08 18:24:58 EDT 2019
