# Server version 0.08 running on 142.157.191.28:8123
# Game ID: 583
# Board class: pentago_swap.PentagoBoard
# Timeout: 2000
# First Move Timeout: 30000
# Date: Mon Apr 08 21:25:35 EDT 2019
# Player 1: Player-0, 'Human', running on 142.157.191.28
# Player 2: Player-1, '560726872', running on 142.157.191.28
START Player-0 Human
START Player-1 560726872
0 3 TR TL 0
1 1 TL TR 1
1 3 BL TL 0
1 1 TL TR 1
3 3 TR BR 0
3 3 TL BR 1
1 3 TR BR 0
2 3 BL BR 1
5 0 TR BR 0
0 1 TR BR 1
3 1 BL BR 0
2 1 BL BR 1
4 4 TL TR 0
0 1 TL BR 1
GAMEOVER WINNER 1
# Game ended: Mon Apr 08 21:26:23 EDT 2019
