# Server version 0.08 running on 142.157.21.24:8123
# Game ID: 189
# Board class: pentago_swap.PentagoBoard
# Timeout: 300000
# First Move Timeout: 30000
# Date: Fri Apr 05 15:27:05 EDT 2019
# Player 1: Player-0, '260726872', running on 142.157.21.24
# Player 2: Player-1, '260772647', running on teaching.cs.mcgill.ca
START Player-0 260726872
START Player-1 260772647
0 0 TL TR 0
1 0 TL BR 1
0 0 TL TR 0
1 0 TR BL 1
0 1 TL TR 0
0 5 TL BL 1
0 1 TL TR 0
0 5 BL BR 1
1 1 TL TR 0
2 4 TL BR 1
0 0 TL BL 0
2 5 TL TR 1
0 3 TL TR 0
1 5 TL BL 1
4 5 TL BL 0
4 2 TL TR 1
3 2 TL TR 0
3 1 TL BL 1
1 0 TL BL 0
5 2 TL TR 1
0 4 TL TR 0
0 2 TL BL 1
4 2 TL BL 0
2 3 TL BR 1
5 0 TR BL 0
GAMEOVER WINNER 0
# Game ended: Fri Apr 05 15:27:08 EDT 2019
