# Server version 0.08 running on 192.168.2.12:8123
# Game ID: 326
# Board class: pentago_swap.PentagoBoard
# Timeout: 2000
# First Move Timeout: 30000
# Date: Sun Apr 07 13:25:01 EDT 2019
# Player 1: Player-0, '260726872', running on localhost
# Player 2: Player-1, '160726872', running on localhost
START Player-0 260726872
START Player-1 160726872
0 0 TL TR 0
0 0 TL TR 1
0 1 TL TR 0
1 1 TR BR 1
0 1 TL TR 0
2 5 TL TR 1
0 2 TL TR 0
0 0 BL BR 1
0 1 TL BL 0
1 1 TR BR 1
2 2 TL TR 0
0 0 TL TR 1
0 2 TR BL 0
0 5 TR BL 1
0 4 TR BL 0
3 2 TR BL 1
1 3 TR BL 0
2 0 TL BR 1
1 0 TL TR 0
4 3 TR BR 1
1 0 TL TR 0
GAMEOVER WINNER 0
# Game ended: Sun Apr 07 13:25:05 EDT 2019
