# Server version 0.08 running on 142.157.21.24:8123
# Game ID: 733
# Board class: pentago_swap.PentagoBoard
# Timeout: 2000
# First Move Timeout: 30000
# Date: Tue Apr 09 18:35:07 EDT 2019
# Player 1: Player-0, '660726872', running on 142.157.21.24
# Player 2: Player-1, '560726872', running on 142.157.21.24
START Player-0 660726872
START Player-1 560726872
1 1 TL TR 0
1 1 TL TR 1
4 1 TL TR 0
4 4 TL TR 1
0 0 TR BL 0
0 3 TR BR 1
5 5 TL BR 0
5 5 TR BL 1
2 1 TL BL 0
2 3 TL BL 1
3 4 TL TR 0
3 2 TL TR 1
0 1 TL TR 0
GAMEOVER WINNER 0
# Game ended: Tue Apr 09 18:35:13 EDT 2019
