# Server version 0.08 running on 142.157.191.28:8123
# Game ID: 414
# Board class: pentago_swap.PentagoBoard
# Timeout: 300000
# First Move Timeout: 30000
# Date: Sun Apr 07 22:22:53 EDT 2019
# Player 1: Player-0, '160726872', running on 142.157.191.28
# Player 2: Player-1, '260772647', running on teaching.cs.mcgill.ca
START Player-0 160726872
START Player-1 260772647
0 0 TL TR 0
1 0 TR BL 1
1 2 TR BR 0
4 2 TR BR 1
4 3 BL BR 0
4 3 TL BR 1
3 2 TL BR 0
4 4 TL BR 1
0 1 TL BR 0
1 1 TL BL 1
0 1 TL BL 0
3 5 TL TR 1
3 0 TL TR 0
GAMEOVER WINNER 0
# Game ended: Sun Apr 07 22:22:57 EDT 2019
