# Server version 0.08 running on 142.157.21.24:8123
# Game ID: 1087
# Board class: pentago_swap.PentagoBoard
# Timeout: 2000
# First Move Timeout: 30000
# Date: Wed Apr 10 18:41:16 EDT 2019
# Player 1: Player-0, '260736135', running on 142.157.7.146
# Player 2: Player-1, '560726872', running on 142.157.21.24
START Player-0 260736135
START Player-1 560726872
0 1 TL TR 0
1 1 TL TR 1
1 1 TL TR 0
4 1 TL TR 1
1 0 TL TR 0
5 1 TL BR 1
1 5 TR BR 0
3 0 BL BR 1
3 2 BL BR 0
2 0 TL TR 1
1 4 TL BL 0
1 5 TL TR 1
2 1 TL TR 0
1 0 TR BR 1
2 4 TR BR 0
GAMEOVER WINNER 0
# Game ended: Wed Apr 10 18:41:25 EDT 2019
