# Server version 0.08 running on 142.157.191.28:8123
# Game ID: 599
# Board class: pentago_swap.PentagoBoard
# Timeout: 2000
# First Move Timeout: 30000
# Date: Mon Apr 08 22:05:26 EDT 2019
# Player 1: Player-0, 'Human', running on 142.157.191.28
# Player 2: Player-1, '660726872', running on 142.157.191.28
START Player-0 Human
START Player-1 660726872
1 1 TR TL 0
1 1 TL TR 1
4 4 BR BL 0
4 4 TL TR 1
2 4 TR BR 0
1 0 TL TR 1
3 4 BR TR 0
3 1 TL BR 1
1 2 TR BR 0
2 2 TR BR 1
5 5 TR BL 0
0 0 TR BL 1
3 3 TR BR 0
3 0 TR BR 1
3 2 BL TL 0
0 5 TL BL 1
5 0 TR BR 0
5 1 TL BL 1
5 0 BR TR 0
3 1 TL TR 1
3 2 TL BL 0
2 1 TL BL 1
5 4 BR TR 0
4 3 TL BL 1
GAMEOVER WINNER 1
# Game ended: Mon Apr 08 22:08:20 EDT 2019
