# Server version 0.08 running on 192.168.2.12:8123
# Game ID: 280
# Board class: pentago_swap.PentagoBoard
# Timeout: 2000
# First Move Timeout: 30000
# Date: Sun Apr 07 11:38:25 EDT 2019
# Player 1: Player-0, '260726872', running on localhost
# Player 2: Player-1, 'RandomPlayer', running on localhost
START Player-0 260726872
START Player-1 RandomPlayer
0 0 TL TR 0
0 1 TR BR 1
0 0 TL BR 0
3 1 TL TR 1
1 3 TL TR 0
1 5 BL BR 1
4 0 BL BR 0
3 5 TL BL 1
1 3 TR BR 0
5 4 BL BR 1
2 3 TL TR 0
3 2 TL TR 1
GAMEOVER WINNER 0
# Game ended: Sun Apr 07 11:38:31 EDT 2019
