# Server version 0.08 running on 142.157.191.28:8123
# Game ID: 368
# Board class: pentago_swap.PentagoBoard
# Timeout: 2000
# First Move Timeout: 30000
# Date: Sun Apr 07 20:06:06 EDT 2019
# Player 1: Player-0, 'Human', running on 142.157.191.28
# Player 2: Player-1, '160726872', running on 142.157.191.28
START Player-0 Human
START Player-1 160726872
1 1 TL TR 0
0 0 TL TR 1
0 1 BL BR 0
0 4 TR BR 1
3 5 BR TR 0
1 4 TR BR 1
5 5 BR TR 0
2 4 TR BR 1
1 4 BL BR 0
4 4 TL BR 1
2 1 BR TR 0
0 1 TL BL 1
GAMEOVER WINNER 1
# Game ended: Sun Apr 07 20:06:29 EDT 2019
