# Server version 0.08 running on 142.157.191.28:8123
# Game ID: 1102
# Board class: pentago_swap.PentagoBoard
# Timeout: 2000
# First Move Timeout: 30000
# Date: Wed Apr 10 19:53:06 EDT 2019
# Player 1: Player-0, '260759490', running on 132.216.233.139
# Player 2: Player-1, '260726872', running on 142.157.191.28
START Player-0 260759490
START Player-1 260726872
1 1 TL TR 0
1 1 TL TR 1
4 1 TL TR 0
4 4 TL TR 1
0 0 TL TR 0
2 5 TL TR 1
3 2 TL TR 0
0 1 TL TR 1
2 0 TL TR 0
1 2 TR BR 1
3 5 TR BR 0
GAMEOVER WINNER 0
# Game ended: Wed Apr 10 19:53:11 EDT 2019
