# Server version 0.08 running on 142.157.191.28:8123
# Game ID: 822
# Board class: pentago_swap.PentagoBoard
# Timeout: 2000
# First Move Timeout: 30000
# Date: Tue Apr 09 21:47:50 EDT 2019
# Player 1: Player-0, 'Human', running on 142.157.191.28
# Player 2: Player-1, '660726872', running on 142.157.191.28
START Player-0 Human
START Player-1 660726872
2 2 TR TL 0
1 1 TL TR 1
1 2 TR TL 0
1 4 TL TR 1
1 0 TR TL 0
0 1 TR BL 1
3 1 TR BL 0
2 1 TL BR 1
2 4 TR TL 0
3 1 TL BR 1
4 1 TL TR 0
0 1 TL BR 1
4 4 TR BR 0
2 4 TL BL 1
2 2 TR BR 0
0 5 TL BR 1
2 3 TR BL 0
0 0 TL TR 1
3 3 TR TL 0
0 2 TL BR 1
GAMEOVER WINNER 1
# Game ended: Tue Apr 09 21:48:58 EDT 2019
