# Server version 0.08 running on 142.157.191.28:8123
# Game ID: 648
# Board class: pentago_swap.PentagoBoard
# Timeout: 300000
# First Move Timeout: 30000
# Date: Mon Apr 08 23:40:53 EDT 2019
# Player 1: Player-0, '260708306', running on 132.216.232.79
# Player 2: Player-1, '660726872', running on 142.157.191.28
START Player-0 260708306
START Player-1 660726872
1 1 TL TR 0
1 1 TL TR 1
4 1 TL TR 0
4 4 TL TR 1
3 2 TR BL 0
2 0 BL BR 1
0 4 TL TR 0
0 3 TL BL 1
2 4 TR BL 0
3 3 TL BR 1
1 0 TL TR 0
2 5 TL TR 1
3 3 TL BL 0
0 3 TL BL 1
3 1 TL BL 0
2 4 TL BL 1
5 5 TL BL 0
0 2 TL BL 1
1 5 TL BL 0
1 0 TL BL 1
1 3 TL TR 0
0 4 BL BR 1
4 5 TR BL 0
2 4 TR BR 1
5 3 TR BR 0
GAMEOVER WINNER 0
# Game ended: Mon Apr 08 23:41:12 EDT 2019
