# Server version 0.08 running on 142.157.21.24:8123
# Game ID: 748
# Board class: pentago_swap.PentagoBoard
# Timeout: 2000
# First Move Timeout: 30000
# Date: Tue Apr 09 18:47:43 EDT 2019
# Player 1: Player-0, '660726872', running on 142.157.21.24
# Player 2: Player-1, '560726872', running on 142.157.21.24
START Player-0 660726872
START Player-1 560726872
1 1 TL TR 0
1 1 TL TR 1
4 1 TL TR 0
4 4 TL TR 1
0 0 TR BL 0
0 3 TR BR 1
5 5 TL BR 0
5 5 TR BL 1
1 2 TL BL 0
0 2 TL BL 1
4 3 TL BL 0
2 5 TL TR 1
0 0 TL TR 0
1 0 BL BR 1
0 0 BL BR 0
5 1 TR BR 1
0 1 TL BL 0
1 5 TL BR 1
1 0 TL TR 0
4 2 TR BR 1
1 3 TL TR 0
GAMEOVER WINNER 0
# Game ended: Tue Apr 09 18:47:50 EDT 2019
