# Server version 0.08 running on 142.157.21.24:8123
# Game ID: 204
# Board class: pentago_swap.PentagoBoard
# Timeout: 2000
# First Move Timeout: 30000
# Date: Fri Apr 05 15:59:32 EDT 2019
# Player 1: Player-0, '260726872', running on 142.157.21.24
# Player 2: Player-1, 'Human', running on 142.157.21.24
START Player-0 260726872
START Player-1 Human
0 0 TL TR 0
1 4 TR TL 1
0 1 TL TR 0
0 5 TR TL 1
0 3 TL TR 0
0 1 TL BL 1
0 0 TL TR 0
4 1 BR TR 1
0 3 TL TR 0
5 1 TR BR 1
0 1 TL BL 0
3 2 BR TR 1
0 2 TR BR 0
5 4 BR TR 1
1 0 TR BR 0
2 0 TL TR 1
0 1 TL TR 0
0 5 TR TL 1
1 0 TL TR 0
2 3 TR BR 1
4 4 TR BR 0
2 2 BR BL 1
5 3 TR BR 0
5 4 BR TR 1
GAMEOVER WINNER 1
# Game ended: Fri Apr 05 16:02:03 EDT 2019
