# Server version 0.08 running on 142.157.21.24:8123
# Game ID: 352
# Board class: pentago_swap.PentagoBoard
# Timeout: 300000
# First Move Timeout: 30000
# Date: Sun Apr 07 19:13:32 EDT 2019
# Player 1: Player-0, '160726872', running on 142.157.21.24
# Player 2: Player-1, '260759490', running on vpn71248.vpn.mcgill.ca
START Player-0 160726872
START Player-1 260759490
0 0 TL TR 0
0 0 TL TR 1
0 1 TL BR 0
3 2 TR BR 1
0 5 TL TR 0
0 4 TL TR 1
1 3 TL BR 0
4 4 TL BR 1
2 3 TL BR 0
3 3 TL BR 1
3 0 TL TR 0
4 0 TL TR 1
4 3 TL BR 0
3 1 TL BL 1
3 1 TL BR 0
5 3 TR BR 1
0 2 TL TR 0
2 2 TL BR 1
1 1 TL TR 0
4 4 TR BR 1
2 2 TR BR 0
GAMEOVER WINNER 0
# Game ended: Sun Apr 07 19:13:48 EDT 2019
