# Server version 0.08 running on 142.157.191.28:8123
# Game ID: 787
# Board class: pentago_swap.PentagoBoard
# Timeout: 2000
# First Move Timeout: 30000
# Date: Tue Apr 09 20:49:40 EDT 2019
# Player 1: Player-0, '660726872', running on 142.157.191.28
# Player 2: Player-1, '560726872', running on 142.157.191.28
START Player-0 660726872
START Player-1 560726872
1 1 TL TR 0
1 1 TL TR 1
4 1 TL TR 0
4 4 TL TR 1
0 0 TL BR 0
3 0 TL BL 1
3 2 TL BL 0
0 0 TL BL 1
2 2 TR BL 0
5 5 TR BL 1
0 1 TL TR 0
2 2 BL BR 1
0 0 BL BR 0
5 2 BL BR 1
GAMEOVER WINNER 1
# Game ended: Tue Apr 09 20:49:47 EDT 2019
