# Server version 0.08 running on 142.157.191.28:8123
# Game ID: 377
# Board class: pentago_swap.PentagoBoard
# Timeout: 2000
# First Move Timeout: 30000
# Date: Sun Apr 07 20:25:00 EDT 2019
# Player 1: Player-0, '160726872', running on 142.157.191.28
# Player 2: Player-1, 'Human', running on 142.157.191.28
START Player-0 160726872
START Player-1 Human
0 0 TL TR 0
1 1 TR BR 1
0 2 TL BL 0
4 4 BR TR 1
0 4 TR BR 0
3 5 BR TR 1
3 1 TR BR 0
3 0 BL TL 1
1 2 TL BL 0
5 2 BL TR 1
2 2 TR BL 0
5 3 BR TR 1
0 2 TR BR 0
1 2 TL TR 1
0 3 TL TR 0
0 1 TL BL 1
2 1 TL BL 0
5 0 BL TL 1
1 5 TL BL 0
2 4 BL TR 1
1 1 TR BL 0
1 4 BL TR 1
5 0 TR BL 0
0 4 BL TR 1
5 4 TR BL 0
4 0 BL BR 1
4 2 TL BL 0
GAMEOVER WINNER 0
# Game ended: Sun Apr 07 20:28:39 EDT 2019
