# Server version 0.08 running on 192.168.2.12:8123
# Game ID: 286
# Board class: pentago_swap.PentagoBoard
# Timeout: 2000
# First Move Timeout: 30000
# Date: Sun Apr 07 11:42:59 EDT 2019
# Player 1: Player-0, '260726872', running on 192.168.2.12
# Player 2: Player-1, 'Human', running on 192.168.2.12
START Player-0 260726872
START Player-1 Human
0 0 TL TR 0
1 1 TR TL 1
0 3 TR BR 0
1 4 BL TL 1
4 1 TL BL 0
2 2 BL TR 1
5 5 TL BR 0
3 4 TR BR 1
0 1 TR BR 0
0 2 TR BL 1
0 3 TR BL 0
2 3 BL TL 1
0 1 TL TR 0
2 3 BR TL 1
5 0 TR BR 0
2 0 BL TR 1
1 0 TL BR 0
0 2 TL BL 1
1 3 TL BL 0
GAMEOVER WINNER 0
# Game ended: Sun Apr 07 11:43:51 EDT 2019
