# Server version 0.08 running on 142.157.191.28:8123
# Game ID: 418
# Board class: pentago_swap.PentagoBoard
# Timeout: 300000
# First Move Timeout: 30000
# Date: Sun Apr 07 22:24:05 EDT 2019
# Player 1: Player-0, '160726872', running on 142.157.191.28
# Player 2: Player-1, 'Human', running on 142.157.191.28
START Player-0 160726872
START Player-1 Human
0 0 TL TR 0
1 4 TR TL 1
0 1 TL TR 0
0 5 TR TL 1
1 2 TL TR 0
4 1 BL BR 1
0 1 TL TR 0
2 0 BR BL 1
3 1 BL BR 0
3 3 TL TR 1
2 0 TL TR 0
4 5 BR TL 1
0 3 TR BL 0
3 2 BR BL 1
0 2 TL BL 0
4 0 TL TR 1
1 3 TR BR 0
1 3 TR BR 1
4 4 TR BR 0
1 1 TR BR 1
5 2 TL TR 0
2 3 TR BR 1
5 1 TR BR 0
1 3 TR BR 1
GAMEOVER WINNER 1
# Game ended: Sun Apr 07 22:26:01 EDT 2019
