# Server version 0.08 running on 142.157.21.24:8123
# Game ID: 492
# Board class: pentago_swap.PentagoBoard
# Timeout: 2000
# First Move Timeout: 30000
# Date: Mon Apr 08 18:06:45 EDT 2019
# Player 1: Player-0, '360726872', running on 142.157.21.24
# Player 2: Player-1, '160726872', running on 142.157.21.24
START Player-0 360726872
START Player-1 160726872
0 0 TL TR 0
0 0 TL TR 1
3 0 TL TR 0
0 1 TL BR 1
0 0 TL TR 0
0 2 TL BL 1
0 1 TL BL 0
0 1 TL BL 1
3 5 TL TR 0
1 1 TL TR 1
2 0 TL BL 0
0 4 TL BL 1
1 0 TR BR 0
4 0 TL BR 1
2 3 TL BL 0
1 3 TL BL 1
2 2 TL TR 0
1 1 BL BR 1
5 3 TR BR 0
1 2 TR BR 1
4 5 TR BR 0
1 4 TR BR 1
2 2 TR BR 0
GAMEOVER WINNER 1
# Game ended: Mon Apr 08 18:06:52 EDT 2019
