# Server version 0.08 running on 142.157.21.24:8123
# Game ID: 540
# Board class: pentago_swap.PentagoBoard
# Timeout: 2000
# First Move Timeout: 30000
# Date: Mon Apr 08 19:29:00 EDT 2019
# Player 1: Player-0, 'xxxxxxxxx', running on 142.157.21.24
# Player 2: Player-1, '460726872', running on 142.157.21.24
START Player-0 xxxxxxxxx
START Player-1 460726872
1 1 TR BR 0
0 0 TL TR 1
4 1 TL TR 0
3 1 TR BL 1
4 1 TL BL 0
1 0 TL BL 1
3 1 TR BR 0
1 0 TR BR 1
5 3 BL BR 0
2 0 TL BR 1
2 1 TL TR 0
3 0 BL BR 1
2 1 TR BL 0
GAMEOVER WINNER 0
# Game ended: Mon Apr 08 19:29:06 EDT 2019
