# Server version 0.08 running on 142.157.21.24:8123
# Game ID: 669
# Board class: pentago_swap.PentagoBoard
# Timeout: 300000
# First Move Timeout: 30000
# Date: Tue Apr 09 16:23:06 EDT 2019
# Player 1: Player-0, '560726872', running on 142.157.21.24
# Player 2: Player-1, '560726872', running on 142.157.21.24
START Player-0 560726872
START Player-1 560726872
1 1 TL TR 0
1 1 TL TR 1
4 1 TL TR 0
4 4 TL TR 1
0 0 TL TR 0
0 0 TL TR 1
3 0 BL BR 0
2 2 TL TR 1
3 0 TL TR 0
2 0 TR BR 1
GAMEOVER USER CANCEL UNDECIDED
# Game ended: Tue Apr 09 16:23:10 EDT 2019
