# Server version 0.08 running on 142.157.191.28:8123
# Game ID: 1110
# Board class: pentago_swap.PentagoBoard
# Timeout: 2000
# First Move Timeout: 30000
# Date: Wed Apr 10 20:01:32 EDT 2019
# Player 1: Player-0, '260726872', running on 142.157.191.28
# Player 2: Player-1, 'xxxxxxxxx', running on 142.157.191.28
START Player-0 260726872
START Player-1 xxxxxxxxx
1 1 TL TR 0
4 4 TR BR 1
1 1 TL TR 0
4 1 TL BL 1
2 0 TL TR 0
4 3 TL BL 1
0 2 TL BL 0
0 1 TR BL 1
2 3 TL TR 0
2 2 TR BL 1
0 3 TL BL 0
3 4 BL BR 1
2 1 TL BL 0
4 0 BL BR 1
2 2 TL BR 0
2 5 BL BR 1
2 2 BL BR 0
3 3 TL BL 1
5 0 TL BL 0
0 0 TL BL 1
2 1 TL BR 0
GAMEOVER WINNER 0
# Game ended: Wed Apr 10 20:01:50 EDT 2019
