# Server version 0.08 running on 142.157.21.24:8123
# Game ID: 1028
# Board class: pentago_swap.PentagoBoard
# Timeout: 2000
# First Move Timeout: 30000
# Date: Wed Apr 10 17:11:58 EDT 2019
# Player 1: Player-0, '260728557', running on 142.157.24.227
# Player 2: Player-1, '560726872', running on 142.157.21.24
START Player-0 260728557
START Player-1 560726872
4 4 TL TR 0
1 1 TL TR 1
4 1 TL TR 0
1 4 TL TR 1
5 5 TR BR 0
0 3 TR BR 1
4 5 TL BR 0
0 3 TR BR 1
0 2 TR BL 0
5 2 TL BL 1
2 3 TL BL 0
3 0 TL BL 1
GAMEOVER WINNER 1
# Game ended: Wed Apr 10 17:12:07 EDT 2019
