# Server version 0.08 running on 142.157.21.24:8123
# Game ID: 539
# Board class: pentago_swap.PentagoBoard
# Timeout: 2000
# First Move Timeout: 30000
# Date: Mon Apr 08 19:27:56 EDT 2019
# Player 1: Player-0, '460726872', running on 142.157.21.24
# Player 2: Player-1, 'xxxxxxxxx', running on 142.157.21.24
START Player-0 460726872
START Player-1 xxxxxxxxx
0 0 TL TR 0
4 1 TL BR 1
3 0 TL TR 0
1 4 TL BR 1
0 0 BL BR 0
3 4 TL BL 1
4 0 BL BR 0
0 4 TR BL 1
5 1 TR BL 0
5 1 TL BL 1
1 0 TL BL 0
3 2 TL TR 1
1 3 TL TR 0
5 0 TR BR 1
2 0 TR BR 0
GAMEOVER WINNER 0
# Game ended: Mon Apr 08 19:28:07 EDT 2019
