# Server version 0.08 running on 142.157.191.28:8123
# Game ID: 410
# Board class: pentago_swap.PentagoBoard
# Timeout: 2000
# First Move Timeout: 30000
# Date: Sun Apr 07 22:02:20 EDT 2019
# Player 1: Player-0, 'Human', running on 142.157.191.28
# Player 2: Player-1, '160726872', running on 142.157.191.28
START Player-0 Human
START Player-1 160726872
0 1 TR BL 0
2 1 TL TR 1
1 4 BR BL 0
0 0 TL TR 1
3 2 BR TR 0
1 0 TR BL 1
3 2 TL TR 0
0 1 TR BL 1
3 2 BR TL 0
1 0 TL BL 1
3 2 BR TR 0
2 0 TR BR 1
5 0 TL BR 0
3 3 TL BR 1
GAMEOVER WINNER 1
# Game ended: Sun Apr 07 22:02:45 EDT 2019
