# Server version 0.08 running on 192.168.2.12:8123
# Game ID: 157
# Board class: pentago_swap.PentagoBoard
# Timeout: 2000
# First Move Timeout: 30000
# Date: Fri Apr 05 04:29:15 EDT 2019
# Player 1: Player-0, 'RandomPlayer', running on localhost
# Player 2: Player-1, '260726872', running on localhost
START Player-0 RandomPlayer
START Player-1 260726872
5 2 TR BR 0
3 2 TL TR 1
0 3 TL TR 0
1 5 TL BL 1
4 1 BL BR 0
5 0 TL TR 1
2 0 TL BL 0
3 1 TR BR 1
5 2 BL BR 0
5 0 TR BR 1
1 3 TL TR 0
3 1 TR BR 1
0 0 BL BR 0
2 3 TR BR 1
5 1 TR BR 0
2 4 TL TR 1
1 4 TL BR 0
1 2 TL TR 1
GAMEOVER WINNER 0
# Game ended: Fri Apr 05 04:29:15 EDT 2019
