# Server version 0.08 running on 142.157.191.28:8123
# Game ID: 370
# Board class: pentago_swap.PentagoBoard
# Timeout: 2000
# First Move Timeout: 30000
# Date: Sun Apr 07 20:07:22 EDT 2019
# Player 1: Player-0, 'Human', running on 142.157.191.28
# Player 2: Player-1, '160726872', running on 142.157.191.28
START Player-0 Human
START Player-1 160726872
1 1 TR BR 0
0 0 TL TR 1
1 3 TR TL 0
0 2 TL TR 1
0 4 TR BR 0
3 0 BL BR 1
4 2 BR TR 0
0 4 TR BR 1
3 5 BR TR 0
0 2 TR BR 1
5 3 BR TR 0
0 1 BL BR 1
0 0 TL BL 0
5 3 TR BR 1
4 4 BL TL 0
4 3 TL TR 1
1 3 TL BL 0
4 5 TR BL 1
4 1 BL TL 0
1 2 TL BR 1
GAMEOVER WINNER 1
# Game ended: Sun Apr 07 20:09:16 EDT 2019
