# Server version 0.08 running on 142.157.21.24:8123
# Game ID: 198
# Board class: pentago_swap.PentagoBoard
# Timeout: 300000
# First Move Timeout: 30000
# Date: Fri Apr 05 15:37:10 EDT 2019
# Player 1: Player-0, 'RandomPlayer', running on 142.157.21.24
# Player 2: Player-1, '260772647G3', running on teaching.cs.mcgill.ca
START Player-0 RandomPlayer
START Player-1 260772647G3
5 2 TR BR 0
1 4 TL TR 1
0 3 TL TR 0
1 2 TR BL 1
4 0 BL BR 0
4 2 TL BL 1
1 5 TL BL 0
1 1 TL TR 1
5 3 BL BR 0
1 3 TR BL 1
1 5 TL TR 0
4 4 BL BR 1
GAMEOVER WINNER 1
# Game ended: Fri Apr 05 15:37:24 EDT 2019
