# Server version 0.08 running on 192.168.2.12:8123
# Game ID: 467
# Board class: pentago_swap.PentagoBoard
# Timeout: 2000
# First Move Timeout: 30000
# Date: Mon Apr 08 07:49:30 EDT 2019
# Player 1: Player-0, '160726872', running on 192.168.2.12
# Player 2: Player-1, 'Human', running on 192.168.2.12
START Player-0 160726872
START Player-1 Human
0 0 TL TR 0
1 4 BL TR 1
0 0 TL TR 0
1 1 BL TR 1
0 4 TL TR 0
0 2 TL BL 1
0 1 TR BL 0
0 2 TR BR 1
1 0 TL TR 0
2 3 BR TL 1
1 0 TR BL 0
2 0 TL BL 1
2 5 TL TR 0
GAMEOVER WINNER 0
# Game ended: Mon Apr 08 07:49:50 EDT 2019
