# Server version 0.08 running on 142.157.21.24:8123
# Game ID: 511
# Board class: pentago_swap.PentagoBoard
# Timeout: 2000
# First Move Timeout: 30000
# Date: Mon Apr 08 18:46:21 EDT 2019
# Player 1: Player-0, '160726872', running on 142.157.21.24
# Player 2: Player-1, 'Human', running on 142.157.21.24
START Player-0 160726872
START Player-1 Human
0 0 TL TR 0
1 4 BL TR 1
2 2 BL BR 0
1 1 BL TR 1
0 5 TR BL 0
3 4 TL BR 1
0 2 TL BR 0
2 4 BL TR 1
0 0 BL BR 0
2 1 TR BR 1
1 4 TL TR 0
5 1 TL BL 1
0 4 TR BR 0
2 0 BL TR 1
2 2 TR BL 0
2 3 TR BR 1
0 5 TR BR 0
3 2 TL TR 1
0 1 TL BL 0
GAMEOVER WINNER 0
# Game ended: Mon Apr 08 18:47:15 EDT 2019
