# Server version 0.08 running on 142.157.191.28:8123
# Game ID: 591
# Board class: pentago_swap.PentagoBoard
# Timeout: 2000
# First Move Timeout: 30000
# Date: Mon Apr 08 21:42:49 EDT 2019
# Player 1: Player-0, 'Human', running on 142.157.191.28
# Player 2: Player-1, '560726872', running on 142.157.191.28
START Player-0 Human
START Player-1 560726872
3 5 TL BL 0
1 1 TL TR 1
4 5 TL BL 0
1 1 TL TR 1
2 2 BL TR 0
0 3 TL TR 1
1 5 TL BL 0
3 4 TL BL 1
0 5 TL BL 0
GAMEOVER WINNER 0
# Game ended: Mon Apr 08 21:43:12 EDT 2019
