# Server version 0.08 running on 142.157.21.24:8123
# Game ID: 658
# Board class: pentago_swap.PentagoBoard
# Timeout: 300000
# First Move Timeout: 30000
# Date: Tue Apr 09 15:53:26 EDT 2019
# Player 1: Player-0, '660726872', running on 142.157.21.24
# Player 2: Player-1, '260716696', running on 142.157.166.153
START Player-0 660726872
START Player-1 260716696
1 1 TL TR 0
4 4 TL TR 1
1 4 TL TR 0
4 1 TL TR 1
3 5 BL BR 0
0 2 TL BL 1
0 4 BL BR 0
3 2 TL TR 1
3 4 TL TR 0
2 4 TL TR 1
0 0 TL TR 0
5 0 TL TR 1
2 3 TL BR 0
3 5 TL BR 1
2 2 TL BR 0
0 0 TL TR 1
0 0 TL TR 0
0 4 TL TR 1
1 0 TL TR 0
1 0 TL TR 1
1 2 TL TR 0
1 2 TL TR 1
2 1 TL TR 0
2 0 TL TR 1
2 2 TL BR 0
1 0 TL TR 1
1 5 TL BL 0
GAMEOVER WINNER 0
# Game ended: Tue Apr 09 15:53:56 EDT 2019
