# Server version 0.08 running on 192.168.2.12:8123
# Game ID: 853
# Board class: pentago_swap.PentagoBoard
# Timeout: 2000
# First Move Timeout: 30000
# Date: Wed Apr 10 08:09:12 EDT 2019
# Player 1: Player-0, '760726872', running on 192.168.2.12
# Player 2: Player-1, '460726872', running on 192.168.2.12
START Player-0 760726872
START Player-1 460726872
1 1 TL TR 0
0 0 TL TR 1
1 4 TL TR 0
0 4 TL TR 1
3 0 TR BR 0
0 0 TL BR 1
0 2 TL TR 0
3 5 TL BR 1
0 4 TL BR 0
3 1 TL TR 1
3 2 TL TR 0
0 0 TL TR 1
2 0 TL TR 0
4 1 TL BL 1
2 4 TR BR 0
2 0 TL BR 1
2 3 TL BL 0
GAMEOVER WINNER 0
# Game ended: Wed Apr 10 08:09:18 EDT 2019
