# Server version 0.08 running on 142.157.21.24:8123
# Game ID: 1021
# Board class: pentago_swap.PentagoBoard
# Timeout: 2000
# First Move Timeout: 30000
# Date: Wed Apr 10 17:01:41 EDT 2019
# Player 1: Player-0, '560726872', running on 142.157.21.24
# Player 2: Player-1, '260708568', running on 142.157.24.227
START Player-0 560726872
START Player-1 260708568
1 1 TL TR 0
4 4 TL TR 1
1 4 TL TR 0
4 1 TL TR 1
3 2 TR BR 0
2 4 TL BL 1
0 5 TR BL 0
2 5 TR BR 1
0 0 TL BR 0
0 3 TL TR 1
0 3 TL TR 0
3 1 TR BL 1
3 4 TL TR 0
5 4 TL BR 1
3 1 TL BR 0
0 4 BL BR 1
3 5 BL BR 0
GAMEOVER WINNER 0
# Game ended: Wed Apr 10 17:01:57 EDT 2019
