# Server version 0.08 running on 142.157.191.28:8123
# Game ID: 423
# Board class: pentago_swap.PentagoBoard
# Timeout: 2000
# First Move Timeout: 30000
# Date: Sun Apr 07 22:47:00 EDT 2019
# Player 1: Player-0, '11111111', running on 142.157.191.28
# Player 2: Player-1, '160726872', running on 142.157.191.28
START Player-0 11111111
START Player-1 160726872
0 0 TL BR 0
0 0 TL TR 1
0 2 TL TR 0
0 1 TL TR 1
0 1 TL TR 0
0 2 TL TR 1
0 0 TL TR 0
1 2 BL BR 1
1 3 BL BR 0
3 1 BL BR 1
1 0 TL TR 0
2 0 TL TR 1
1 1 TR BR 0
0 3 TR BR 1
5 2 TR BR 0
GAMEOVER WINNER 1
# Game ended: Sun Apr 07 22:47:11 EDT 2019
