# Server version 0.08 running on 142.157.21.24:8123
# Game ID: 1052
# Board class: pentago_swap.PentagoBoard
# Timeout: 2000
# First Move Timeout: 30000
# Date: Wed Apr 10 17:49:19 EDT 2019
# Player 1: Player-0, '160726872', running on 142.157.21.24
# Player 2: Player-1, '560726872', running on 142.157.21.24
START Player-0 160726872
START Player-1 560726872
0 0 TL TR 0
1 1 TL TR 1
2 3 TL BR 0
1 1 TL TR 1
0 0 TL TR 0
0 4 TL BR 1
1 3 TL BR 0
4 3 TL TR 1
1 3 TL TR 0
0 0 TL BL 1
1 0 TL TR 0
2 5 TR BR 1
0 2 TL TR 0
4 4 TL TR 1
0 4 TL TR 0
1 1 BL BR 1
0 2 TL BR 0
4 2 TL BL 1
0 0 TL BR 0
GAMEOVER WINNER 0
# Game ended: Wed Apr 10 17:49:29 EDT 2019
