# Server version 0.08 running on 192.168.2.12:8123
# Game ID: 459
# Board class: pentago_swap.PentagoBoard
# Timeout: 2000
# First Move Timeout: 30000
# Date: Mon Apr 08 07:44:03 EDT 2019
# Player 1: Player-0, 'Human', running on 192.168.2.12
# Player 2: Player-1, '160726872', running on 192.168.2.12
START Player-0 Human
START Player-1 160726872
1 1 TL TR 0
0 0 TL TR 1
1 4 TR BL 0
1 3 TL TR 1
2 0 BL TR 0
0 0 TL TR 1
0 2 TR BR 0
1 0 BL BR 1
2 0 TL BL 0
0 1 TL BL 1
3 2 TL BL 0
3 5 BL BR 1
2 1 BR TR 0
3 0 TR BR 1
3 1 BR TR 0
5 0 TR BR 1
4 0 BR TR 0
3 4 TR BR 1
1 1 BR TR 0
5 1 TR BR 1
0 5 TR BR 0
0 4 TR BR 1
4 2 TL BL 0
2 2 TR BR 1
GAMEOVER DRAW
# Game ended: Mon Apr 08 07:45:21 EDT 2019
