# Server version 0.08 running on 192.168.2.12:8123
# Game ID: 278
# Board class: pentago_swap.PentagoBoard
# Timeout: 2000
# First Move Timeout: 30000
# Date: Sun Apr 07 10:40:07 EDT 2019
# Player 1: Player-0, 'Human', running on 192.168.2.12
# Player 2: Player-1, 'RandomPlayer', running on 192.168.2.12
START Player-0 Human
START Player-1 RandomPlayer
0 0 TR BL 0
0 2 TR BR 1
5 5 TR BL 0
3 2 TL TR 1
3 3 TR TL 0
1 5 BL BR 1
5 0 TL TR 0
3 3 TL BL 1
GAMEOVER USER CANCEL UNDECIDED
# Game ended: Sun Apr 07 10:40:41 EDT 2019
