# Server version 0.08 running on 142.157.21.24:8123
# Game ID: 496
# Board class: pentago_swap.PentagoBoard
# Timeout: 2000
# First Move Timeout: 30000
# Date: Mon Apr 08 18:11:58 EDT 2019
# Player 1: Player-0, '160726872', running on 142.157.21.24
# Player 2: Player-1, '360726872', running on 142.157.21.24
START Player-0 160726872
START Player-1 360726872
0 0 TL TR 0
0 0 TL TR 1
2 3 TL BR 0
0 0 TL TR 1
0 2 TL BL 0
0 0 TL TR 1
0 5 TR BL 0
1 0 TL TR 1
1 1 TL TR 0
4 1 TR BR 1
2 3 BL BR 0
1 4 TL BR 1
5 3 TR BR 0
1 4 TL TR 1
2 2 TR BL 0
1 2 TL TR 1
2 1 TL BR 0
0 1 BL BR 1
5 3 TR BR 0
0 2 TL BL 1
5 1 TL TR 0
2 5 TR BR 1
2 4 TR BL 0
GAMEOVER WINNER 0
# Game ended: Mon Apr 08 18:12:08 EDT 2019
