# Server version 0.08 running on 142.157.191.28:8123
# Game ID: 623
# Board class: pentago_swap.PentagoBoard
# Timeout: 2000
# First Move Timeout: 30000
# Date: Mon Apr 08 23:09:21 EDT 2019
# Player 1: Player-0, '560726872', running on 142.157.191.28
# Player 2: Player-1, '660726872', running on 142.157.191.28
START Player-0 560726872
START Player-1 660726872
1 1 TL TR 0
1 1 TL TR 1
4 1 TL TR 0
4 4 TL TR 1
0 0 TL TR 0
0 1 TR BL 1
0 4 TL BL 0
5 4 TL BR 1
5 3 BL BR 0
0 0 TL TR 1
2 0 TL TR 0
0 1 TL TR 1
GAMEOVER WINNER 1
# Game ended: Mon Apr 08 23:09:25 EDT 2019
