# Server version 0.08 running on 192.168.2.12:8123
# Game ID: 468
# Board class: pentago_swap.PentagoBoard
# Timeout: 2000
# First Move Timeout: 30000
# Date: Mon Apr 08 07:50:01 EDT 2019
# Player 1: Player-0, 'Human', running on 192.168.2.12
# Player 2: Player-1, '160726872', running on 192.168.2.12
START Player-0 Human
START Player-1 160726872
0 3 TL BL 0
0 0 TL TR 1
1 4 TR BL 0
1 3 BL BR 1
2 3 TR BL 0
0 3 TR BL 1
4 1 TR BR 0
0 1 TL TR 1
2 0 TR BR 0
0 1 TL TR 1
3 2 TL BR 0
3 4 TL TR 1
0 2 TL TR 0
GAMEOVER WINNER 0
# Game ended: Mon Apr 08 07:50:30 EDT 2019
