# Server version 0.08 running on 142.157.21.24:8123
# Game ID: 1080
# Board class: pentago_swap.PentagoBoard
# Timeout: 2000
# First Move Timeout: 30000
# Date: Wed Apr 10 18:31:07 EDT 2019
# Player 1: Player-0, '560726872', running on 142.157.21.24
# Player 2: Player-1, '260716696', running on 142.157.24.227
START Player-0 560726872
START Player-1 260716696
1 1 TL TR 0
4 4 TL TR 1
1 4 TL TR 0
4 1 TL TR 1
3 2 TR BR 0
0 5 TR BL 1
1 0 TL BR 0
4 2 TL BR 1
1 2 TL BR 0
1 0 TL BR 1
2 2 TL TR 0
3 1 TL TR 1
0 0 TL BR 0
0 0 TL TR 1
1 2 TL TR 0
0 1 TL TR 1
0 0 TR BL 0
0 1 TL TR 1
2 5 TR BR 0
GAMEOVER WINNER 0
# Game ended: Wed Apr 10 18:31:23 EDT 2019
