# Server version 0.08 running on 142.157.21.24:8123
# Game ID: 555
# Board class: pentago_swap.PentagoBoard
# Timeout: 2000
# First Move Timeout: 30000
# Date: Mon Apr 08 19:39:02 EDT 2019
# Player 1: Player-0, 'yukiyuki', running on 142.157.21.24
# Player 2: Player-1, 'Human', running on 142.157.21.24
START Player-0 yukiyuki
START Player-1 Human
1 1 TL TR 0
1 1 TR BL 1
1 4 TL TR 0
4 4 BL TR 1
0 0 TL TR 0
1 2 BR TL 1
3 3 TL TR 0
2 2 TR BR 1
0 2 BL BR 0
0 1 BL TR 1
2 0 TL BL 0
2 0 TL TR 1
0 5 TR BL 0
GAMEOVER WINNER 0
# Game ended: Mon Apr 08 19:39:20 EDT 2019
