# Server version 0.08 running on 142.157.21.24:8123
# Game ID: 507
# Board class: pentago_swap.PentagoBoard
# Timeout: 2000
# First Move Timeout: 30000
# Date: Mon Apr 08 18:33:53 EDT 2019
# Player 1: Player-0, 'Human', running on 142.157.21.24
# Player 2: Player-1, '460726872', running on 142.157.21.24
START Player-0 Human
START Player-1 460726872
4 4 TL TR 0
0 0 TL TR 1
4 1 TR BL 0
3 1 TL BR 1
3 2 TR TL 0
0 4 TL TR 1
1 2 BL TR 0
0 0 TR BL 1
0 2 BL TR 0
4 0 TL BL 1
2 2 BL TR 0
2 0 TL TR 1
2 2 TR BL 0
1 5 TL TR 1
3 0 BL BR 0
1 0 BL BR 1
2 3 TR BL 0
2 0 TL BR 1
GAMEOVER WINNER 1
# Game ended: Mon Apr 08 18:34:44 EDT 2019
