# Server version 0.08 running on 142.157.191.28:8123
# Game ID: 421
# Board class: pentago_swap.PentagoBoard
# Timeout: 300000
# First Move Timeout: 30000
# Date: Sun Apr 07 22:31:41 EDT 2019
# Player 1: Player-0, '160726872', running on 142.157.191.28
# Player 2: Player-1, 'Human', running on 142.157.191.28
START Player-0 160726872
START Player-1 Human
0 0 TL TR 0
1 4 TR TL 1
0 1 TL TR 0
0 5 TR TL 1
1 2 TL TR 0
4 4 BR BL 1
3 4 TL TR 0
4 5 BR TR 1
0 5 TL TR 0
0 0 TR BR 1
2 1 TL TR 0
1 4 TR TL 1
5 4 TL TR 0
1 3 TR TL 1
5 1 TR BR 0
1 3 BL BR 1
GAMEOVER WINNER 1
# Game ended: Sun Apr 07 22:32:52 EDT 2019
