# Server version 0.08 running on 142.157.21.24:8123
# Game ID: 495
# Board class: pentago_swap.PentagoBoard
# Timeout: 2000
# First Move Timeout: 30000
# Date: Mon Apr 08 18:09:39 EDT 2019
# Player 1: Player-0, '360726872', running on 142.157.21.24
# Player 2: Player-1, '160726872', running on 142.157.21.24
START Player-0 360726872
START Player-1 160726872
0 0 TL TR 0
0 0 TL TR 1
3 0 TL TR 0
0 5 BL BR 1
1 4 TL TR 0
0 5 TL TR 1
2 5 TL TR 0
4 4 TL BR 1
5 2 TL BL 0
1 1 TL TR 1
1 1 TR BL 0
2 2 TL TR 1
0 2 BL BR 0
0 4 TL BL 1
0 1 TL BR 0
3 1 TL TR 1
2 1 TL TR 0
5 4 TL BL 1
1 3 TL BL 0
0 1 TL TR 1
5 1 TL TR 0
0 0 TL TR 1
GAMEOVER WINNER 1
# Game ended: Mon Apr 08 18:09:48 EDT 2019
