# Server version 0.08 running on 192.168.2.12:8123
# Game ID: 324
# Board class: pentago_swap.PentagoBoard
# Timeout: 2000
# First Move Timeout: 30000
# Date: Sun Apr 07 13:24:36 EDT 2019
# Player 1: Player-0, '260726872', running on localhost
# Player 2: Player-1, '160726872', running on localhost
START Player-0 260726872
START Player-1 160726872
0 0 TL TR 0
0 0 TL TR 1
0 1 TL TR 0
0 1 TL BL 1
0 0 TL TR 0
0 5 TL TR 1
0 1 TL TR 0
0 2 TL TR 1
1 0 TL TR 0
1 0 TL TR 1
1 1 TL TR 0
1 2 TL TR 1
1 4 TR BR 0
1 3 BL BR 1
0 3 BL BR 0
5 3 TR BR 1
1 2 TR BR 0
2 1 TL BR 1
0 4 TL TR 0
4 2 TR BR 1
0 2 TL TR 0
3 2 TL TR 1
GAMEOVER WINNER 0
# Game ended: Sun Apr 07 13:24:40 EDT 2019
