# Server version 0.08 running on 192.168.2.12:8123
# Game ID: 117
# Board class: pentago_swap.PentagoBoard
# Timeout: 300000
# First Move Timeout: 30000
# Date: Wed Apr 03 21:07:30 EDT 2019
# Player 1: Player-0, '260726872', running on 192.168.2.12
# Player 2: Player-1, '260759490', running on 132.216.233.33
START Player-0 260726872
START Player-1 260759490
0 0 TL TR 0
0 5 TL TR 1
0 1 TL TR 0
2 5 TL TR 1
0 3 TL TR 0
1 5 TR BR 1
0 1 TL TR 0
1 2 BL BR 1
2 2 TL TR 0
1 2 TL TR 1
2 0 TL TR 0
0 2 TL TR 1
0 0 BL BR 0
0 1 TL TR 1
5 1 TR BR 0
1 0 TL TR 1
2 3 TL BR 0
0 2 TL TR 1
5 2 TR BR 0
GAMEOVER WINNER 1
# Game ended: Wed Apr 03 21:07:43 EDT 2019
