# Server version 0.08 running on 192.168.2.12:8123
# Game ID: 471
# Board class: pentago_swap.PentagoBoard
# Timeout: 2000
# First Move Timeout: 30000
# Date: Mon Apr 08 15:38:08 EDT 2019
# Player 1: Player-0, '160726872', running on 192.168.2.12
# Player 2: Player-1, '260737363', running on 192.168.2.12
START Player-0 160726872
START Player-1 260737363
0 0 TL TR 0
0 0 TL TR 1
0 1 TL BR 0
0 0 TL TR 1
0 1 TL TR 0
0 1 TL TR 1
0 2 TL BL 0
0 0 TL TR 1
3 5 TL TR 0
GAMEOVER WINNER 0
# Game ended: Mon Apr 08 15:38:10 EDT 2019
