# Server version 0.08 running on 192.168.2.12:8123
# Game ID: 941
# Board class: pentago_swap.PentagoBoard
# Timeout: 2000
# First Move Timeout: 30000
# Date: Wed Apr 10 09:19:26 EDT 2019
# Player 1: Player-0, '760726872', running on 192.168.2.12
# Player 2: Player-1, '560726872', running on 192.168.2.12
START Player-0 760726872
START Player-1 560726872
1 1 TL TR 0
1 1 TL TR 1
4 1 TL TR 0
4 4 TL TR 1
0 0 TL TR 0
3 0 TL TR 1
0 1 TR BL 0
3 0 TL TR 1
2 1 TR BL 0
5 4 BL BR 1
0 1 TL TR 0
GAMEOVER WINNER 0
# Game ended: Wed Apr 10 09:19:29 EDT 2019
