# Server version 0.08 running on 142.157.21.24:8123
# Game ID: 206
# Board class: pentago_swap.PentagoBoard
# Timeout: 2000
# First Move Timeout: 30000
# Date: Fri Apr 05 16:04:56 EDT 2019
# Player 1: Player-0, 'Human', running on 142.157.21.24
# Player 2: Player-1, '260726872', running on 142.157.21.24
START Player-0 Human
START Player-1 260726872
1 1 TL BL 0
0 0 TL TR 1
3 1 BL TL 0
0 0 TL TR 1
2 4 BL TL 0
0 0 TL TR 1
3 1 TR BR 0
4 1 TL TR 1
3 4 BL TL 0
4 4 TL TR 1
5 5 BR BL 0
0 2 TL TR 1
4 4 BL TL 0
3 4 TL TR 1
2 0 TR BR 0
5 2 TL BL 1
GAMEOVER WINNER 1
# Game ended: Fri Apr 05 16:05:44 EDT 2019
