# Server version 0.08 running on 142.157.191.28:8123
# Game ID: 582
# Board class: pentago_swap.PentagoBoard
# Timeout: 2000
# First Move Timeout: 30000
# Date: Mon Apr 08 21:24:43 EDT 2019
# Player 1: Player-0, 'Human', running on 142.157.191.28
# Player 2: Player-1, '560726872', running on 142.157.191.28
START Player-0 Human
START Player-1 560726872
0 0 TL TR 0
1 1 TL TR 1
1 0 BR TR 0
1 1 TL TR 1
4 3 BL TL 0
0 0 TR BR 1
2 3 TL BL 0
3 4 TL BL 1
0 3 TL BL 0
GAMEOVER WINNER 0
# Game ended: Mon Apr 08 21:25:15 EDT 2019
