# Server version 0.08 running on 142.157.191.28:8123
# Game ID: 771
# Board class: pentago_swap.PentagoBoard
# Timeout: 2000
# First Move Timeout: 30000
# Date: Tue Apr 09 20:03:33 EDT 2019
# Player 1: Player-0, '260737363', running on 142.157.27.7
# Player 2: Player-1, '660726872', running on 142.157.191.28
START Player-0 260737363
START Player-1 660726872
1 1 TL TR 0
1 1 TL TR 1
1 2 TL BL 0
0 4 TL TR 1
4 0 TL BL 0
3 3 TL BL 1
3 2 TR BR 0
3 5 TR BR 1
5 2 TR BR 0
2 1 TR BR 1
4 4 TR BR 0
1 3 TL BR 1
5 0 TL BR 0
1 0 BL BR 1
1 5 TR BL 0
GAMEOVER WINNER 0
# Game ended: Tue Apr 09 20:03:39 EDT 2019
