# Server version 0.08 running on 142.157.21.24:8123
# Game ID: 337
# Board class: pentago_swap.PentagoBoard
# Timeout: 2000
# First Move Timeout: 30000
# Date: Sun Apr 07 16:42:06 EDT 2019
# Player 1: Player-0, '160726872', running on 142.157.21.24
# Player 2: Player-1, 'RandomPlayer', running on 142.157.21.24
START Player-0 160726872
START Player-1 RandomPlayer
0 0 TL TR 0
0 1 TR BR 1
0 0 TL TR 0
3 2 TL TR 1
0 3 TL BL 0
1 5 BL BR 1
0 0 TL TR 0
4 0 TL BL 1
0 1 TL TR 0
5 4 BL BR 1
0 1 TR BR 0
3 5 TL TR 1
0 2 TL TR 0
1 3 BL BR 1
0 4 TL TR 0
GAMEOVER WINNER 0
# Game ended: Sun Apr 07 16:42:09 EDT 2019
