# Server version 0.08 running on 142.157.21.24:8123
# Game ID: 551
# Board class: pentago_swap.PentagoBoard
# Timeout: 2000
# First Move Timeout: 30000
# Date: Mon Apr 08 19:37:15 EDT 2019
# Player 1: Player-0, 'yukiyuki', running on 142.157.21.24
# Player 2: Player-1, 'xxxxxxxxx', running on 142.157.21.24
START Player-0 yukiyuki
START Player-1 xxxxxxxxx
1 1 TL TR 0
1 1 TL TR 1
4 1 TL TR 0
4 4 TR BL 1
0 0 TL TR 0
5 2 TR BL 1
3 3 TL BL 0
0 4 TR BR 1
0 1 TR BL 0
5 3 TL BR 1
3 1 TR BR 0
0 5 TR BL 1
4 0 TL TR 0
0 2 TR BL 1
2 0 TR BL 0
5 0 TL TR 1
1 3 TL TR 0
GAMEOVER WINNER 0
# Game ended: Mon Apr 08 19:37:28 EDT 2019
