# Server version 0.08 running on 142.157.21.24:8123
# Game ID: 533
# Board class: pentago_swap.PentagoBoard
# Timeout: 300000
# First Move Timeout: 30000
# Date: Mon Apr 08 19:09:03 EDT 2019
# Player 1: Player-0, '260716696', running on 142.157.24.227
# Player 2: Player-1, '160726872', running on 142.157.21.24
START Player-0 260716696
START Player-1 160726872
4 4 TL TR 0
0 0 TL TR 1
4 1 TL TR 0
0 1 TL TR 1
3 2 TR BR 0
0 0 TR BL 1
5 0 TR BL 0
3 5 TL BL 1
0 5 TL BL 0
GAMEOVER WINNER 0
# Game ended: Mon Apr 08 19:09:12 EDT 2019
