# Server version 0.08 running on 192.168.2.12:8123
# Game ID: 448
# Board class: pentago_swap.PentagoBoard
# Timeout: 2000
# First Move Timeout: 30000
# Date: Sun Apr 07 23:46:10 EDT 2019
# Player 1: Player-0, '160726872', running on 192.168.2.12
# Player 2: Player-1, 'Human', running on 192.168.2.12
START Player-0 160726872
START Player-1 Human
0 0 TL TR 0
1 4 TL BL 1
0 0 TL TR 0
4 4 TR BL 1
0 1 TL TR 0
1 1 BL TL 1
0 1 TL TR 0
0 2 BL TR 1
3 2 TL BR 0
GAMEOVER WINNER 0
# Game ended: Sun Apr 07 23:46:25 EDT 2019
