# Server version 0.08 running on 142.157.21.24:8123
# Game ID: 1026
# Board class: pentago_swap.PentagoBoard
# Timeout: 2000
# First Move Timeout: 30000
# Date: Wed Apr 10 17:09:45 EDT 2019
# Player 1: Player-0, '560726872', running on 142.157.21.24
# Player 2: Player-1, '260728557', running on 142.157.24.227
START Player-0 560726872
START Player-1 260728557
1 1 TL TR 0
4 4 TL TR 1
1 4 TL TR 0
4 1 TL TR 1
3 2 TR BR 0
2 3 TR BR 1
1 0 TL BR 0
0 5 TL TR 1
1 2 TL BL 0
0 5 BL BR 1
0 0 BL BR 0
GAMEOVER USER CANCEL UNDECIDED
# Game ended: Wed Apr 10 17:09:55 EDT 2019
