# Server version 0.08 running on 142.157.191.28:8123
# Game ID: 576
# Board class: pentago_swap.PentagoBoard
# Timeout: 300000
# First Move Timeout: 30000
# Date: Mon Apr 08 20:41:59 EDT 2019
# Player 1: Player-0, '260708568', running on 142.157.36.45
# Player 2: Player-1, '560726872', running on 142.157.191.28
START Player-0 260708568
START Player-1 560726872
4 4 TL TR 0
1 1 TL TR 1
4 1 TL TR 0
1 4 TL TR 1
5 1 TL TR 0
0 0 TR BR 1
5 2 TL BL 0
3 3 TL TR 1
2 2 TR BR 0
3 3 TL TR 1
3 4 TL TR 0
3 1 TL TR 1
0 4 TR BR 0
GAMEOVER WINNER 0
# Game ended: Mon Apr 08 20:42:11 EDT 2019
