# Server version 0.08 running on 142.157.191.28:8123
# Game ID: 1107
# Board class: pentago_swap.PentagoBoard
# Timeout: 2000
# First Move Timeout: 30000
# Date: Wed Apr 10 20:00:11 EDT 2019
# Player 1: Player-0, 'Human', running on 142.157.191.28
# Player 2: Player-1, '260726872', running on 142.157.191.28
START Player-0 Human
START Player-1 260726872
3 3 TR TL 0
1 1 TL TR 1
4 3 TR TL 0
1 4 TL TR 1
2 3 TR TL 0
1 5 TR BR 1
2 3 TR BL 0
1 0 TL TR 1
1 5 TR BL 0
4 3 BL BR 1
GAMEOVER WINNER 1
# Game ended: Wed Apr 10 20:00:40 EDT 2019
