# Server version 0.08 running on 192.168.2.12:8123
# Game ID: 889
# Board class: pentago_swap.PentagoBoard
# Timeout: 2000
# First Move Timeout: 30000
# Date: Wed Apr 10 08:39:36 EDT 2019
# Player 1: Player-0, '560726872', running on 192.168.2.12
# Player 2: Player-1, '760726872', running on 192.168.2.12
START Player-0 560726872
START Player-1 760726872
1 1 TL TR 0
1 1 TL TR 1
4 1 TL TR 0
4 4 TL TR 1
0 0 TL TR 0
0 0 TL TR 1
3 0 BL BR 0
2 2 TL TR 1
3 0 TL TR 0
2 0 TR BR 1
0 1 TL TR 0
0 1 TL TR 1
3 1 TL BL 0
1 3 BL BR 1
0 2 TL TR 0
5 1 TR BR 1
0 2 TL BR 0
GAMEOVER WINNER 0
# Game ended: Wed Apr 10 08:39:43 EDT 2019
