# Server version 0.08 running on 142.157.21.24:8123
# Game ID: 349
# Board class: pentago_swap.PentagoBoard
# Timeout: 2000
# First Move Timeout: 30000
# Date: Sun Apr 07 19:05:53 EDT 2019
# Player 1: Player-0, 'Human', running on 142.157.21.24
# Player 2: Player-1, '160726872', running on 142.157.21.24
START Player-0 Human
START Player-1 160726872
1 1 TR BL 0
0 0 TL TR 1
3 1 TL BR 0
2 2 TR BR 1
5 4 BR TR 0
0 4 TR BR 1
4 1 BR TL 0
5 1 TL BR 1
1 4 BR BL 0
3 5 BL BR 1
1 1 BR BL 0
0 0 BL BR 1
1 3 BR BL 0
0 1 BL BR 1
1 2 BR BL 0
0 2 TR BL 1
GAMEOVER WINNER 1
# Game ended: Sun Apr 07 19:06:27 EDT 2019
