# Server version 0.08 running on 192.168.2.12:8123
# Game ID: 861
# Board class: pentago_swap.PentagoBoard
# Timeout: 2000
# First Move Timeout: 30000
# Date: Wed Apr 10 08:19:07 EDT 2019
# Player 1: Player-0, '760726872', running on 192.168.2.12
# Player 2: Player-1, '160726872', running on 192.168.2.12
START Player-0 760726872
START Player-1 160726872
1 1 TL TR 0
0 0 TL TR 1
1 4 TL TR 0
0 1 TL TR 1
0 0 TR BR 0
0 2 TL BL 1
0 0 TL BL 0
0 1 TL BL 1
3 5 TL BL 0
1 2 TL BL 1
2 2 BL BR 0
1 1 TL BR 1
2 0 TL BR 0
0 1 BL BR 1
1 0 TL BL 0
1 0 TL BL 1
2 3 BL BR 0
5 0 TR BL 1
1 2 TR BR 0
0 2 TL TR 1
3 2 TL TR 0
4 1 TL TR 1
4 2 TL TR 0
5 2 TL TR 1
5 5 TL BR 0
5 1 BL BR 1
1 0 BL BR 0
2 3 TR BR 1
1 2 TR BR 0
GAMEOVER WINNER 0
# Game ended: Wed Apr 10 08:19:17 EDT 2019
