# Server version 0.08 running on 142.157.21.24:8123
# Game ID: 1050
# Board class: pentago_swap.PentagoBoard
# Timeout: 2000
# First Move Timeout: 30000
# Date: Wed Apr 10 17:48:20 EDT 2019
# Player 1: Player-0, '560726872', running on 142.157.21.24
# Player 2: Player-1, '260716696', running on 142.157.24.227
START Player-0 560726872
START Player-1 260716696
1 1 TL TR 0
4 4 TL TR 1
1 4 TL TR 0
4 1 TL TR 1
3 2 TR BR 0
0 5 TR BL 1
0 1 TR BL 0
1 5 TL BL 1
5 4 TL BR 0
0 0 TL TR 1
0 0 TL TR 0
0 1 TL TR 1
2 3 TR BR 0
1 0 TL BL 1
1 3 TL BR 0
0 2 TL BR 1
3 1 TL BR 0
1 2 TL BR 1
5 0 TR BR 0
2 5 TL TR 1
GAMEOVER WINNER 1
# Game ended: Wed Apr 10 17:48:41 EDT 2019
