# Server version 0.08 running on 142.157.191.28:8123
# Game ID: 409
# Board class: pentago_swap.PentagoBoard
# Timeout: 2000
# First Move Timeout: 30000
# Date: Sun Apr 07 22:01:52 EDT 2019
# Player 1: Player-0, 'Human', running on 142.157.191.28
# Player 2: Player-1, '160726872', running on 142.157.191.28
START Player-0 Human
START Player-1 160726872
1 1 TR BL 0
0 0 TL TR 1
1 1 BR TL 0
0 1 TL TR 1
1 4 BL BR 0
0 1 TL TR 1
0 2 TR BR 0
0 3 TL TR 1
2 2 BR TL 0
0 2 TL TR 1
1 3 BR BL 0
0 0 TL TR 1
GAMEOVER WINNER 1
# Game ended: Sun Apr 07 22:02:10 EDT 2019
