# Server version 0.08 running on 192.168.2.12:8123
# Game ID: 458
# Board class: pentago_swap.PentagoBoard
# Timeout: 2000
# First Move Timeout: 30000
# Date: Mon Apr 08 07:43:16 EDT 2019
# Player 1: Player-0, 'Human', running on 192.168.2.12
# Player 2: Player-1, '160726872', running on 192.168.2.12
START Player-0 Human
START Player-1 160726872
1 1 TR BL 0
0 0 TL TR 1
1 1 TR BL 0
1 3 TL TR 1
2 0 TR BR 0
0 0 TL TR 1
1 1 BL TR 0
1 3 TL TR 1
2 0 TR BR 0
0 1 TL TR 1
2 2 BL BR 0
3 4 BL BR 1
3 3 BL TR 0
3 2 TL BL 1
GAMEOVER WINNER 1
# Game ended: Mon Apr 08 07:43:55 EDT 2019
