# Server version 0.08 running on 192.168.2.12:8123
# Game ID: 466
# Board class: pentago_swap.PentagoBoard
# Timeout: 2000
# First Move Timeout: 30000
# Date: Mon Apr 08 07:49:16 EDT 2019
# Player 1: Player-0, '160726872', running on 192.168.2.12
# Player 2: Player-1, '260726872', running on 192.168.2.12
START Player-0 160726872
START Player-1 260726872
0 0 TL TR 0
0 0 TL TR 1
0 1 TL BR 0
0 0 TL TR 1
0 1 TL TR 0
0 1 TL TR 1
0 2 TL BL 0
3 5 TL TR 1
0 4 TL TR 0
0 5 TL TR 1
0 3 TL TR 0
0 2 TL TR 1
1 3 TL BL 0
1 0 TL TR 1
2 0 TL TR 0
4 3 TL TR 1
1 2 TL TR 0
2 0 TL TR 1
4 0 TL TR 0
1 1 TL BR 1
4 5 TL BR 0
4 4 TL TR 1
1 1 TL TR 0
5 0 TR BR 1
1 5 TR BR 0
GAMEOVER WINNER 0
# Game ended: Mon Apr 08 07:49:22 EDT 2019
