# Server version 0.08 running on 192.168.2.12:8123
# Game ID: 452
# Board class: pentago_swap.PentagoBoard
# Timeout: 2000
# First Move Timeout: 30000
# Date: Sun Apr 07 23:50:58 EDT 2019
# Player 1: Player-0, '160726872', running on 192.168.2.12
# Player 2: Player-1, 'Human', running on 192.168.2.12
START Player-0 160726872
START Player-1 Human
0 0 TL TR 0
1 1 BR TR 1
0 0 TL TR 0
1 3 TL BR 1
0 1 TL TR 0
0 2 TR BR 1
2 0 TL TR 0
1 2 BL BR 1
0 4 TL BL 0
0 2 TR BL 1
1 2 TL BR 0
2 3 BR TL 1
1 0 TR BL 0
3 4 BL BR 1
1 5 TL BR 0
1 1 TR BL 1
2 3 TL BL 0
GAMEOVER WINNER 0
# Game ended: Sun Apr 07 23:51:43 EDT 2019
