# Server version 0.08 running on 142.157.21.24:8123
# Game ID: 354
# Board class: pentago_swap.PentagoBoard
# Timeout: 300000
# First Move Timeout: 30000
# Date: Sun Apr 07 19:14:30 EDT 2019
# Player 1: Player-0, 'RandomPlayer', running on 142.157.21.24
# Player 2: Player-1, '260759490', running on vpn71248.vpn.mcgill.ca
START Player-0 RandomPlayer
START Player-1 260759490
5 2 TR BR 0
1 1 BL BR 1
0 3 TL TR 0
1 1 TL BL 1
3 5 BL BR 0
1 3 TL BR 1
2 2 TL BL 0
4 2 TL BL 1
5 3 BL BR 0
0 1 BL BR 1
2 3 TL TR 0
0 0 TL TR 1
0 2 BL BR 0
0 4 BL BR 1
5 0 TR BR 0
0 3 TL BL 1
1 1 TL BR 0
0 2 TL TR 1
5 0 TR BR 0
0 1 TL BR 1
5 1 TL TR 0
0 0 TR BL 1
GAMEOVER WINNER 1
# Game ended: Sun Apr 07 19:14:38 EDT 2019
