# Server version 0.08 running on 192.168.2.12:8123
# Game ID: 315
# Board class: pentago_swap.PentagoBoard
# Timeout: 2000
# First Move Timeout: 30000
# Date: Sun Apr 07 13:14:22 EDT 2019
# Player 1: Player-0, '160726872', running on localhost
# Player 2: Player-1, '260726872', running on localhost
START Player-0 160726872
START Player-1 260726872
0 0 TL TR 0
0 0 TL TR 1
0 1 TL TR 0
0 1 TL TR 1
0 2 TL BL 0
0 0 TL TR 1
3 4 TL BL 0
3 3 TR BL 1
3 2 TL BR 0
3 1 TL BR 1
0 5 TL TR 0
1 0 TL TR 1
1 0 TL BR 0
4 0 TL BR 1
5 2 TR BR 0
0 5 TR BR 1
2 1 TL BR 0
1 0 TL TR 1
5 1 TR BR 0
1 1 TL TR 1
5 3 TL TR 0
1 2 TL TR 1
5 0 TR BR 0
1 4 TL BR 1
GAMEOVER WINNER 1
# Game ended: Sun Apr 07 13:14:29 EDT 2019
