# Server version 0.08 running on 142.157.21.24:8123
# Game ID: 1082
# Board class: pentago_swap.PentagoBoard
# Timeout: 2000
# First Move Timeout: 30000
# Date: Wed Apr 10 18:38:08 EDT 2019
# Player 1: Player-0, 'Human', running on 142.157.21.24
# Player 2: Player-1, '560726872', running on 142.157.21.24
START Player-0 Human
START Player-1 560726872
3 3 TR TL 0
1 1 TL TR 1
4 3 TR TL 0
1 4 TL TR 1
2 0 TR BL 0
2 2 BL BR 1
1 0 TR BR 0
3 2 TR BR 1
0 0 TR BR 0
GAMEOVER WINNER 0
# Game ended: Wed Apr 10 18:38:24 EDT 2019
