# Server version 0.08 running on 192.168.2.12:8123
# Game ID: 923
# Board class: pentago_swap.PentagoBoard
# Timeout: 2000
# First Move Timeout: 30000
# Date: Wed Apr 10 09:05:18 EDT 2019
# Player 1: Player-0, '160726872', running on 192.168.2.12
# Player 2: Player-1, '760726872', running on 192.168.2.12
START Player-0 160726872
START Player-1 760726872
0 0 TL TR 0
1 1 TL TR 1
2 3 TL BR 0
1 1 TL TR 1
0 0 TL TR 0
0 0 TR BR 1
4 3 TR BR 0
4 3 TR BR 1
4 0 TL TR 0
5 0 TL BL 1
1 3 TL BL 0
2 3 TL BL 1
4 5 TL BL 0
0 2 TL BL 1
0 4 TL BL 0
1 1 TL BL 1
1 2 TL BR 0
0 1 TL BR 1
5 2 TR BR 0
0 1 TR BR 1
5 1 TL TR 0
0 2 TL TR 1
GAMEOVER WINNER 1
# Game ended: Wed Apr 10 09:05:27 EDT 2019
