# Server version 0.08 running on 142.157.191.28:8123
# Game ID: 640
# Board class: pentago_swap.PentagoBoard
# Timeout: 2000
# First Move Timeout: 30000
# Date: Mon Apr 08 23:32:05 EDT 2019
# Player 1: Player-0, 'Human', running on 142.157.191.28
# Player 2: Player-1, '660726872', running on 142.157.191.28
START Player-0 Human
START Player-1 660726872
1 4 TL BL 0
1 1 TL TR 1
4 4 BL TR 0
1 4 TL TR 1
2 1 TR BR 0
1 5 BL BR 1
2 4 TR BL 0
0 0 TR BL 1
2 2 TR BR 0
2 0 BL BR 1
5 0 BL BR 0
3 5 TL BR 1
2 2 BR TR 0
3 3 TL BL 1
1 3 TR TL 0
5 5 TL BR 1
GAMEOVER WINNER 1
# Game ended: Mon Apr 08 23:32:39 EDT 2019
