# Server version 0.08 running on 142.157.21.24:8123
# Game ID: 1024
# Board class: pentago_swap.PentagoBoard
# Timeout: 2000
# First Move Timeout: 30000
# Date: Wed Apr 10 17:07:32 EDT 2019
# Player 1: Player-0, '560726872', running on 142.157.21.24
# Player 2: Player-1, '260759490', running on 132.216.233.139
START Player-0 560726872
START Player-1 260759490
1 1 TL TR 0
1 1 TL TR 1
4 1 TL TR 0
4 4 TL TR 1
2 3 BL BR 0
0 0 TL TR 1
3 2 TL BR 0
0 2 TL TR 1
2 1 TL TR 0
0 4 TL TR 1
2 4 TR BL 0
3 1 TL TR 1
4 5 TR BL 0
0 3 TL TR 1
3 2 TL TR 0
0 0 TL TR 1
0 4 TL TR 0
5 0 TL TR 1
1 2 TL TR 0
1 3 TL TR 1
4 2 TL TR 0
3 3 TL TR 1
4 0 TR BL 0
GAMEOVER DRAW
# Game ended: Wed Apr 10 17:07:40 EDT 2019
