# Server version 0.08 running on 142.157.21.24:8123
# Game ID: 1023
# Board class: pentago_swap.PentagoBoard
# Timeout: 2000
# First Move Timeout: 30000
# Date: Wed Apr 10 17:03:40 EDT 2019
# Player 1: Player-0, '260740719', running on 142.157.24.227
# Player 2: Player-1, '560726872', running on 142.157.21.24
START Player-0 260740719
START Player-1 560726872
1 1 TL TR 0
1 1 TL TR 1
4 1 TL TR 0
4 4 TL TR 1
3 0 BL BR 0
2 3 TR BR 1
0 2 TL BL 0
0 1 TL TR 1
2 4 TL TR 0
0 2 TL TR 1
0 1 TL TR 0
0 0 TL TR 1
3 3 TL TR 0
5 5 TL BR 1
5 5 TL BR 0
2 3 TL BL 1
3 4 TL BL 0
3 5 BL BR 1
5 1 BL BR 0
2 4 BL BR 1
0 5 BL BR 0
3 1 BL BR 1
4 5 BL BR 0
1 0 BL BR 1
1 3 BL BR 0
3 0 TR BL 1
GAMEOVER DRAW
# Game ended: Wed Apr 10 17:03:49 EDT 2019
