# Server version 0.08 running on 142.157.21.24:8123
# Game ID: 556
# Board class: pentago_swap.PentagoBoard
# Timeout: 2000
# First Move Timeout: 30000
# Date: Mon Apr 08 19:40:14 EDT 2019
# Player 1: Player-0, 'Human', running on 142.157.21.24
# Player 2: Player-1, 'yukiyuki', running on 142.157.21.24
START Player-0 Human
START Player-1 yukiyuki
1 1 TR BL 0
1 4 TL TR 1
4 4 BL TR 0
1 4 TL TR 1
1 2 BR TR 0
3 3 TL BR 1
2 2 TR BL 0
3 3 TL BR 1
2 2 TR BR 0
2 3 TL BL 1
3 2 TR BR 0
3 5 TL BL 1
3 2 TR BR 0
4 2 TR BR 1
2 3 TL BR 0
5 2 TR BR 1
0 1 TR BL 0
1 2 TL TR 1
4 0 BR TL 0
5 0 TR BL 1
GAMEOVER WINNER 1
# Game ended: Mon Apr 08 19:40:55 EDT 2019
