# Server version 0.08 running on 142.157.191.28:8123
# Game ID: 408
# Board class: pentago_swap.PentagoBoard
# Timeout: 2000
# First Move Timeout: 30000
# Date: Sun Apr 07 22:01:02 EDT 2019
# Player 1: Player-0, 'Human', running on 142.157.191.28
# Player 2: Player-1, '160726872', running on 142.157.191.28
START Player-0 Human
START Player-1 160726872
1 4 TR TL 0
0 0 TL TR 1
0 4 TL BR 0
0 1 TL TR 1
0 5 BL TL 0
0 1 TL BR 1
3 3 TR TL 0
2 1 BL BR 1
1 1 BL TL 0
0 2 TL BL 1
4 1 TR BL 0
2 4 TR BL 1
4 2 TR TL 0
0 1 TL TR 1
4 3 TR TL 0
5 3 TR BR 1
4 3 TL TR 0
1 4 TL BR 1
4 5 TR TL 0
GAMEOVER WINNER 0
# Game ended: Sun Apr 07 22:01:40 EDT 2019
