# Server version 0.08 running on 192.168.2.12:8123
# Game ID: 289
# Board class: pentago_swap.PentagoBoard
# Timeout: 2000
# First Move Timeout: 30000
# Date: Sun Apr 07 11:45:03 EDT 2019
# Player 1: Player-0, '260726872', running on 192.168.2.12
# Player 2: Player-1, 'Human', running on 192.168.2.12
START Player-0 260726872
START Player-1 Human
0 0 TL TR 0
4 4 TR BL 1
0 0 BL BR 0
1 4 BR BL 1
1 1 BL BR 0
2 2 TR BL 1
4 4 TL BR 0
2 2 TL BL 1
0 2 TL BL 0
3 1 TR BL 1
0 1 TL BR 0
5 4 BR TR 1
0 1 TR BL 0
2 1 TR BR 1
0 2 TR BL 0
GAMEOVER WINNER 0
# Game ended: Sun Apr 07 11:45:26 EDT 2019
