# Server version 0.08 running on 142.157.21.24:8123
# Game ID: 485
# Board class: pentago_swap.PentagoBoard
# Timeout: 2000
# First Move Timeout: 30000
# Date: Mon Apr 08 17:52:56 EDT 2019
# Player 1: Player-0, 'Human', running on 142.157.21.24
# Player 2: Player-1, '160726872', running on 142.157.21.24
START Player-0 Human
START Player-1 160726872
4 1 TL TR 0
0 0 TL TR 1
4 4 TL TR 0
0 1 TL TR 1
3 2 BR TR 0
0 4 TR BL 1
3 2 TR TL 0
3 5 BL BR 1
3 3 TL BR 0
5 0 TR BL 1
1 4 BR BL 0
1 3 BL BR 1
3 3 TR BR 0
1 5 BL BR 1
3 3 TR BR 0
5 3 TR BR 1
2 2 TR BR 0
GAMEOVER WINNER 0
# Game ended: Mon Apr 08 17:54:02 EDT 2019
