# Server version 0.08 running on 142.157.21.24:8123
# Game ID: 1012
# Board class: pentago_swap.PentagoBoard
# Timeout: 2000
# First Move Timeout: 30000
# Date: Wed Apr 10 16:34:03 EDT 2019
# Player 1: Player-0, '260716696', running on 142.157.24.227
# Player 2: Player-1, '560726872', running on 142.157.21.24
START Player-0 260716696
START Player-1 560726872
4 4 TL TR 0
1 1 TL TR 1
4 1 TL TR 0
1 4 TL TR 1
3 2 TR BR 0
2 3 TL BL 1
5 2 TR BR 0
0 4 TR BR 1
5 5 TL TR 0
5 1 TR BL 1
1 5 BL BR 0
0 0 TL TR 1
0 0 TL TR 0
0 1 TL TR 1
3 2 TL BL 0
1 2 TL BL 1
0 2 BL BR 0
0 1 TL TR 1
GAMEOVER WINNER 1
# Game ended: Wed Apr 10 16:34:18 EDT 2019
