# Server version 0.08 running on 142.157.191.28:8123
# Game ID: 614
# Board class: pentago_swap.PentagoBoard
# Timeout: 2000
# First Move Timeout: 30000
# Date: Mon Apr 08 22:38:46 EDT 2019
# Player 1: Player-0, '660726872', running on 142.157.191.28
# Player 2: Player-1, '560726872', running on 142.157.191.28
START Player-0 660726872
START Player-1 560726872
1 1 TL TR 0
1 1 TL TR 1
4 1 TL TR 0
4 4 TL TR 1
0 0 TL TR 0
0 0 TL TR 1
3 1 BL BR 0
3 0 TL TR 1
5 4 TL TR 0
0 1 TL BR 1
0 0 TL BR 0
3 2 TL TR 1
0 1 TL TR 0
1 3 BL BR 1
0 2 BL BR 0
5 2 TR BR 1
0 5 TR BR 0
2 1 TL BR 1
0 5 TL TR 0
GAMEOVER WINNER 0
# Game ended: Mon Apr 08 22:38:53 EDT 2019
