# Server version 0.08 running on 142.157.21.24:8123
# Game ID: 536
# Board class: pentago_swap.PentagoBoard
# Timeout: 2000
# First Move Timeout: 30000
# Date: Mon Apr 08 19:13:13 EDT 2019
# Player 1: Player-0, 'Human', running on 142.157.21.24
# Player 2: Player-1, '460726872', running on 142.157.21.24
START Player-0 Human
START Player-1 460726872
1 2 TR TL 0
0 0 TL BL 1
2 2 BR TL 0
1 3 TL BL 1
2 3 BL TR 0
1 0 BL BR 1
4 4 TR BL 0
2 0 TL BL 1
1 0 TR TL 0
1 0 TL TR 1
3 3 TL TR 0
0 0 TL BL 1
GAMEOVER WINNER 1
# Game ended: Mon Apr 08 19:13:24 EDT 2019
