# Server version 0.08 running on 142.157.21.24:8123
# Game ID: 348
# Board class: pentago_swap.PentagoBoard
# Timeout: 2000
# First Move Timeout: 30000
# Date: Sun Apr 07 19:00:16 EDT 2019
# Player 1: Player-0, 'Human', running on 142.157.21.24
# Player 2: Player-1, '160726872', running on 142.157.21.24
START Player-0 Human
START Player-1 160726872
2 3 TL BR 0
0 0 TL TR 1
1 4 TR BL 0
0 0 TL TR 1
1 1 TL BR 0
0 0 TL TR 1
1 4 TR TL 0
0 1 TL TR 1
0 5 TR TL 0
0 4 TL TR 1
0 2 TL TR 0
1 0 TR BR 1
2 0 TR BL 0
1 5 BL BR 1
2 4 TR TL 0
5 3 TR BR 1
0 1 TR BL 0
2 0 TL BR 1
2 2 BL BR 0
4 0 TL BL 1
GAMEOVER WINNER 1
# Game ended: Sun Apr 07 19:05:42 EDT 2019
