# Server version 0.08 running on 142.157.21.24:8123
# Game ID: 509
# Board class: pentago_swap.PentagoBoard
# Timeout: 2000
# First Move Timeout: 30000
# Date: Mon Apr 08 18:35:59 EDT 2019
# Player 1: Player-0, 'Human', running on 142.157.21.24
# Player 2: Player-1, '460726872', running on 142.157.21.24
START Player-0 Human
START Player-1 460726872
1 1 BR TR 0
0 0 TL TR 1
1 1 TR BL 0
0 1 TR BL 1
1 3 TL TR 0
0 2 TL TR 1
1 2 TR TL 0
0 1 TL BL 1
3 3 TR BR 0
0 0 TL BL 1
1 2 BR TR 0
3 5 BL BR 1
0 3 TR BL 0
0 4 TL TR 1
GAMEOVER WINNER 1
# Game ended: Mon Apr 08 18:36:26 EDT 2019
